<?xml version="1.0" encoding="utf-8"?>
<test-run id="2" testcasecount="444" result="Passed" total="444" passed="444" failed="0" inconclusive="0" skipped="0" asserts="0" engine-version="3.5.0.0" clr-version="4.0.30319.42000" start-time="2023-03-15 21:16:49Z" end-time="2023-03-15 21:16:51Z" duration="1.3464406">
  <test-suite type="TestSuite" id="1583" name="YashaGame" fullname="YashaGame" runstate="Runnable" testcasecount="444" result="Passed" start-time="2023-03-15 21:16:49Z" end-time="2023-03-15 21:16:51Z" duration="1.346441" total="444" passed="444" failed="0" inconclusive="0" skipped="0" asserts="0">
    <properties>
      <property name="platform" value="EditMode" />
    </properties>
    <test-suite type="Assembly" id="1617" name="EditModeTests.dll" fullname="/Users/thunderboltriver/YashaGame/Library/ScriptAssemblies/EditModeTests.dll" runstate="Runnable" testcasecount="26" result="Passed" start-time="2023-03-15 21:16:49Z" end-time="2023-03-15 21:16:50Z" duration="0.356807" total="26" passed="26" failed="0" inconclusive="0" skipped="0" asserts="0">
      <properties>
        <property name="_PID" value="62063" />
        <property name="_APPDOMAIN" value="Unity Child Domain" />
        <property name="platform" value="EditMode" />
      </properties>
      <test-suite type="TestSuite" id="1618" name="EditModeTests" fullname="EditModeTests" runstate="Runnable" testcasecount="26" result="Passed" start-time="2023-03-15 21:16:49Z" end-time="2023-03-15 21:16:50Z" duration="0.356593" total="26" passed="26" failed="0" inconclusive="0" skipped="0" asserts="0">
        <properties>
          <property name="platform" value="EditMode" />
        </properties>
        <test-suite type="TestFixture" id="1584" name="ItemInventryIntegrationTest" fullname="EditModeTests.ItemInventryIntegrationTest" classname="EditModeTests.ItemInventryIntegrationTest" runstate="Runnable" testcasecount="3" result="Passed" start-time="2023-03-15 21:16:49Z" end-time="2023-03-15 21:16:49Z" duration="0.048711" total="3" passed="3" failed="0" inconclusive="0" skipped="0" asserts="0">
          <properties>
            <property name="platform" value="EditMode" />
          </properties>
          <test-case id="1585" name="Searcher_SearchがTrueのときTakableStackMaskを超えてなければTaker_TryPushTakableがTrue" fullname="EditModeTests.ItemInventryIntegrationTest.Searcher_SearchがTrueのときTakableStackMaskを超えてなければTaker_TryPushTakableがTrue" methodname="Searcher_SearchがTrueのときTakableStackMaskを超えてなければTaker_TryPushTakableがTrue" classname="EditModeTests.ItemInventryIntegrationTest" runstate="Runnable" seed="462286368" result="Passed" start-time="2023-03-15 21:16:49Z" end-time="2023-03-15 21:16:49Z" duration="0.021824" asserts="0">
            <properties>
              <property name="platform" value="EditMode" />
            </properties>
          </test-case>
          <test-case id="1586" name="Searcher_SearchがTrueのときTakableStackMaskを超えるとTaker_TryPushTakableができない" fullname="EditModeTests.ItemInventryIntegrationTest.Searcher_SearchがTrueのときTakableStackMaskを超えるとTaker_TryPushTakableができない" methodname="Searcher_SearchがTrueのときTakableStackMaskを超えるとTaker_TryPushTakableができない" classname="EditModeTests.ItemInventryIntegrationTest" runstate="Runnable" seed="150122988" result="Passed" start-time="2023-03-15 21:16:49Z" end-time="2023-03-15 21:16:49Z" duration="0.009125" asserts="0">
            <properties>
              <property name="platform" value="EditMode" />
            </properties>
          </test-case>
          <test-case id="1587" name="Taker_TakeしたオブジェクトがIRegistableならRegister_TryRegistを行う" fullname="EditModeTests.ItemInventryIntegrationTest.Taker_TakeしたオブジェクトがIRegistableならRegister_TryRegistを行う" methodname="Taker_TakeしたオブジェクトがIRegistableならRegister_TryRegistを行う" classname="EditModeTests.ItemInventryIntegrationTest" runstate="Runnable" seed="513756540" result="Passed" start-time="2023-03-15 21:16:49Z" end-time="2023-03-15 21:16:49Z" duration="0.010928" asserts="0">
            <properties>
              <property name="platform" value="EditMode" />
            </properties>
          </test-case>
        </test-suite>
        <test-suite type="TestFixture" id="1588" name="RegisterUnitTest" fullname="EditModeTests.RegisterUnitTest" classname="EditModeTests.RegisterUnitTest" runstate="Runnable" testcasecount="6" result="Passed" start-time="2023-03-15 21:16:49Z" end-time="2023-03-15 21:16:49Z" duration="0.126083" total="6" passed="6" failed="0" inconclusive="0" skipped="0" asserts="0">
          <properties>
            <property name="platform" value="EditMode" />
          </properties>
          <test-case id="1594" name="Register_GetAllRegistered_すべての登録済みデータを取得する" fullname="EditModeTests.RegisterUnitTest.Register_GetAllRegistered_すべての登録済みデータを取得する" methodname="Register_GetAllRegistered_すべての登録済みデータを取得する" classname="EditModeTests.RegisterUnitTest" runstate="Runnable" seed="2053414917" result="Passed" start-time="2023-03-15 21:16:49Z" end-time="2023-03-15 21:16:49Z" duration="0.075946" asserts="0">
            <properties>
              <property name="platform" value="EditMode" />
            </properties>
          </test-case>
          <test-case id="1590" name="Register_TryRegist_IRegistableオブジェクトなら登録可能でそれ以外は不可" fullname="EditModeTests.RegisterUnitTest.Register_TryRegist_IRegistableオブジェクトなら登録可能でそれ以外は不可" methodname="Register_TryRegist_IRegistableオブジェクトなら登録可能でそれ以外は不可" classname="EditModeTests.RegisterUnitTest" runstate="Runnable" seed="1437643953" result="Passed" start-time="2023-03-15 21:16:49Z" end-time="2023-03-15 21:16:49Z" duration="0.009843" asserts="0">
            <properties>
              <property name="platform" value="EditMode" />
            </properties>
          </test-case>
          <test-case id="1591" name="Register_TryRegist_IRegistableのMaxRegistableを超えるときは同じIRegistableオブジェクトの登録はできない" fullname="EditModeTests.RegisterUnitTest.Register_TryRegist_IRegistableのMaxRegistableを超えるときは同じIRegistableオブジェクトの登録はできない" methodname="Register_TryRegist_IRegistableのMaxRegistableを超えるときは同じIRegistableオブジェクトの登録はできない" classname="EditModeTests.RegisterUnitTest" runstate="Runnable" seed="1935731790" result="Passed" start-time="2023-03-15 21:16:49Z" end-time="2023-03-15 21:16:49Z" duration="0.009138" asserts="0">
            <properties>
              <property name="platform" value="EditMode" />
            </properties>
          </test-case>
          <test-case id="1593" name="Register_TryRegist_RegistableMockの登録完了時にIRegistable_OnRegsitが呼ばれる" fullname="EditModeTests.RegisterUnitTest.Register_TryRegist_RegistableMockの登録完了時にIRegistable_OnRegsitが呼ばれる" methodname="Register_TryRegist_RegistableMockの登録完了時にIRegistable_OnRegsitが呼ばれる" classname="EditModeTests.RegisterUnitTest" runstate="Runnable" seed="295439474" result="Passed" start-time="2023-03-15 21:16:49Z" end-time="2023-03-15 21:16:49Z" duration="0.011092" asserts="0">
            <properties>
              <property name="platform" value="EditMode" />
            </properties>
          </test-case>
          <test-case id="1589" name="Register_TryRegist_RegistableMonoBehaviourMockをGameObjectから登録できる" fullname="EditModeTests.RegisterUnitTest.Register_TryRegist_RegistableMonoBehaviourMockをGameObjectから登録できる" methodname="Register_TryRegist_RegistableMonoBehaviourMockをGameObjectから登録できる" classname="EditModeTests.RegisterUnitTest" runstate="Runnable" seed="327475434" result="Passed" start-time="2023-03-15 21:16:49Z" end-time="2023-03-15 21:16:49Z" duration="0.009721" asserts="0">
            <properties>
              <property name="platform" value="EditMode" />
            </properties>
          </test-case>
          <test-case id="1592" name="Register_TryRegist_ただのGameObjectは登録できない" fullname="EditModeTests.RegisterUnitTest.Register_TryRegist_ただのGameObjectは登録できない" methodname="Register_TryRegist_ただのGameObjectは登録できない" classname="EditModeTests.RegisterUnitTest" runstate="Runnable" seed="1330487678" result="Passed" start-time="2023-03-15 21:16:49Z" end-time="2023-03-15 21:16:49Z" duration="0.008950" asserts="0">
            <properties>
              <property name="platform" value="EditMode" />
            </properties>
          </test-case>
        </test-suite>
        <test-suite type="TestFixture" id="1595" name="SearcherUnitTest" fullname="EditModeTests.SearcherUnitTest" classname="EditModeTests.SearcherUnitTest" runstate="Runnable" testcasecount="7" result="Passed" start-time="2023-03-15 21:16:49Z" end-time="2023-03-15 21:16:49Z" duration="0.079400" total="7" passed="7" failed="0" inconclusive="0" skipped="0" asserts="0">
          <properties>
            <property name="platform" value="EditMode" />
          </properties>
          <test-case id="1600" name="Searcher_Constracter_他のSearcherインスタンスから異なるインスタンスを作成する" fullname="EditModeTests.SearcherUnitTest.Searcher_Constracter_他のSearcherインスタンスから異なるインスタンスを作成する" methodname="Searcher_Constracter_他のSearcherインスタンスから異なるインスタンスを作成する" classname="EditModeTests.SearcherUnitTest" runstate="Runnable" seed="1392861523" result="Passed" start-time="2023-03-15 21:16:49Z" end-time="2023-03-15 21:16:49Z" duration="0.010723" asserts="0">
            <properties>
              <property name="platform" value="EditMode" />
            </properties>
          </test-case>
          <test-case id="1599" name="Searcher_Search_ISearchableがなければFalse" fullname="EditModeTests.SearcherUnitTest.Searcher_Search_ISearchableがなければFalse" methodname="Searcher_Search_ISearchableがなければFalse" classname="EditModeTests.SearcherUnitTest" runstate="Runnable" seed="1414178963" result="Passed" start-time="2023-03-15 21:16:49Z" end-time="2023-03-15 21:16:49Z" duration="0.017885" asserts="0">
            <properties>
              <property name="platform" value="EditMode" />
            </properties>
          </test-case>
          <test-case id="1597" name="Searcher_Search_ISearchableなGameObjectを発見したらTrue" fullname="EditModeTests.SearcherUnitTest.Searcher_Search_ISearchableなGameObjectを発見したらTrue" methodname="Searcher_Search_ISearchableなGameObjectを発見したらTrue" classname="EditModeTests.SearcherUnitTest" runstate="Runnable" seed="775846867" result="Passed" start-time="2023-03-15 21:16:49Z" end-time="2023-03-15 21:16:49Z" duration="0.009495" asserts="0">
            <properties>
              <property name="platform" value="EditMode" />
            </properties>
          </test-case>
          <test-case id="1598" name="Searcher_Search_ISearchableを発見するとOnSearchを実行する" fullname="EditModeTests.SearcherUnitTest.Searcher_Search_ISearchableを発見するとOnSearchを実行する" methodname="Searcher_Search_ISearchableを発見するとOnSearchを実行する" classname="EditModeTests.SearcherUnitTest" runstate="Runnable" seed="912084047" result="Passed" start-time="2023-03-15 21:16:49Z" end-time="2023-03-15 21:16:49Z" duration="0.009288" asserts="0">
            <properties>
              <property name="platform" value="EditMode" />
            </properties>
          </test-case>
          <test-case id="1596" name="Searcher_Search_検索方向が登録されたtransform_forwardと一致する" fullname="EditModeTests.SearcherUnitTest.Searcher_Search_検索方向が登録されたtransform_forwardと一致する" methodname="Searcher_Search_検索方向が登録されたtransform_forwardと一致する" classname="EditModeTests.SearcherUnitTest" runstate="Runnable" seed="676752153" result="Passed" start-time="2023-03-15 21:16:49Z" end-time="2023-03-15 21:16:49Z" duration="0.010066" asserts="0">
            <properties>
              <property name="platform" value="EditMode" />
            </properties>
          </test-case>
          <test-case id="1601" name="検証_参照型のgetは参照渡しになるか" fullname="EditModeTests.SearcherUnitTest.検証_参照型のgetは参照渡しになるか" methodname="検証_参照型のgetは参照渡しになるか" classname="EditModeTests.SearcherUnitTest" runstate="Runnable" seed="1081082292" result="Passed" start-time="2023-03-15 21:16:49Z" end-time="2023-03-15 21:16:49Z" duration="0.009392" asserts="0">
            <properties>
              <property name="platform" value="EditMode" />
            </properties>
          </test-case>
          <test-case id="1602" name="検証_参照型のgetを受け取ると外部から変更が可能になるか" fullname="EditModeTests.SearcherUnitTest.検証_参照型のgetを受け取ると外部から変更が可能になるか" methodname="検証_参照型のgetを受け取ると外部から変更が可能になるか" classname="EditModeTests.SearcherUnitTest" runstate="Runnable" seed="475827028" result="Passed" start-time="2023-03-15 21:16:49Z" end-time="2023-03-15 21:16:49Z" duration="0.009212" asserts="0">
            <properties>
              <property name="platform" value="EditMode" />
            </properties>
          </test-case>
        </test-suite>
        <test-suite type="TestFixture" id="1603" name="SearchSystemManagerUnitTest" fullname="EditModeTests.SearchSystemManagerUnitTest" classname="EditModeTests.SearchSystemManagerUnitTest" runstate="Runnable" testcasecount="4" result="Passed" start-time="2023-03-15 21:16:49Z" end-time="2023-03-15 21:16:50Z" duration="0.040787" total="4" passed="4" failed="0" inconclusive="0" skipped="0" asserts="0">
          <properties>
            <property name="platform" value="EditMode" />
          </properties>
          <test-case id="1604" name="ItemSearchSystemManager_SearchAndTryPushTakable_ISearchableかつITakableならTrue" fullname="EditModeTests.SearchSystemManagerUnitTest.ItemSearchSystemManager_SearchAndTryPushTakable_ISearchableかつITakableならTrue" methodname="ItemSearchSystemManager_SearchAndTryPushTakable_ISearchableかつITakableならTrue" classname="EditModeTests.SearchSystemManagerUnitTest" runstate="Runnable" seed="283189650" result="Passed" start-time="2023-03-15 21:16:49Z" end-time="2023-03-15 21:16:50Z" duration="0.009404" asserts="0">
            <properties>
              <property name="platform" value="EditMode" />
            </properties>
          </test-case>
          <test-case id="1606" name="ItemSearchSystemManager_SearchAndTryPushTakable_何も検索していないときはTaker_Takeができない" fullname="EditModeTests.SearchSystemManagerUnitTest.ItemSearchSystemManager_SearchAndTryPushTakable_何も検索していないときはTaker_Takeができない" methodname="ItemSearchSystemManager_SearchAndTryPushTakable_何も検索していないときはTaker_Takeができない" classname="EditModeTests.SearchSystemManagerUnitTest" runstate="Runnable" seed="425654504" result="Passed" start-time="2023-03-15 21:16:50Z" end-time="2023-03-15 21:16:50Z" duration="0.009393" asserts="0">
            <properties>
              <property name="platform" value="EditMode" />
            </properties>
          </test-case>
          <test-case id="1605" name="ItemSearchSystemManager_TakeAndTryRegist_ITakableがスタックにありさらにそれがIRegistalbeならTrue" fullname="EditModeTests.SearchSystemManagerUnitTest.ItemSearchSystemManager_TakeAndTryRegist_ITakableがスタックにありさらにそれがIRegistalbeならTrue" methodname="ItemSearchSystemManager_TakeAndTryRegist_ITakableがスタックにありさらにそれがIRegistalbeならTrue" classname="EditModeTests.SearchSystemManagerUnitTest" runstate="Runnable" seed="361124531" result="Passed" start-time="2023-03-15 21:16:50Z" end-time="2023-03-15 21:16:50Z" duration="0.009227" asserts="0">
            <properties>
              <property name="platform" value="EditMode" />
            </properties>
          </test-case>
          <test-case id="1607" name="ItemSearchSystemManager_WaitingTakablesChangedAsObservable_待機中のITakableのコレクションの増大が通知される" fullname="EditModeTests.SearchSystemManagerUnitTest.ItemSearchSystemManager_WaitingTakablesChangedAsObservable_待機中のITakableのコレクションの増大が通知される" methodname="ItemSearchSystemManager_WaitingTakablesChangedAsObservable_待機中のITakableのコレクションの増大が通知される" classname="EditModeTests.SearchSystemManagerUnitTest" runstate="Runnable" seed="1039857001" result="Passed" start-time="2023-03-15 21:16:50Z" end-time="2023-03-15 21:16:50Z" duration="0.011955" asserts="0">
            <properties>
              <property name="platform" value="EditMode" />
            </properties>
          </test-case>
        </test-suite>
        <test-suite type="TestFixture" id="1608" name="TakerUnitTest" fullname="EditModeTests.TakerUnitTest" classname="EditModeTests.TakerUnitTest" runstate="Runnable" testcasecount="6" result="Passed" start-time="2023-03-15 21:16:50Z" end-time="2023-03-15 21:16:50Z" duration="0.060726" total="6" passed="6" failed="0" inconclusive="0" skipped="0" asserts="0">
          <properties>
            <property name="platform" value="EditMode" />
          </properties>
          <test-case id="1615" name="Taker_ClearTakable_格納されたTakableをクリアできる" fullname="EditModeTests.TakerUnitTest.Taker_ClearTakable_格納されたTakableをクリアできる" methodname="Taker_ClearTakable_格納されたTakableをクリアできる" classname="EditModeTests.TakerUnitTest" runstate="Runnable" seed="669766181" result="Passed" start-time="2023-03-15 21:16:50Z" end-time="2023-03-15 21:16:50Z" duration="0.009890" asserts="0">
            <properties>
              <property name="platform" value="EditMode" />
            </properties>
          </test-case>
          <test-suite type="ParameterizedMethod" id="1614" name="Taker_TakableStackMask_負の値は取らないか" fullname="EditModeTests.TakerUnitTest.Taker_TakableStackMask_負の値は取らないか" classname="EditModeTests.TakerUnitTest" runstate="Runnable" testcasecount="1" result="Passed" start-time="2023-03-15 21:16:50Z" end-time="2023-03-15 21:16:50Z" duration="0.011205" total="1" passed="1" failed="0" inconclusive="0" skipped="0" asserts="0">
            <properties>
              <property name="platform" value="EditMode" />
            </properties>
            <test-case id="1613" name="Taker_TakableStackMask_負の値は取らないか(-1)" fullname="EditModeTests.TakerUnitTest.Taker_TakableStackMask_負の値は取らないか(-1)" methodname="Taker_TakableStackMask_負の値は取らないか" classname="EditModeTests.TakerUnitTest" runstate="Runnable" seed="97518099" result="Passed" start-time="2023-03-15 21:16:50Z" end-time="2023-03-15 21:16:50Z" duration="0.010838" asserts="0">
              <properties>
                <property name="platform" value="EditMode" />
              </properties>
            </test-case>
          </test-suite>
          <test-case id="1616" name="Taker_TakableStackの増加の通知を取得できる" fullname="EditModeTests.TakerUnitTest.Taker_TakableStackの増加の通知を取得できる" methodname="Taker_TakableStackの増加の通知を取得できる" classname="EditModeTests.TakerUnitTest" runstate="Runnable" seed="1381142255" result="Passed" start-time="2023-03-15 21:16:50Z" end-time="2023-03-15 21:16:50Z" duration="0.009199" asserts="0">
            <properties>
              <property name="platform" value="EditMode" />
            </properties>
          </test-case>
          <test-case id="1612" name="Taker_Take_実行後にITakableオブジェクトを所持していない" fullname="EditModeTests.TakerUnitTest.Taker_Take_実行後にITakableオブジェクトを所持していない" methodname="Taker_Take_実行後にITakableオブジェクトを所持していない" classname="EditModeTests.TakerUnitTest" runstate="Runnable" seed="1109146432" result="Passed" start-time="2023-03-15 21:16:50Z" end-time="2023-03-15 21:16:50Z" duration="0.009566" asserts="0">
            <properties>
              <property name="platform" value="EditMode" />
            </properties>
          </test-case>
          <test-case id="1611" name="Taker_Take_格納したITakableオブジェクトのOnTakenを実行している" fullname="EditModeTests.TakerUnitTest.Taker_Take_格納したITakableオブジェクトのOnTakenを実行している" methodname="Taker_Take_格納したITakableオブジェクトのOnTakenを実行している" classname="EditModeTests.TakerUnitTest" runstate="Runnable" seed="1699383210" result="Passed" start-time="2023-03-15 21:16:50Z" end-time="2023-03-15 21:16:50Z" duration="0.009588" asserts="0">
            <properties>
              <property name="platform" value="EditMode" />
            </properties>
          </test-case>
          <test-suite type="ParameterizedMethod" id="1610" name="Taker_TryPushTakable_TakableStackMask以内の個数のITakeableオブジェクトを格納できる" fullname="EditModeTests.TakerUnitTest.Taker_TryPushTakable_TakableStackMask以内の個数のITakeableオブジェクトを格納できる" classname="EditModeTests.TakerUnitTest" runstate="Runnable" testcasecount="1" result="Passed" start-time="2023-03-15 21:16:50Z" end-time="2023-03-15 21:16:50Z" duration="0.010435" total="1" passed="1" failed="0" inconclusive="0" skipped="0" asserts="0">
            <properties>
              <property name="platform" value="EditMode" />
            </properties>
            <test-case id="1609" name="Taker_TryPushTakable_TakableStackMask以内の個数のITakeableオブジェクトを格納できる(2)" fullname="EditModeTests.TakerUnitTest.Taker_TryPushTakable_TakableStackMask以内の個数のITakeableオブジェクトを格納できる(2)" methodname="Taker_TryPushTakable_TakableStackMask以内の個数のITakeableオブジェクトを格納できる" classname="EditModeTests.TakerUnitTest" runstate="Runnable" seed="734171391" result="Passed" start-time="2023-03-15 21:16:50Z" end-time="2023-03-15 21:16:50Z" duration="0.010040" asserts="0">
              <properties>
                <property name="platform" value="EditMode" />
              </properties>
            </test-case>
          </test-suite>
        </test-suite>
      </test-suite>
    </test-suite>
    <test-suite type="Assembly" id="2152" name="Zenject-UnitTests-Editor.dll" fullname="/Users/thunderboltriver/YashaGame/Library/ScriptAssemblies/Zenject-UnitTests-Editor.dll" runstate="Runnable" testcasecount="418" result="Passed" start-time="2023-03-15 21:16:50Z" end-time="2023-03-15 21:16:51Z" duration="0.982255" total="418" passed="418" failed="0" inconclusive="0" skipped="0" asserts="0">
      <properties>
        <property name="_PID" value="62063" />
        <property name="_APPDOMAIN" value="Unity Child Domain" />
        <property name="platform" value="EditMode" />
      </properties>
      <test-suite type="TestSuite" id="2153" name="Zenject" fullname="Zenject" runstate="Runnable" testcasecount="418" result="Passed" start-time="2023-03-15 21:16:50Z" end-time="2023-03-15 21:16:51Z" duration="0.982024" total="418" passed="418" failed="0" inconclusive="0" skipped="0" asserts="0">
        <properties>
          <property name="platform" value="EditMode" />
        </properties>
        <test-suite type="TestSuite" id="2154" name="Tests" fullname="Zenject.Tests" runstate="Runnable" testcasecount="418" result="Passed" start-time="2023-03-15 21:16:50Z" end-time="2023-03-15 21:16:51Z" duration="0.981908" total="418" passed="418" failed="0" inconclusive="0" skipped="0" asserts="0">
          <properties>
            <property name="platform" value="EditMode" />
          </properties>
          <test-suite type="TestSuite" id="2157" name="AbstractFactory" fullname="Zenject.Tests.AbstractFactory" runstate="Runnable" testcasecount="1" result="Passed" start-time="2023-03-15 21:16:50Z" end-time="2023-03-15 21:16:50Z" duration="0.021666" total="1" passed="1" failed="0" inconclusive="0" skipped="0" asserts="0">
            <properties>
              <property name="platform" value="EditMode" />
            </properties>
            <test-suite type="TestFixture" id="1765" name="TestFactory" fullname="Zenject.Tests.AbstractFactory.TestFactory" classname="Zenject.Tests.AbstractFactory.TestFactory" runstate="Runnable" testcasecount="1" result="Passed" start-time="2023-03-15 21:16:50Z" end-time="2023-03-15 21:16:50Z" duration="0.021566" total="1" passed="1" failed="0" inconclusive="0" skipped="0" asserts="0">
              <properties>
                <property name="platform" value="EditMode" />
              </properties>
              <test-case id="1766" name="TestToSelf" fullname="Zenject.Tests.AbstractFactory.TestFactory.TestToSelf" methodname="TestToSelf" classname="Zenject.Tests.AbstractFactory.TestFactory" runstate="Runnable" seed="880853219" result="Passed" start-time="2023-03-15 21:16:50Z" end-time="2023-03-15 21:16:50Z" duration="0.021195" asserts="0">
                <properties>
                  <property name="platform" value="EditMode" />
                </properties>
              </test-case>
            </test-suite>
          </test-suite>
          <test-suite type="TestSuite" id="2164" name="BindFeatures" fullname="Zenject.Tests.BindFeatures" runstate="Runnable" testcasecount="17" result="Passed" start-time="2023-03-15 21:16:50Z" end-time="2023-03-15 21:16:50Z" duration="0.014743" total="17" passed="17" failed="0" inconclusive="0" skipped="0" asserts="0">
            <properties>
              <property name="platform" value="EditMode" />
            </properties>
            <test-suite type="TestFixture" id="2060" name="TestConcreteIdentifier" fullname="Zenject.Tests.BindFeatures.TestConcreteIdentifier" classname="Zenject.Tests.BindFeatures.TestConcreteIdentifier" runstate="Runnable" testcasecount="1" result="Passed" start-time="2023-03-15 21:16:50Z" end-time="2023-03-15 21:16:50Z" duration="0.004312" total="1" passed="1" failed="0" inconclusive="0" skipped="0" asserts="0">
              <properties>
                <property name="platform" value="EditMode" />
              </properties>
              <test-case id="2061" name="Test1" fullname="Zenject.Tests.BindFeatures.TestConcreteIdentifier.Test1" methodname="Test1" classname="Zenject.Tests.BindFeatures.TestConcreteIdentifier" runstate="Runnable" seed="1496687971" result="Passed" start-time="2023-03-15 21:16:50Z" end-time="2023-03-15 21:16:50Z" duration="0.004066" asserts="0">
                <properties>
                  <property name="platform" value="EditMode" />
                </properties>
              </test-case>
            </test-suite>
            <test-suite type="TestFixture" id="2062" name="TestIfNotBound" fullname="Zenject.Tests.BindFeatures.TestIfNotBound" classname="Zenject.Tests.BindFeatures.TestIfNotBound" runstate="Runnable" testcasecount="2" result="Passed" start-time="2023-03-15 21:16:50Z" end-time="2023-03-15 21:16:50Z" duration="0.001216" total="2" passed="2" failed="0" inconclusive="0" skipped="0" asserts="0">
              <properties>
                <property name="platform" value="EditMode" />
              </properties>
              <test-case id="2063" name="Test1" fullname="Zenject.Tests.BindFeatures.TestIfNotBound.Test1" methodname="Test1" classname="Zenject.Tests.BindFeatures.TestIfNotBound" runstate="Runnable" seed="1728494238" result="Passed" start-time="2023-03-15 21:16:50Z" end-time="2023-03-15 21:16:50Z" duration="0.000453" asserts="0">
                <properties>
                  <property name="platform" value="EditMode" />
                </properties>
              </test-case>
              <test-case id="2064" name="Test2" fullname="Zenject.Tests.BindFeatures.TestIfNotBound.Test2" methodname="Test2" classname="Zenject.Tests.BindFeatures.TestIfNotBound" runstate="Runnable" seed="2062740700" result="Passed" start-time="2023-03-15 21:16:50Z" end-time="2023-03-15 21:16:50Z" duration="0.000430" asserts="0">
                <properties>
                  <property name="platform" value="EditMode" />
                </properties>
              </test-case>
            </test-suite>
            <test-suite type="TestFixture" id="2065" name="TestMultipleContractTypes" fullname="Zenject.Tests.BindFeatures.TestMultipleContractTypes" classname="Zenject.Tests.BindFeatures.TestMultipleContractTypes" runstate="Runnable" testcasecount="2" result="Passed" start-time="2023-03-15 21:16:50Z" end-time="2023-03-15 21:16:50Z" duration="0.001791" total="2" passed="2" failed="0" inconclusive="0" skipped="0" asserts="0">
              <properties>
                <property name="platform" value="EditMode" />
              </properties>
              <test-case id="2066" name="TestMultiBind1" fullname="Zenject.Tests.BindFeatures.TestMultipleContractTypes.TestMultiBind1" methodname="TestMultiBind1" classname="Zenject.Tests.BindFeatures.TestMultipleContractTypes" runstate="Runnable" seed="2090905370" result="Passed" start-time="2023-03-15 21:16:50Z" end-time="2023-03-15 21:16:50Z" duration="0.000673" asserts="0">
                <properties>
                  <property name="platform" value="EditMode" />
                </properties>
              </test-case>
              <test-case id="2067" name="TestMultiBindListInjection" fullname="Zenject.Tests.BindFeatures.TestMultipleContractTypes.TestMultiBindListInjection" methodname="TestMultiBindListInjection" classname="Zenject.Tests.BindFeatures.TestMultipleContractTypes" runstate="Runnable" seed="425432664" result="Passed" start-time="2023-03-15 21:16:50Z" end-time="2023-03-15 21:16:50Z" duration="0.000810" asserts="0">
                <properties>
                  <property name="platform" value="EditMode" />
                </properties>
              </test-case>
            </test-suite>
            <test-suite type="TestFixture" id="2068" name="TestMultipleContractTypes2" fullname="Zenject.Tests.BindFeatures.TestMultipleContractTypes2" classname="Zenject.Tests.BindFeatures.TestMultipleContractTypes2" runstate="Runnable" testcasecount="6" result="Passed" start-time="2023-03-15 21:16:50Z" end-time="2023-03-15 21:16:50Z" duration="0.002492" total="6" passed="6" failed="0" inconclusive="0" skipped="0" asserts="0">
              <properties>
                <property name="platform" value="EditMode" />
              </properties>
              <test-case id="2069" name="Test1" fullname="Zenject.Tests.BindFeatures.TestMultipleContractTypes2.Test1" methodname="Test1" classname="Zenject.Tests.BindFeatures.TestMultipleContractTypes2" runstate="Runnable" seed="171662266" result="Passed" start-time="2023-03-15 21:16:50Z" end-time="2023-03-15 21:16:50Z" duration="0.000265" asserts="0">
                <properties>
                  <property name="platform" value="EditMode" />
                </properties>
              </test-case>
              <test-case id="2072" name="TestAllInterfaces" fullname="Zenject.Tests.BindFeatures.TestMultipleContractTypes2.TestAllInterfaces" methodname="TestAllInterfaces" classname="Zenject.Tests.BindFeatures.TestMultipleContractTypes2" runstate="Runnable" seed="1151504904" result="Passed" start-time="2023-03-15 21:16:50Z" end-time="2023-03-15 21:16:50Z" duration="0.000628" asserts="0">
                <properties>
                  <property name="platform" value="EditMode" />
                </properties>
              </test-case>
              <test-case id="2073" name="TestAllInterfacesAndSelf" fullname="Zenject.Tests.BindFeatures.TestMultipleContractTypes2.TestAllInterfacesAndSelf" methodname="TestAllInterfacesAndSelf" classname="Zenject.Tests.BindFeatures.TestMultipleContractTypes2" runstate="Runnable" seed="1192664251" result="Passed" start-time="2023-03-15 21:16:50Z" end-time="2023-03-15 21:16:50Z" duration="0.000288" asserts="0">
                <properties>
                  <property name="platform" value="EditMode" />
                </properties>
              </test-case>
              <test-case id="2074" name="TestAllInterfacesAndSelfMistake" fullname="Zenject.Tests.BindFeatures.TestMultipleContractTypes2.TestAllInterfacesAndSelfMistake" methodname="TestAllInterfacesAndSelfMistake" classname="Zenject.Tests.BindFeatures.TestMultipleContractTypes2" runstate="Runnable" seed="1656108514" result="Passed" start-time="2023-03-15 21:16:50Z" end-time="2023-03-15 21:16:50Z" duration="0.000355" asserts="0">
                <properties>
                  <property name="platform" value="EditMode" />
                </properties>
              </test-case>
              <test-case id="2071" name="TestAllInterfacesMistake" fullname="Zenject.Tests.BindFeatures.TestMultipleContractTypes2.TestAllInterfacesMistake" methodname="TestAllInterfacesMistake" classname="Zenject.Tests.BindFeatures.TestMultipleContractTypes2" runstate="Runnable" seed="1708574042" result="Passed" start-time="2023-03-15 21:16:50Z" end-time="2023-03-15 21:16:50Z" duration="0.000175" asserts="0">
                <properties>
                  <property name="platform" value="EditMode" />
                </properties>
              </test-case>
              <test-case id="2070" name="TestInterfaces" fullname="Zenject.Tests.BindFeatures.TestMultipleContractTypes2.TestInterfaces" methodname="TestInterfaces" classname="Zenject.Tests.BindFeatures.TestMultipleContractTypes2" runstate="Runnable" seed="771677980" result="Passed" start-time="2023-03-15 21:16:50Z" end-time="2023-03-15 21:16:50Z" duration="0.000192" asserts="0">
                <properties>
                  <property name="platform" value="EditMode" />
                </properties>
              </test-case>
            </test-suite>
            <test-suite type="TestFixture" id="2075" name="TestMultipleContractTypes3" fullname="Zenject.Tests.BindFeatures.TestMultipleContractTypes3" classname="Zenject.Tests.BindFeatures.TestMultipleContractTypes3" runstate="Runnable" testcasecount="1" result="Passed" start-time="2023-03-15 21:16:50Z" end-time="2023-03-15 21:16:50Z" duration="0.001213" total="1" passed="1" failed="0" inconclusive="0" skipped="0" asserts="0">
              <properties>
                <property name="platform" value="EditMode" />
              </properties>
              <test-case id="2076" name="TestMultiBind2" fullname="Zenject.Tests.BindFeatures.TestMultipleContractTypes3.TestMultiBind2" methodname="TestMultiBind2" classname="Zenject.Tests.BindFeatures.TestMultipleContractTypes3" runstate="Runnable" seed="366320146" result="Passed" start-time="2023-03-15 21:16:50Z" end-time="2023-03-15 21:16:50Z" duration="0.000953" asserts="0">
                <properties>
                  <property name="platform" value="EditMode" />
                </properties>
              </test-case>
            </test-suite>
            <test-suite type="TestFixture" id="2077" name="TestRebind" fullname="Zenject.Tests.BindFeatures.TestRebind" classname="Zenject.Tests.BindFeatures.TestRebind" runstate="Runnable" testcasecount="1" result="Passed" start-time="2023-03-15 21:16:50Z" end-time="2023-03-15 21:16:50Z" duration="0.000858" total="1" passed="1" failed="0" inconclusive="0" skipped="0" asserts="0">
              <properties>
                <property name="platform" value="EditMode" />
              </properties>
              <test-case id="2078" name="Run" fullname="Zenject.Tests.BindFeatures.TestRebind.Run" methodname="Run" classname="Zenject.Tests.BindFeatures.TestRebind" runstate="Runnable" seed="2044750416" result="Passed" start-time="2023-03-15 21:16:50Z" end-time="2023-03-15 21:16:50Z" duration="0.000621" asserts="0">
                <properties>
                  <property name="platform" value="EditMode" />
                </properties>
              </test-case>
            </test-suite>
            <test-suite type="TestFixture" id="2079" name="TestUnbind" fullname="Zenject.Tests.BindFeatures.TestUnbind" classname="Zenject.Tests.BindFeatures.TestUnbind" runstate="Runnable" testcasecount="2" result="Passed" start-time="2023-03-15 21:16:50Z" end-time="2023-03-15 21:16:50Z" duration="0.001187" total="2" passed="2" failed="0" inconclusive="0" skipped="0" asserts="0">
              <properties>
                <property name="platform" value="EditMode" />
              </properties>
              <test-case id="2080" name="Run" fullname="Zenject.Tests.BindFeatures.TestUnbind.Run" methodname="Run" classname="Zenject.Tests.BindFeatures.TestUnbind" runstate="Runnable" seed="525601593" result="Passed" start-time="2023-03-15 21:16:50Z" end-time="2023-03-15 21:16:50Z" duration="0.000254" asserts="0">
                <properties>
                  <property name="platform" value="EditMode" />
                </properties>
              </test-case>
              <test-case id="2081" name="TestUnbindInterfaces" fullname="Zenject.Tests.BindFeatures.TestUnbind.TestUnbindInterfaces" methodname="TestUnbindInterfaces" classname="Zenject.Tests.BindFeatures.TestUnbind" runstate="Runnable" seed="355562039" result="Passed" start-time="2023-03-15 21:16:50Z" end-time="2023-03-15 21:16:50Z" duration="0.000628" asserts="0">
                <properties>
                  <property name="platform" value="EditMode" />
                </properties>
              </test-case>
            </test-suite>
            <test-suite type="TestFixture" id="2082" name="TestWithArguments" fullname="Zenject.Tests.BindFeatures.TestWithArguments" classname="Zenject.Tests.BindFeatures.TestWithArguments" runstate="Runnable" testcasecount="2" result="Passed" start-time="2023-03-15 21:16:50Z" end-time="2023-03-15 21:16:50Z" duration="0.001123" total="2" passed="2" failed="0" inconclusive="0" skipped="0" asserts="0">
              <properties>
                <property name="platform" value="EditMode" />
              </properties>
              <test-case id="2083" name="Test1" fullname="Zenject.Tests.BindFeatures.TestWithArguments.Test1" methodname="Test1" classname="Zenject.Tests.BindFeatures.TestWithArguments" runstate="Runnable" seed="1750353813" result="Passed" start-time="2023-03-15 21:16:50Z" end-time="2023-03-15 21:16:50Z" duration="0.000544" asserts="0">
                <properties>
                  <property name="platform" value="EditMode" />
                </properties>
              </test-case>
              <test-case id="2084" name="TestNullValues" fullname="Zenject.Tests.BindFeatures.TestWithArguments.TestNullValues" methodname="TestNullValues" classname="Zenject.Tests.BindFeatures.TestWithArguments" runstate="Runnable" seed="821127232" result="Passed" start-time="2023-03-15 21:16:50Z" end-time="2023-03-15 21:16:50Z" duration="0.000277" asserts="0">
                <properties>
                  <property name="platform" value="EditMode" />
                </properties>
              </test-case>
            </test-suite>
          </test-suite>
          <test-suite type="TestSuite" id="2162" name="Bindings" fullname="Zenject.Tests.Bindings" runstate="Runnable" testcasecount="193" result="Passed" start-time="2023-03-15 21:16:50Z" end-time="2023-03-15 21:16:50Z" duration="0.130139" total="193" passed="193" failed="0" inconclusive="0" skipped="0" asserts="0">
            <properties>
              <property name="platform" value="EditMode" />
            </properties>
            <test-suite type="TestSuite" id="2163" name="Singletons" fullname="Zenject.Tests.Bindings.Singletons" runstate="Runnable" testcasecount="11" result="Passed" start-time="2023-03-15 21:16:50Z" end-time="2023-03-15 21:16:50Z" duration="0.006252" total="11" passed="11" failed="0" inconclusive="0" skipped="0" asserts="0">
              <properties>
                <property name="platform" value="EditMode" />
              </properties>
              <test-suite type="TestFixture" id="2047" name="TestAsSingle" fullname="Zenject.Tests.Bindings.Singletons.TestAsSingle" classname="Zenject.Tests.Bindings.Singletons.TestAsSingle" runstate="Runnable" testcasecount="7" result="Passed" start-time="2023-03-15 21:16:50Z" end-time="2023-03-15 21:16:50Z" duration="0.004250" total="7" passed="7" failed="0" inconclusive="0" skipped="0" asserts="0">
                <properties>
                  <property name="platform" value="EditMode" />
                </properties>
                <test-case id="2050" name="TestAsSingleAndResolveNoThrow" fullname="Zenject.Tests.Bindings.Singletons.TestAsSingle.TestAsSingleAndResolveNoThrow" methodname="TestAsSingleAndResolveNoThrow" classname="Zenject.Tests.Bindings.Singletons.TestAsSingle" runstate="Runnable" seed="1540382566" result="Passed" start-time="2023-03-15 21:16:50Z" end-time="2023-03-15 21:16:50Z" duration="0.000707" asserts="0">
                  <properties>
                    <property name="platform" value="EditMode" />
                  </properties>
                </test-case>
                <test-case id="2049" name="TestAsSingleAndTransientThrows" fullname="Zenject.Tests.Bindings.Singletons.TestAsSingle.TestAsSingleAndTransientThrows" methodname="TestAsSingleAndTransientThrows" classname="Zenject.Tests.Bindings.Singletons.TestAsSingle" runstate="Runnable" seed="804481306" result="Passed" start-time="2023-03-15 21:16:50Z" end-time="2023-03-15 21:16:50Z" duration="0.000202" asserts="0">
                  <properties>
                    <property name="platform" value="EditMode" />
                  </properties>
                </test-case>
                <test-case id="2048" name="TestAsSingleThrows" fullname="Zenject.Tests.Bindings.Singletons.TestAsSingle.TestAsSingleThrows" methodname="TestAsSingleThrows" classname="Zenject.Tests.Bindings.Singletons.TestAsSingle" runstate="Runnable" seed="1729285207" result="Passed" start-time="2023-03-15 21:16:50Z" end-time="2023-03-15 21:16:50Z" duration="0.000178" asserts="0">
                  <properties>
                    <property name="platform" value="EditMode" />
                  </properties>
                </test-case>
                <test-case id="2054" name="TestToSingleFactory" fullname="Zenject.Tests.Bindings.Singletons.TestAsSingle.TestToSingleFactory" methodname="TestToSingleFactory" classname="Zenject.Tests.Bindings.Singletons.TestAsSingle" runstate="Runnable" seed="1231260802" result="Passed" start-time="2023-03-15 21:16:50Z" end-time="2023-03-15 21:16:50Z" duration="0.001394" asserts="0">
                  <properties>
                    <property name="platform" value="EditMode" />
                  </properties>
                </test-case>
                <test-case id="2053" name="TestToSingleInstance" fullname="Zenject.Tests.Bindings.Singletons.TestAsSingle.TestToSingleInstance" methodname="TestToSingleInstance" classname="Zenject.Tests.Bindings.Singletons.TestAsSingle" runstate="Runnable" seed="1018760278" result="Passed" start-time="2023-03-15 21:16:50Z" end-time="2023-03-15 21:16:50Z" duration="0.000385" asserts="0">
                  <properties>
                    <property name="platform" value="EditMode" />
                  </properties>
                </test-case>
                <test-case id="2052" name="TestToSingleMethod" fullname="Zenject.Tests.Bindings.Singletons.TestAsSingle.TestToSingleMethod" methodname="TestToSingleMethod" classname="Zenject.Tests.Bindings.Singletons.TestAsSingle" runstate="Runnable" seed="1231804880" result="Passed" start-time="2023-03-15 21:16:50Z" end-time="2023-03-15 21:16:50Z" duration="0.000356" asserts="0">
                  <properties>
                    <property name="platform" value="EditMode" />
                  </properties>
                </test-case>
                <test-case id="2051" name="TestToSingleMethod1" fullname="Zenject.Tests.Bindings.Singletons.TestAsSingle.TestToSingleMethod1" methodname="TestToSingleMethod1" classname="Zenject.Tests.Bindings.Singletons.TestAsSingle" runstate="Runnable" seed="1269318118" result="Passed" start-time="2023-03-15 21:16:50Z" end-time="2023-03-15 21:16:50Z" duration="0.000346" asserts="0">
                  <properties>
                    <property name="platform" value="EditMode" />
                  </properties>
                </test-case>
              </test-suite>
              <test-suite type="TestFixture" id="2055" name="TestLazy" fullname="Zenject.Tests.Bindings.Singletons.TestLazy" classname="Zenject.Tests.Bindings.Singletons.TestLazy" runstate="Runnable" testcasecount="4" result="Passed" start-time="2023-03-15 21:16:50Z" end-time="2023-03-15 21:16:50Z" duration="0.001846" total="4" passed="4" failed="0" inconclusive="0" skipped="0" asserts="0">
                <properties>
                  <property name="platform" value="EditMode" />
                </properties>
                <test-case id="2056" name="Test1" fullname="Zenject.Tests.Bindings.Singletons.TestLazy.Test1" methodname="Test1" classname="Zenject.Tests.Bindings.Singletons.TestLazy" runstate="Runnable" seed="1888266353" result="Passed" start-time="2023-03-15 21:16:50Z" end-time="2023-03-15 21:16:50Z" duration="0.000682" asserts="0">
                  <properties>
                    <property name="platform" value="EditMode" />
                  </properties>
                </test-case>
                <test-case id="2057" name="TestOptional1" fullname="Zenject.Tests.Bindings.Singletons.TestLazy.TestOptional1" methodname="TestOptional1" classname="Zenject.Tests.Bindings.Singletons.TestLazy" runstate="Runnable" seed="1416462660" result="Passed" start-time="2023-03-15 21:16:50Z" end-time="2023-03-15 21:16:50Z" duration="0.000304" asserts="0">
                  <properties>
                    <property name="platform" value="EditMode" />
                  </properties>
                </test-case>
                <test-case id="2058" name="TestOptional2" fullname="Zenject.Tests.Bindings.Singletons.TestLazy.TestOptional2" methodname="TestOptional2" classname="Zenject.Tests.Bindings.Singletons.TestLazy" runstate="Runnable" seed="1501801732" result="Passed" start-time="2023-03-15 21:16:50Z" end-time="2023-03-15 21:16:50Z" duration="0.000151" asserts="0">
                  <properties>
                    <property name="platform" value="EditMode" />
                  </properties>
                </test-case>
                <test-case id="2059" name="TestOptional3" fullname="Zenject.Tests.Bindings.Singletons.TestLazy.TestOptional3" methodname="TestOptional3" classname="Zenject.Tests.Bindings.Singletons.TestLazy" runstate="Runnable" seed="356525576" result="Passed" start-time="2023-03-15 21:16:50Z" end-time="2023-03-15 21:16:50Z" duration="0.000270" asserts="0">
                  <properties>
                    <property name="platform" value="EditMode" />
                  </properties>
                </test-case>
              </test-suite>
            </test-suite>
            <test-suite type="TestFixture" id="1965" name="TestFactoryFrom0" fullname="Zenject.Tests.Bindings.TestFactoryFrom0" classname="Zenject.Tests.Bindings.TestFactoryFrom0" runstate="Runnable" testcasecount="7" result="Passed" start-time="2023-03-15 21:16:50Z" end-time="2023-03-15 21:16:50Z" duration="0.002513" total="7" passed="7" failed="0" inconclusive="0" skipped="0" asserts="0">
              <properties>
                <property name="platform" value="EditMode" />
              </properties>
              <test-case id="1971" name="TestConcrete" fullname="Zenject.Tests.Bindings.TestFactoryFrom0.TestConcrete" methodname="TestConcrete" classname="Zenject.Tests.Bindings.TestFactoryFrom0" runstate="Runnable" seed="1225760417" result="Passed" start-time="2023-03-15 21:16:50Z" end-time="2023-03-15 21:16:50Z" duration="0.000518" asserts="0">
                <properties>
                  <property name="platform" value="EditMode" />
                </properties>
              </test-case>
              <test-case id="1972" name="TestConcreteUntyped" fullname="Zenject.Tests.Bindings.TestFactoryFrom0.TestConcreteUntyped" methodname="TestConcreteUntyped" classname="Zenject.Tests.Bindings.TestFactoryFrom0" runstate="Runnable" seed="1668701617" result="Passed" start-time="2023-03-15 21:16:50Z" end-time="2023-03-15 21:16:50Z" duration="0.000293" asserts="0">
                <properties>
                  <property name="platform" value="EditMode" />
                </properties>
              </test-case>
              <test-case id="1969" name="TestFactoryScopeDefault" fullname="Zenject.Tests.Bindings.TestFactoryFrom0.TestFactoryScopeDefault" methodname="TestFactoryScopeDefault" classname="Zenject.Tests.Bindings.TestFactoryFrom0" runstate="Runnable" seed="1761044238" result="Passed" start-time="2023-03-15 21:16:50Z" end-time="2023-03-15 21:16:50Z" duration="0.000305" asserts="0">
                <properties>
                  <property name="platform" value="EditMode" />
                </properties>
              </test-case>
              <test-case id="1970" name="TestFactoryScopeTransient" fullname="Zenject.Tests.Bindings.TestFactoryFrom0.TestFactoryScopeTransient" methodname="TestFactoryScopeTransient" classname="Zenject.Tests.Bindings.TestFactoryFrom0" runstate="Runnable" seed="1867109277" result="Passed" start-time="2023-03-15 21:16:50Z" end-time="2023-03-15 21:16:50Z" duration="0.000226" asserts="0">
                <properties>
                  <property name="platform" value="EditMode" />
                </properties>
              </test-case>
              <test-case id="1966" name="TestSelf1" fullname="Zenject.Tests.Bindings.TestFactoryFrom0.TestSelf1" methodname="TestSelf1" classname="Zenject.Tests.Bindings.TestFactoryFrom0" runstate="Runnable" seed="1517805743" result="Passed" start-time="2023-03-15 21:16:50Z" end-time="2023-03-15 21:16:50Z" duration="0.000167" asserts="0">
                <properties>
                  <property name="platform" value="EditMode" />
                </properties>
              </test-case>
              <test-case id="1967" name="TestSelf2" fullname="Zenject.Tests.Bindings.TestFactoryFrom0.TestSelf2" methodname="TestSelf2" classname="Zenject.Tests.Bindings.TestFactoryFrom0" runstate="Runnable" seed="1962542338" result="Passed" start-time="2023-03-15 21:16:50Z" end-time="2023-03-15 21:16:50Z" duration="0.000153" asserts="0">
                <properties>
                  <property name="platform" value="EditMode" />
                </properties>
              </test-case>
              <test-case id="1968" name="TestSelf3" fullname="Zenject.Tests.Bindings.TestFactoryFrom0.TestSelf3" methodname="TestSelf3" classname="Zenject.Tests.Bindings.TestFactoryFrom0" runstate="Runnable" seed="1808224569" result="Passed" start-time="2023-03-15 21:16:50Z" end-time="2023-03-15 21:16:50Z" duration="0.000230" asserts="0">
                <properties>
                  <property name="platform" value="EditMode" />
                </properties>
              </test-case>
            </test-suite>
            <test-suite type="TestFixture" id="1973" name="TestFactoryFrom1" fullname="Zenject.Tests.Bindings.TestFactoryFrom1" classname="Zenject.Tests.Bindings.TestFactoryFrom1" runstate="Runnable" testcasecount="2" result="Passed" start-time="2023-03-15 21:16:50Z" end-time="2023-03-15 21:16:50Z" duration="0.001544" total="2" passed="2" failed="0" inconclusive="0" skipped="0" asserts="0">
              <properties>
                <property name="platform" value="EditMode" />
              </properties>
              <test-case id="1975" name="TestConcrete" fullname="Zenject.Tests.Bindings.TestFactoryFrom1.TestConcrete" methodname="TestConcrete" classname="Zenject.Tests.Bindings.TestFactoryFrom1" runstate="Runnable" seed="1998396659" result="Passed" start-time="2023-03-15 21:16:50Z" end-time="2023-03-15 21:16:50Z" duration="0.000915" asserts="0">
                <properties>
                  <property name="platform" value="EditMode" />
                </properties>
              </test-case>
              <test-case id="1974" name="TestSelf" fullname="Zenject.Tests.Bindings.TestFactoryFrom1.TestSelf" methodname="TestSelf" classname="Zenject.Tests.Bindings.TestFactoryFrom1" runstate="Runnable" seed="429941879" result="Passed" start-time="2023-03-15 21:16:50Z" end-time="2023-03-15 21:16:50Z" duration="0.000316" asserts="0">
                <properties>
                  <property name="platform" value="EditMode" />
                </properties>
              </test-case>
            </test-suite>
            <test-suite type="TestFixture" id="1976" name="TestFactoryFrom5" fullname="Zenject.Tests.Bindings.TestFactoryFrom5" classname="Zenject.Tests.Bindings.TestFactoryFrom5" runstate="Runnable" testcasecount="3" result="Passed" start-time="2023-03-15 21:16:50Z" end-time="2023-03-15 21:16:50Z" duration="0.002349" total="3" passed="3" failed="0" inconclusive="0" skipped="0" asserts="0">
              <properties>
                <property name="platform" value="EditMode" />
              </properties>
              <test-case id="1979" name="TestConcrete" fullname="Zenject.Tests.Bindings.TestFactoryFrom5.TestConcrete" methodname="TestConcrete" classname="Zenject.Tests.Bindings.TestFactoryFrom5" runstate="Runnable" seed="513792779" result="Passed" start-time="2023-03-15 21:16:50Z" end-time="2023-03-15 21:16:50Z" duration="0.001161" asserts="0">
                <properties>
                  <property name="platform" value="EditMode" />
                </properties>
              </test-case>
              <test-case id="1977" name="TestSelf1" fullname="Zenject.Tests.Bindings.TestFactoryFrom5.TestSelf1" methodname="TestSelf1" classname="Zenject.Tests.Bindings.TestFactoryFrom5" runstate="Runnable" seed="1103540669" result="Passed" start-time="2023-03-15 21:16:50Z" end-time="2023-03-15 21:16:50Z" duration="0.000622" asserts="0">
                <properties>
                  <property name="platform" value="EditMode" />
                </properties>
              </test-case>
              <test-case id="1978" name="TestSelf2" fullname="Zenject.Tests.Bindings.TestFactoryFrom5.TestSelf2" methodname="TestSelf2" classname="Zenject.Tests.Bindings.TestFactoryFrom5" runstate="Runnable" seed="658661110" result="Passed" start-time="2023-03-15 21:16:50Z" end-time="2023-03-15 21:16:50Z" duration="0.000190" asserts="0">
                <properties>
                  <property name="platform" value="EditMode" />
                </properties>
              </test-case>
            </test-suite>
            <test-suite type="TestFixture" id="1980" name="TestFactoryFromFactory0" fullname="Zenject.Tests.Bindings.TestFactoryFromFactory0" classname="Zenject.Tests.Bindings.TestFactoryFromFactory0" runstate="Runnable" testcasecount="3" result="Passed" start-time="2023-03-15 21:16:50Z" end-time="2023-03-15 21:16:50Z" duration="0.002310" total="3" passed="3" failed="0" inconclusive="0" skipped="0" asserts="0">
              <properties>
                <property name="platform" value="EditMode" />
              </properties>
              <test-case id="1982" name="TestConcrete" fullname="Zenject.Tests.Bindings.TestFactoryFromFactory0.TestConcrete" methodname="TestConcrete" classname="Zenject.Tests.Bindings.TestFactoryFromFactory0" runstate="Runnable" seed="2116058853" result="Passed" start-time="2023-03-15 21:16:50Z" end-time="2023-03-15 21:16:50Z" duration="0.001277" asserts="0">
                <properties>
                  <property name="platform" value="EditMode" />
                </properties>
              </test-case>
              <test-case id="1983" name="TestFactoryValidation" fullname="Zenject.Tests.Bindings.TestFactoryFromFactory0.TestFactoryValidation" methodname="TestFactoryValidation" classname="Zenject.Tests.Bindings.TestFactoryFromFactory0" runstate="Runnable" seed="1278319673" result="Passed" start-time="2023-03-15 21:16:50Z" end-time="2023-03-15 21:16:50Z" duration="0.000282" asserts="0">
                <properties>
                  <property name="platform" value="EditMode" />
                </properties>
              </test-case>
              <test-case id="1981" name="TestSelf" fullname="Zenject.Tests.Bindings.TestFactoryFromFactory0.TestSelf" methodname="TestSelf" classname="Zenject.Tests.Bindings.TestFactoryFromFactory0" runstate="Runnable" seed="563644088" result="Passed" start-time="2023-03-15 21:16:50Z" end-time="2023-03-15 21:16:50Z" duration="0.000352" asserts="0">
                <properties>
                  <property name="platform" value="EditMode" />
                </properties>
              </test-case>
            </test-suite>
            <test-suite type="TestFixture" id="1984" name="TestFactoryFromFactory1" fullname="Zenject.Tests.Bindings.TestFactoryFromFactory1" classname="Zenject.Tests.Bindings.TestFactoryFromFactory1" runstate="Runnable" testcasecount="2" result="Passed" start-time="2023-03-15 21:16:50Z" end-time="2023-03-15 21:16:50Z" duration="0.001754" total="2" passed="2" failed="0" inconclusive="0" skipped="0" asserts="0">
              <properties>
                <property name="platform" value="EditMode" />
              </properties>
              <test-case id="1986" name="TestConcrete" fullname="Zenject.Tests.Bindings.TestFactoryFromFactory1.TestConcrete" methodname="TestConcrete" classname="Zenject.Tests.Bindings.TestFactoryFromFactory1" runstate="Runnable" seed="1220525570" result="Passed" start-time="2023-03-15 21:16:50Z" end-time="2023-03-15 21:16:50Z" duration="0.001030" asserts="0">
                <properties>
                  <property name="platform" value="EditMode" />
                </properties>
              </test-case>
              <test-case id="1985" name="TestSelf" fullname="Zenject.Tests.Bindings.TestFactoryFromFactory1.TestSelf" methodname="TestSelf" classname="Zenject.Tests.Bindings.TestFactoryFromFactory1" runstate="Runnable" seed="1449681085" result="Passed" start-time="2023-03-15 21:16:50Z" end-time="2023-03-15 21:16:50Z" duration="0.000362" asserts="0">
                <properties>
                  <property name="platform" value="EditMode" />
                </properties>
              </test-case>
            </test-suite>
            <test-suite type="TestFixture" id="1987" name="TestFactoryFromGetter0" fullname="Zenject.Tests.Bindings.TestFactoryFromGetter0" classname="Zenject.Tests.Bindings.TestFactoryFromGetter0" runstate="Runnable" testcasecount="1" result="Passed" start-time="2023-03-15 21:16:50Z" end-time="2023-03-15 21:16:50Z" duration="0.001315" total="1" passed="1" failed="0" inconclusive="0" skipped="0" asserts="0">
              <properties>
                <property name="platform" value="EditMode" />
              </properties>
              <test-case id="1988" name="TestSelf" fullname="Zenject.Tests.Bindings.TestFactoryFromGetter0.TestSelf" methodname="TestSelf" classname="Zenject.Tests.Bindings.TestFactoryFromGetter0" runstate="Runnable" seed="743158084" result="Passed" start-time="2023-03-15 21:16:50Z" end-time="2023-03-15 21:16:50Z" duration="0.001072" asserts="0">
                <properties>
                  <property name="platform" value="EditMode" />
                </properties>
              </test-case>
            </test-suite>
            <test-suite type="TestFixture" id="1989" name="TestFactoryFromInstance0" fullname="Zenject.Tests.Bindings.TestFactoryFromInstance0" classname="Zenject.Tests.Bindings.TestFactoryFromInstance0" runstate="Runnable" testcasecount="2" result="Passed" start-time="2023-03-15 21:16:50Z" end-time="2023-03-15 21:16:50Z" duration="0.001256" total="2" passed="2" failed="0" inconclusive="0" skipped="0" asserts="0">
              <properties>
                <property name="platform" value="EditMode" />
              </properties>
              <test-case id="1991" name="TestConcrete" fullname="Zenject.Tests.Bindings.TestFactoryFromInstance0.TestConcrete" methodname="TestConcrete" classname="Zenject.Tests.Bindings.TestFactoryFromInstance0" runstate="Runnable" seed="1038110838" result="Passed" start-time="2023-03-15 21:16:50Z" end-time="2023-03-15 21:16:50Z" duration="0.000654" asserts="0">
                <properties>
                  <property name="platform" value="EditMode" />
                </properties>
              </test-case>
              <test-case id="1990" name="TestSelf" fullname="Zenject.Tests.Bindings.TestFactoryFromInstance0.TestSelf" methodname="TestSelf" classname="Zenject.Tests.Bindings.TestFactoryFromInstance0" runstate="Runnable" seed="1639229316" result="Passed" start-time="2023-03-15 21:16:50Z" end-time="2023-03-15 21:16:50Z" duration="0.000291" asserts="0">
                <properties>
                  <property name="platform" value="EditMode" />
                </properties>
              </test-case>
            </test-suite>
            <test-suite type="TestFixture" id="1992" name="TestFactoryFromMethod0" fullname="Zenject.Tests.Bindings.TestFactoryFromMethod0" classname="Zenject.Tests.Bindings.TestFactoryFromMethod0" runstate="Runnable" testcasecount="2" result="Passed" start-time="2023-03-15 21:16:50Z" end-time="2023-03-15 21:16:50Z" duration="0.001320" total="2" passed="2" failed="0" inconclusive="0" skipped="0" asserts="0">
              <properties>
                <property name="platform" value="EditMode" />
              </properties>
              <test-case id="1994" name="TestConcrete" fullname="Zenject.Tests.Bindings.TestFactoryFromMethod0.TestConcrete" methodname="TestConcrete" classname="Zenject.Tests.Bindings.TestFactoryFromMethod0" runstate="Runnable" seed="31675338" result="Passed" start-time="2023-03-15 21:16:50Z" end-time="2023-03-15 21:16:50Z" duration="0.000656" asserts="0">
                <properties>
                  <property name="platform" value="EditMode" />
                </properties>
              </test-case>
              <test-case id="1993" name="TestSelf" fullname="Zenject.Tests.Bindings.TestFactoryFromMethod0.TestSelf" methodname="TestSelf" classname="Zenject.Tests.Bindings.TestFactoryFromMethod0" runstate="Runnable" seed="1777672450" result="Passed" start-time="2023-03-15 21:16:50Z" end-time="2023-03-15 21:16:50Z" duration="0.000355" asserts="0">
                <properties>
                  <property name="platform" value="EditMode" />
                </properties>
              </test-case>
            </test-suite>
            <test-suite type="TestFixture" id="1995" name="TestFactoryFromMethod1" fullname="Zenject.Tests.Bindings.TestFactoryFromMethod1" classname="Zenject.Tests.Bindings.TestFactoryFromMethod1" runstate="Runnable" testcasecount="2" result="Passed" start-time="2023-03-15 21:16:50Z" end-time="2023-03-15 21:16:50Z" duration="0.001478" total="2" passed="2" failed="0" inconclusive="0" skipped="0" asserts="0">
              <properties>
                <property name="platform" value="EditMode" />
              </properties>
              <test-case id="1997" name="TestConcrete" fullname="Zenject.Tests.Bindings.TestFactoryFromMethod1.TestConcrete" methodname="TestConcrete" classname="Zenject.Tests.Bindings.TestFactoryFromMethod1" runstate="Runnable" seed="1155658653" result="Passed" start-time="2023-03-15 21:16:50Z" end-time="2023-03-15 21:16:50Z" duration="0.000812" asserts="0">
                <properties>
                  <property name="platform" value="EditMode" />
                </properties>
              </test-case>
              <test-case id="1996" name="TestSelf" fullname="Zenject.Tests.Bindings.TestFactoryFromMethod1.TestSelf" methodname="TestSelf" classname="Zenject.Tests.Bindings.TestFactoryFromMethod1" runstate="Runnable" seed="1024677688" result="Passed" start-time="2023-03-15 21:16:50Z" end-time="2023-03-15 21:16:50Z" duration="0.000362" asserts="0">
                <properties>
                  <property name="platform" value="EditMode" />
                </properties>
              </test-case>
            </test-suite>
            <test-suite type="TestFixture" id="1998" name="TestFactoryFromResolve0" fullname="Zenject.Tests.Bindings.TestFactoryFromResolve0" classname="Zenject.Tests.Bindings.TestFactoryFromResolve0" runstate="Runnable" testcasecount="4" result="Passed" start-time="2023-03-15 21:16:50Z" end-time="2023-03-15 21:16:50Z" duration="0.001564" total="4" passed="4" failed="0" inconclusive="0" skipped="0" asserts="0">
              <properties>
                <property name="platform" value="EditMode" />
              </properties>
              <test-case id="2000" name="TestConcrete" fullname="Zenject.Tests.Bindings.TestFactoryFromResolve0.TestConcrete" methodname="TestConcrete" classname="Zenject.Tests.Bindings.TestFactoryFromResolve0" runstate="Runnable" seed="1879204064" result="Passed" start-time="2023-03-15 21:16:50Z" end-time="2023-03-15 21:16:50Z" duration="0.000440" asserts="0">
                <properties>
                  <property name="platform" value="EditMode" />
                </properties>
              </test-case>
              <test-case id="2002" name="TestConcreteIdentifier" fullname="Zenject.Tests.Bindings.TestFactoryFromResolve0.TestConcreteIdentifier" methodname="TestConcreteIdentifier" classname="Zenject.Tests.Bindings.TestFactoryFromResolve0" runstate="Runnable" seed="942718053" result="Passed" start-time="2023-03-15 21:16:50Z" end-time="2023-03-15 21:16:50Z" duration="0.000199" asserts="0">
                <properties>
                  <property name="platform" value="EditMode" />
                </properties>
              </test-case>
              <test-case id="1999" name="TestSelf" fullname="Zenject.Tests.Bindings.TestFactoryFromResolve0.TestSelf" methodname="TestSelf" classname="Zenject.Tests.Bindings.TestFactoryFromResolve0" runstate="Runnable" seed="1465168840" result="Passed" start-time="2023-03-15 21:16:50Z" end-time="2023-03-15 21:16:50Z" duration="0.000301" asserts="0">
                <properties>
                  <property name="platform" value="EditMode" />
                </properties>
              </test-case>
              <test-case id="2001" name="TestSelfIdentifier" fullname="Zenject.Tests.Bindings.TestFactoryFromResolve0.TestSelfIdentifier" methodname="TestSelfIdentifier" classname="Zenject.Tests.Bindings.TestFactoryFromResolve0" runstate="Runnable" seed="1887728208" result="Passed" start-time="2023-03-15 21:16:50Z" end-time="2023-03-15 21:16:50Z" duration="0.000186" asserts="0">
                <properties>
                  <property name="platform" value="EditMode" />
                </properties>
              </test-case>
            </test-suite>
            <test-suite type="TestFixture" id="2003" name="TestFactoryFromSubContainerInstaller0" fullname="Zenject.Tests.Bindings.TestFactoryFromSubContainerInstaller0" classname="Zenject.Tests.Bindings.TestFactoryFromSubContainerInstaller0" runstate="Runnable" testcasecount="2" result="Passed" start-time="2023-03-15 21:16:50Z" end-time="2023-03-15 21:16:50Z" duration="0.002912" total="2" passed="2" failed="0" inconclusive="0" skipped="0" asserts="0">
              <properties>
                <property name="platform" value="EditMode" />
              </properties>
              <test-case id="2005" name="TestConcrete" fullname="Zenject.Tests.Bindings.TestFactoryFromSubContainerInstaller0.TestConcrete" methodname="TestConcrete" classname="Zenject.Tests.Bindings.TestFactoryFromSubContainerInstaller0" runstate="Runnable" seed="1812210563" result="Passed" start-time="2023-03-15 21:16:50Z" end-time="2023-03-15 21:16:50Z" duration="0.002249" asserts="0">
                <properties>
                  <property name="platform" value="EditMode" />
                </properties>
              </test-case>
              <test-case id="2004" name="TestSelf" fullname="Zenject.Tests.Bindings.TestFactoryFromSubContainerInstaller0.TestSelf" methodname="TestSelf" classname="Zenject.Tests.Bindings.TestFactoryFromSubContainerInstaller0" runstate="Runnable" seed="1758619362" result="Passed" start-time="2023-03-15 21:16:50Z" end-time="2023-03-15 21:16:50Z" duration="0.000353" asserts="0">
                <properties>
                  <property name="platform" value="EditMode" />
                </properties>
              </test-case>
            </test-suite>
            <test-suite type="TestFixture" id="2006" name="TestFactoryFromSubContainerInstaller1" fullname="Zenject.Tests.Bindings.TestFactoryFromSubContainerInstaller1" classname="Zenject.Tests.Bindings.TestFactoryFromSubContainerInstaller1" runstate="Runnable" testcasecount="2" result="Passed" start-time="2023-03-15 21:16:50Z" end-time="2023-03-15 21:16:50Z" duration="0.001610" total="2" passed="2" failed="0" inconclusive="0" skipped="0" asserts="0">
              <properties>
                <property name="platform" value="EditMode" />
              </properties>
              <test-case id="2008" name="TestConcrete" fullname="Zenject.Tests.Bindings.TestFactoryFromSubContainerInstaller1.TestConcrete" methodname="TestConcrete" classname="Zenject.Tests.Bindings.TestFactoryFromSubContainerInstaller1" runstate="Runnable" seed="1950587677" result="Passed" start-time="2023-03-15 21:16:50Z" end-time="2023-03-15 21:16:50Z" duration="0.000943" asserts="0">
                <properties>
                  <property name="platform" value="EditMode" />
                </properties>
              </test-case>
              <test-case id="2007" name="TestSelf" fullname="Zenject.Tests.Bindings.TestFactoryFromSubContainerInstaller1.TestSelf" methodname="TestSelf" classname="Zenject.Tests.Bindings.TestFactoryFromSubContainerInstaller1" runstate="Runnable" seed="1994010351" result="Passed" start-time="2023-03-15 21:16:50Z" end-time="2023-03-15 21:16:50Z" duration="0.000352" asserts="0">
                <properties>
                  <property name="platform" value="EditMode" />
                </properties>
              </test-case>
            </test-suite>
            <test-suite type="TestFixture" id="2009" name="TestFactoryFromSubContainerMethod0" fullname="Zenject.Tests.Bindings.TestFactoryFromSubContainerMethod0" classname="Zenject.Tests.Bindings.TestFactoryFromSubContainerMethod0" runstate="Runnable" testcasecount="2" result="Passed" start-time="2023-03-15 21:16:50Z" end-time="2023-03-15 21:16:50Z" duration="0.001424" total="2" passed="2" failed="0" inconclusive="0" skipped="0" asserts="0">
              <properties>
                <property name="platform" value="EditMode" />
              </properties>
              <test-case id="2011" name="TestConcrete" fullname="Zenject.Tests.Bindings.TestFactoryFromSubContainerMethod0.TestConcrete" methodname="TestConcrete" classname="Zenject.Tests.Bindings.TestFactoryFromSubContainerMethod0" runstate="Runnable" seed="1869189243" result="Passed" start-time="2023-03-15 21:16:50Z" end-time="2023-03-15 21:16:50Z" duration="0.000754" asserts="0">
                <properties>
                  <property name="platform" value="EditMode" />
                </properties>
              </test-case>
              <test-case id="2010" name="TestSelf" fullname="Zenject.Tests.Bindings.TestFactoryFromSubContainerMethod0.TestSelf" methodname="TestSelf" classname="Zenject.Tests.Bindings.TestFactoryFromSubContainerMethod0" runstate="Runnable" seed="1196178620" result="Passed" start-time="2023-03-15 21:16:50Z" end-time="2023-03-15 21:16:50Z" duration="0.000329" asserts="0">
                <properties>
                  <property name="platform" value="EditMode" />
                </properties>
              </test-case>
            </test-suite>
            <test-suite type="TestFixture" id="2012" name="TestFactoryFromSubContainerMethod1" fullname="Zenject.Tests.Bindings.TestFactoryFromSubContainerMethod1" classname="Zenject.Tests.Bindings.TestFactoryFromSubContainerMethod1" runstate="Runnable" testcasecount="2" result="Passed" start-time="2023-03-15 21:16:50Z" end-time="2023-03-15 21:16:50Z" duration="0.001598" total="2" passed="2" failed="0" inconclusive="0" skipped="0" asserts="0">
              <properties>
                <property name="platform" value="EditMode" />
              </properties>
              <test-case id="2014" name="TestConcrete" fullname="Zenject.Tests.Bindings.TestFactoryFromSubContainerMethod1.TestConcrete" methodname="TestConcrete" classname="Zenject.Tests.Bindings.TestFactoryFromSubContainerMethod1" runstate="Runnable" seed="1834213826" result="Passed" start-time="2023-03-15 21:16:50Z" end-time="2023-03-15 21:16:50Z" duration="0.000935" asserts="0">
                <properties>
                  <property name="platform" value="EditMode" />
                </properties>
              </test-case>
              <test-case id="2013" name="TestSelf" fullname="Zenject.Tests.Bindings.TestFactoryFromSubContainerMethod1.TestSelf" methodname="TestSelf" classname="Zenject.Tests.Bindings.TestFactoryFromSubContainerMethod1" runstate="Runnable" seed="2126628794" result="Passed" start-time="2023-03-15 21:16:50Z" end-time="2023-03-15 21:16:50Z" duration="0.000334" asserts="0">
                <properties>
                  <property name="platform" value="EditMode" />
                </properties>
              </test-case>
            </test-suite>
            <test-suite type="TestFixture" id="2015" name="TestFactoryWithArguments" fullname="Zenject.Tests.Bindings.TestFactoryWithArguments" classname="Zenject.Tests.Bindings.TestFactoryWithArguments" runstate="Runnable" testcasecount="2" result="Passed" start-time="2023-03-15 21:16:50Z" end-time="2023-03-15 21:16:50Z" duration="0.001268" total="2" passed="2" failed="0" inconclusive="0" skipped="0" asserts="0">
              <properties>
                <property name="platform" value="EditMode" />
              </properties>
              <test-case id="2016" name="TestWithArguments1" fullname="Zenject.Tests.Bindings.TestFactoryWithArguments.TestWithArguments1" methodname="TestWithArguments1" classname="Zenject.Tests.Bindings.TestFactoryWithArguments" runstate="Runnable" seed="1067016572" result="Passed" start-time="2023-03-15 21:16:50Z" end-time="2023-03-15 21:16:50Z" duration="0.000479" asserts="0">
                <properties>
                  <property name="platform" value="EditMode" />
                </properties>
              </test-case>
              <test-case id="2017" name="TestWithFactoryArguments1" fullname="Zenject.Tests.Bindings.TestFactoryWithArguments.TestWithFactoryArguments1" methodname="TestWithFactoryArguments1" classname="Zenject.Tests.Bindings.TestFactoryWithArguments" runstate="Runnable" seed="601738875" result="Passed" start-time="2023-03-15 21:16:50Z" end-time="2023-03-15 21:16:50Z" duration="0.000480" asserts="0">
                <properties>
                  <property name="platform" value="EditMode" />
                </properties>
              </test-case>
            </test-suite>
            <test-suite type="TestFixture" id="1830" name="TestFrom" fullname="Zenject.Tests.Bindings.TestFrom" classname="Zenject.Tests.Bindings.TestFrom" runstate="Runnable" testcasecount="19" result="Passed" start-time="2023-03-15 21:16:50Z" end-time="2023-03-15 21:16:50Z" duration="0.006466" total="19" passed="19" failed="0" inconclusive="0" skipped="0" asserts="0">
              <properties>
                <property name="platform" value="EditMode" />
              </properties>
              <test-case id="1838" name="TestConcreteCached" fullname="Zenject.Tests.Bindings.TestFrom.TestConcreteCached" methodname="TestConcreteCached" classname="Zenject.Tests.Bindings.TestFrom" runstate="Runnable" seed="949724276" result="Passed" start-time="2023-03-15 21:16:50Z" end-time="2023-03-15 21:16:50Z" duration="0.000342" asserts="0">
                <properties>
                  <property name="platform" value="EditMode" />
                </properties>
              </test-case>
              <test-case id="1841" name="TestConcreteMultipleSingle" fullname="Zenject.Tests.Bindings.TestFrom.TestConcreteMultipleSingle" methodname="TestConcreteMultipleSingle" classname="Zenject.Tests.Bindings.TestFrom" runstate="Runnable" seed="598349484" result="Passed" start-time="2023-03-15 21:16:50Z" end-time="2023-03-15 21:16:50Z" duration="0.000575" asserts="0">
                <properties>
                  <property name="platform" value="EditMode" />
                </properties>
              </test-case>
              <test-case id="1840" name="TestConcreteMultipleTransient" fullname="Zenject.Tests.Bindings.TestFrom.TestConcreteMultipleTransient" methodname="TestConcreteMultipleTransient" classname="Zenject.Tests.Bindings.TestFrom" runstate="Runnable" seed="141812791" result="Passed" start-time="2023-03-15 21:16:50Z" end-time="2023-03-15 21:16:50Z" duration="0.000287" asserts="0">
                <properties>
                  <property name="platform" value="EditMode" />
                </properties>
              </test-case>
              <test-case id="1835" name="TestConcreteSingle" fullname="Zenject.Tests.Bindings.TestFrom.TestConcreteSingle" methodname="TestConcreteSingle" classname="Zenject.Tests.Bindings.TestFrom" runstate="Runnable" seed="187836499" result="Passed" start-time="2023-03-15 21:16:50Z" end-time="2023-03-15 21:16:50Z" duration="0.000273" asserts="0">
                <properties>
                  <property name="platform" value="EditMode" />
                </properties>
              </test-case>
              <test-case id="1836" name="TestConcreteTransient" fullname="Zenject.Tests.Bindings.TestFrom.TestConcreteTransient" methodname="TestConcreteTransient" classname="Zenject.Tests.Bindings.TestFrom" runstate="Runnable" seed="1259228983" result="Passed" start-time="2023-03-15 21:16:50Z" end-time="2023-03-15 21:16:50Z" duration="0.000182" asserts="0">
                <properties>
                  <property name="platform" value="EditMode" />
                </properties>
              </test-case>
              <test-case id="1837" name="TestConcreteTransient2" fullname="Zenject.Tests.Bindings.TestFrom.TestConcreteTransient2" methodname="TestConcreteTransient2" classname="Zenject.Tests.Bindings.TestFrom" runstate="Runnable" seed="1206470894" result="Passed" start-time="2023-03-15 21:16:50Z" end-time="2023-03-15 21:16:50Z" duration="0.000177" asserts="0">
                <properties>
                  <property name="platform" value="EditMode" />
                </properties>
              </test-case>
              <test-case id="1839" name="TestDuplicateBindingsFail" fullname="Zenject.Tests.Bindings.TestFrom.TestDuplicateBindingsFail" methodname="TestDuplicateBindingsFail" classname="Zenject.Tests.Bindings.TestFrom" runstate="Runnable" seed="409495598" result="Passed" start-time="2023-03-15 21:16:50Z" end-time="2023-03-15 21:16:50Z" duration="0.000198" asserts="0">
                <properties>
                  <property name="platform" value="EditMode" />
                </properties>
              </test-case>
              <test-case id="1846" name="TestMultipleBindingsCached" fullname="Zenject.Tests.Bindings.TestFrom.TestMultipleBindingsCached" methodname="TestMultipleBindingsCached" classname="Zenject.Tests.Bindings.TestFrom" runstate="Runnable" seed="995585468" result="Passed" start-time="2023-03-15 21:16:50Z" end-time="2023-03-15 21:16:50Z" duration="0.000207" asserts="0">
                <properties>
                  <property name="platform" value="EditMode" />
                </properties>
              </test-case>
              <test-case id="1849" name="TestMultipleBindingsConcreteMultipleCached" fullname="Zenject.Tests.Bindings.TestFrom.TestMultipleBindingsConcreteMultipleCached" methodname="TestMultipleBindingsConcreteMultipleCached" classname="Zenject.Tests.Bindings.TestFrom" runstate="Runnable" seed="1115043221" result="Passed" start-time="2023-03-15 21:16:50Z" end-time="2023-03-15 21:16:50Z" duration="0.000598" asserts="0">
                <properties>
                  <property name="platform" value="EditMode" />
                </properties>
              </test-case>
              <test-case id="1847" name="TestMultipleBindingsConcreteMultipleSingle" fullname="Zenject.Tests.Bindings.TestFrom.TestMultipleBindingsConcreteMultipleSingle" methodname="TestMultipleBindingsConcreteMultipleSingle" classname="Zenject.Tests.Bindings.TestFrom" runstate="Runnable" seed="244014095" result="Passed" start-time="2023-03-15 21:16:50Z" end-time="2023-03-15 21:16:50Z" duration="0.000335" asserts="0">
                <properties>
                  <property name="platform" value="EditMode" />
                </properties>
              </test-case>
              <test-case id="1848" name="TestMultipleBindingsConcreteMultipleTransient" fullname="Zenject.Tests.Bindings.TestFrom.TestMultipleBindingsConcreteMultipleTransient" methodname="TestMultipleBindingsConcreteMultipleTransient" classname="Zenject.Tests.Bindings.TestFrom" runstate="Runnable" seed="1223134120" result="Passed" start-time="2023-03-15 21:16:50Z" end-time="2023-03-15 21:16:50Z" duration="0.000329" asserts="0">
                <properties>
                  <property name="platform" value="EditMode" />
                </properties>
              </test-case>
              <test-case id="1844" name="TestMultipleBindingsSingle" fullname="Zenject.Tests.Bindings.TestFrom.TestMultipleBindingsSingle" methodname="TestMultipleBindingsSingle" classname="Zenject.Tests.Bindings.TestFrom" runstate="Runnable" seed="396536011" result="Passed" start-time="2023-03-15 21:16:50Z" end-time="2023-03-15 21:16:50Z" duration="0.000189" asserts="0">
                <properties>
                  <property name="platform" value="EditMode" />
                </properties>
              </test-case>
              <test-case id="1842" name="TestMultipleBindingsSingleFail1" fullname="Zenject.Tests.Bindings.TestFrom.TestMultipleBindingsSingleFail1" methodname="TestMultipleBindingsSingleFail1" classname="Zenject.Tests.Bindings.TestFrom" runstate="Runnable" seed="2066925906" result="Passed" start-time="2023-03-15 21:16:50Z" end-time="2023-03-15 21:16:50Z" duration="0.000180" asserts="0">
                <properties>
                  <property name="platform" value="EditMode" />
                </properties>
              </test-case>
              <test-case id="1843" name="TestMultipleBindingsSingleFail2" fullname="Zenject.Tests.Bindings.TestFrom.TestMultipleBindingsSingleFail2" methodname="TestMultipleBindingsSingleFail2" classname="Zenject.Tests.Bindings.TestFrom" runstate="Runnable" seed="153651526" result="Passed" start-time="2023-03-15 21:16:50Z" end-time="2023-03-15 21:16:50Z" duration="0.000176" asserts="0">
                <properties>
                  <property name="platform" value="EditMode" />
                </properties>
              </test-case>
              <test-case id="1845" name="TestMultipleBindingsTransient" fullname="Zenject.Tests.Bindings.TestFrom.TestMultipleBindingsTransient" methodname="TestMultipleBindingsTransient" classname="Zenject.Tests.Bindings.TestFrom" runstate="Runnable" seed="561747223" result="Passed" start-time="2023-03-15 21:16:50Z" end-time="2023-03-15 21:16:50Z" duration="0.000234" asserts="0">
                <properties>
                  <property name="platform" value="EditMode" />
                </properties>
              </test-case>
              <test-case id="1834" name="TestSelfCached" fullname="Zenject.Tests.Bindings.TestFrom.TestSelfCached" methodname="TestSelfCached" classname="Zenject.Tests.Bindings.TestFrom" runstate="Runnable" seed="1225167753" result="Passed" start-time="2023-03-15 21:16:50Z" end-time="2023-03-15 21:16:50Z" duration="0.000165" asserts="0">
                <properties>
                  <property name="platform" value="EditMode" />
                </properties>
              </test-case>
              <test-case id="1831" name="TestSelfSingle" fullname="Zenject.Tests.Bindings.TestFrom.TestSelfSingle" methodname="TestSelfSingle" classname="Zenject.Tests.Bindings.TestFrom" runstate="Runnable" seed="1370077968" result="Passed" start-time="2023-03-15 21:16:50Z" end-time="2023-03-15 21:16:50Z" duration="0.000162" asserts="0">
                <properties>
                  <property name="platform" value="EditMode" />
                </properties>
              </test-case>
              <test-case id="1832" name="TestSelfSingleExplicit" fullname="Zenject.Tests.Bindings.TestFrom.TestSelfSingleExplicit" methodname="TestSelfSingleExplicit" classname="Zenject.Tests.Bindings.TestFrom" runstate="Runnable" seed="1578039383" result="Passed" start-time="2023-03-15 21:16:50Z" end-time="2023-03-15 21:16:50Z" duration="0.000312" asserts="0">
                <properties>
                  <property name="platform" value="EditMode" />
                </properties>
              </test-case>
              <test-case id="1833" name="TestSelfTransient" fullname="Zenject.Tests.Bindings.TestFrom.TestSelfTransient" methodname="TestSelfTransient" classname="Zenject.Tests.Bindings.TestFrom" runstate="Runnable" seed="916214316" result="Passed" start-time="2023-03-15 21:16:50Z" end-time="2023-03-15 21:16:50Z" duration="0.000170" asserts="0">
                <properties>
                  <property name="platform" value="EditMode" />
                </properties>
              </test-case>
            </test-suite>
            <test-suite type="TestFixture" id="1850" name="TestFromFactory" fullname="Zenject.Tests.Bindings.TestFromFactory" classname="Zenject.Tests.Bindings.TestFromFactory" runstate="Runnable" testcasecount="9" result="Passed" start-time="2023-03-15 21:16:50Z" end-time="2023-03-15 21:16:50Z" duration="0.004709" total="9" passed="9" failed="0" inconclusive="0" skipped="0" asserts="0">
              <properties>
                <property name="platform" value="EditMode" />
              </properties>
              <test-case id="1851" name="Test1" fullname="Zenject.Tests.Bindings.TestFromFactory.Test1" methodname="Test1" classname="Zenject.Tests.Bindings.TestFromFactory" runstate="Runnable" seed="127958853" result="Passed" start-time="2023-03-15 21:16:50Z" end-time="2023-03-15 21:16:50Z" duration="0.000455" asserts="0">
                <properties>
                  <property name="platform" value="EditMode" />
                </properties>
              </test-case>
              <test-case id="1854" name="Test2" fullname="Zenject.Tests.Bindings.TestFromFactory.Test2" methodname="Test2" classname="Zenject.Tests.Bindings.TestFromFactory" runstate="Runnable" seed="1987726481" result="Passed" start-time="2023-03-15 21:16:50Z" end-time="2023-03-15 21:16:50Z" duration="0.000224" asserts="0">
                <properties>
                  <property name="platform" value="EditMode" />
                </properties>
              </test-case>
              <test-case id="1855" name="Test3" fullname="Zenject.Tests.Bindings.TestFromFactory.Test3" methodname="Test3" classname="Zenject.Tests.Bindings.TestFromFactory" runstate="Runnable" seed="1906805376" result="Passed" start-time="2023-03-15 21:16:50Z" end-time="2023-03-15 21:16:50Z" duration="0.000256" asserts="0">
                <properties>
                  <property name="platform" value="EditMode" />
                </properties>
              </test-case>
              <test-case id="1859" name="TestConcreteCached" fullname="Zenject.Tests.Bindings.TestFromFactory.TestConcreteCached" methodname="TestConcreteCached" classname="Zenject.Tests.Bindings.TestFromFactory" runstate="Runnable" seed="338243819" result="Passed" start-time="2023-03-15 21:16:50Z" end-time="2023-03-15 21:16:50Z" duration="0.000256" asserts="0">
                <properties>
                  <property name="platform" value="EditMode" />
                </properties>
              </test-case>
              <test-case id="1856" name="TestConcreteSingle" fullname="Zenject.Tests.Bindings.TestFromFactory.TestConcreteSingle" methodname="TestConcreteSingle" classname="Zenject.Tests.Bindings.TestFromFactory" runstate="Runnable" seed="63165265" result="Passed" start-time="2023-03-15 21:16:50Z" end-time="2023-03-15 21:16:50Z" duration="0.000228" asserts="0">
                <properties>
                  <property name="platform" value="EditMode" />
                </properties>
              </test-case>
              <test-case id="1853" name="TestMoveIntoSubcontainers" fullname="Zenject.Tests.Bindings.TestFromFactory.TestMoveIntoSubcontainers" methodname="TestMoveIntoSubcontainers" classname="Zenject.Tests.Bindings.TestFromFactory" runstate="Runnable" seed="934072167" result="Passed" start-time="2023-03-15 21:16:50Z" end-time="2023-03-15 21:16:50Z" duration="0.001443" asserts="0">
                <properties>
                  <property name="platform" value="EditMode" />
                </properties>
              </test-case>
              <test-case id="1852" name="TestOldVersion" fullname="Zenject.Tests.Bindings.TestFromFactory.TestOldVersion" methodname="TestOldVersion" classname="Zenject.Tests.Bindings.TestFromFactory" runstate="Runnable" seed="1864782969" result="Passed" start-time="2023-03-15 21:16:50Z" end-time="2023-03-15 21:16:50Z" duration="0.000521" asserts="0">
                <properties>
                  <property name="platform" value="EditMode" />
                </properties>
              </test-case>
              <test-case id="1857" name="TestSelfAndConcreteSingle" fullname="Zenject.Tests.Bindings.TestFromFactory.TestSelfAndConcreteSingle" methodname="TestSelfAndConcreteSingle" classname="Zenject.Tests.Bindings.TestFromFactory" runstate="Runnable" seed="1032879698" result="Passed" start-time="2023-03-15 21:16:50Z" end-time="2023-03-15 21:16:50Z" duration="0.000308" asserts="0">
                <properties>
                  <property name="platform" value="EditMode" />
                </properties>
              </test-case>
              <test-case id="1858" name="TestSelfCached" fullname="Zenject.Tests.Bindings.TestFromFactory.TestSelfCached" methodname="TestSelfCached" classname="Zenject.Tests.Bindings.TestFromFactory" runstate="Runnable" seed="1047583494" result="Passed" start-time="2023-03-15 21:16:50Z" end-time="2023-03-15 21:16:50Z" duration="0.000230" asserts="0">
                <properties>
                  <property name="platform" value="EditMode" />
                </properties>
              </test-case>
            </test-suite>
            <test-suite type="TestFixture" id="1860" name="TestFromGetter" fullname="Zenject.Tests.Bindings.TestFromGetter" classname="Zenject.Tests.Bindings.TestFromGetter" runstate="Runnable" testcasecount="7" result="Passed" start-time="2023-03-15 21:16:50Z" end-time="2023-03-15 21:16:50Z" duration="0.003416" total="7" passed="7" failed="0" inconclusive="0" skipped="0" asserts="0">
              <properties>
                <property name="platform" value="EditMode" />
              </properties>
              <test-case id="1864" name="TestInjectSource1" fullname="Zenject.Tests.Bindings.TestFromGetter.TestInjectSource1" methodname="TestInjectSource1" classname="Zenject.Tests.Bindings.TestFromGetter" runstate="Runnable" seed="2124136534" result="Passed" start-time="2023-03-15 21:16:50Z" end-time="2023-03-15 21:16:50Z" duration="0.000996" asserts="0">
                <properties>
                  <property name="platform" value="EditMode" />
                </properties>
              </test-case>
              <test-case id="1865" name="TestInjectSource2" fullname="Zenject.Tests.Bindings.TestFromGetter.TestInjectSource2" methodname="TestInjectSource2" classname="Zenject.Tests.Bindings.TestFromGetter" runstate="Runnable" seed="427524731" result="Passed" start-time="2023-03-15 21:16:50Z" end-time="2023-03-15 21:16:50Z" duration="0.000304" asserts="0">
                <properties>
                  <property name="platform" value="EditMode" />
                </properties>
              </test-case>
              <test-case id="1866" name="TestInjectSource3" fullname="Zenject.Tests.Bindings.TestFromGetter.TestInjectSource3" methodname="TestInjectSource3" classname="Zenject.Tests.Bindings.TestFromGetter" runstate="Runnable" seed="1352656926" result="Passed" start-time="2023-03-15 21:16:50Z" end-time="2023-03-15 21:16:50Z" duration="0.000356" asserts="0">
                <properties>
                  <property name="platform" value="EditMode" />
                </properties>
              </test-case>
              <test-case id="1867" name="TestInjectSource4" fullname="Zenject.Tests.Bindings.TestFromGetter.TestInjectSource4" methodname="TestInjectSource4" classname="Zenject.Tests.Bindings.TestFromGetter" runstate="Runnable" seed="937470302" result="Passed" start-time="2023-03-15 21:16:50Z" end-time="2023-03-15 21:16:50Z" duration="0.000276" asserts="0">
                <properties>
                  <property name="platform" value="EditMode" />
                </properties>
              </test-case>
              <test-case id="1863" name="TestMultiple" fullname="Zenject.Tests.Bindings.TestFromGetter.TestMultiple" methodname="TestMultiple" classname="Zenject.Tests.Bindings.TestFromGetter" runstate="Runnable" seed="1744755438" result="Passed" start-time="2023-03-15 21:16:50Z" end-time="2023-03-15 21:16:50Z" duration="0.000267" asserts="0">
                <properties>
                  <property name="platform" value="EditMode" />
                </properties>
              </test-case>
              <test-case id="1862" name="TestSingleFailure" fullname="Zenject.Tests.Bindings.TestFromGetter.TestSingleFailure" methodname="TestSingleFailure" classname="Zenject.Tests.Bindings.TestFromGetter" runstate="Runnable" seed="1355494168" result="Passed" start-time="2023-03-15 21:16:50Z" end-time="2023-03-15 21:16:50Z" duration="0.000292" asserts="0">
                <properties>
                  <property name="platform" value="EditMode" />
                </properties>
              </test-case>
              <test-case id="1861" name="TestTransient" fullname="Zenject.Tests.Bindings.TestFromGetter.TestTransient" methodname="TestTransient" classname="Zenject.Tests.Bindings.TestFromGetter" runstate="Runnable" seed="977041269" result="Passed" start-time="2023-03-15 21:16:50Z" end-time="2023-03-15 21:16:50Z" duration="0.000246" asserts="0">
                <properties>
                  <property name="platform" value="EditMode" />
                </properties>
              </test-case>
            </test-suite>
            <test-suite type="TestFixture" id="1868" name="TestFromIFactory" fullname="Zenject.Tests.Bindings.TestFromIFactory" classname="Zenject.Tests.Bindings.TestFromIFactory" runstate="Runnable" testcasecount="1" result="Passed" start-time="2023-03-15 21:16:50Z" end-time="2023-03-15 21:16:50Z" duration="0.001805" total="1" passed="1" failed="0" inconclusive="0" skipped="0" asserts="0">
              <properties>
                <property name="platform" value="EditMode" />
              </properties>
              <test-case id="1869" name="Test1" fullname="Zenject.Tests.Bindings.TestFromIFactory.Test1" methodname="Test1" classname="Zenject.Tests.Bindings.TestFromIFactory" runstate="Runnable" seed="1284656279" result="Passed" start-time="2023-03-15 21:16:50Z" end-time="2023-03-15 21:16:50Z" duration="0.001563" asserts="0">
                <properties>
                  <property name="platform" value="EditMode" />
                </properties>
              </test-case>
            </test-suite>
            <test-suite type="TestFixture" id="1870" name="TestFromIFactory2" fullname="Zenject.Tests.Bindings.TestFromIFactory2" classname="Zenject.Tests.Bindings.TestFromIFactory2" runstate="Runnable" testcasecount="1" result="Passed" start-time="2023-03-15 21:16:50Z" end-time="2023-03-15 21:16:50Z" duration="0.001634" total="1" passed="1" failed="0" inconclusive="0" skipped="0" asserts="0">
              <properties>
                <property name="platform" value="EditMode" />
              </properties>
              <test-case id="1871" name="Test1" fullname="Zenject.Tests.Bindings.TestFromIFactory2.Test1" methodname="Test1" classname="Zenject.Tests.Bindings.TestFromIFactory2" runstate="Runnable" seed="341876006" result="Passed" start-time="2023-03-15 21:16:50Z" end-time="2023-03-15 21:16:50Z" duration="0.001393" asserts="0">
                <properties>
                  <property name="platform" value="EditMode" />
                </properties>
              </test-case>
            </test-suite>
            <test-suite type="TestFixture" id="1872" name="TestFromInstance" fullname="Zenject.Tests.Bindings.TestFromInstance" classname="Zenject.Tests.Bindings.TestFromInstance" runstate="Runnable" testcasecount="3" result="Passed" start-time="2023-03-15 21:16:50Z" end-time="2023-03-15 21:16:50Z" duration="0.001051" total="3" passed="3" failed="0" inconclusive="0" skipped="0" asserts="0">
              <properties>
                <property name="platform" value="EditMode" />
              </properties>
              <test-case id="1875" name="TestCached" fullname="Zenject.Tests.Bindings.TestFromInstance.TestCached" methodname="TestCached" classname="Zenject.Tests.Bindings.TestFromInstance" runstate="Runnable" seed="1506292023" result="Passed" start-time="2023-03-15 21:16:50Z" end-time="2023-03-15 21:16:50Z" duration="0.000274" asserts="0">
                <properties>
                  <property name="platform" value="EditMode" />
                </properties>
              </test-case>
              <test-case id="1874" name="TestSingle" fullname="Zenject.Tests.Bindings.TestFromInstance.TestSingle" methodname="TestSingle" classname="Zenject.Tests.Bindings.TestFromInstance" runstate="Runnable" seed="1708622235" result="Passed" start-time="2023-03-15 21:16:50Z" end-time="2023-03-15 21:16:50Z" duration="0.000221" asserts="0">
                <properties>
                  <property name="platform" value="EditMode" />
                </properties>
              </test-case>
              <test-case id="1873" name="TestTransient" fullname="Zenject.Tests.Bindings.TestFromInstance.TestTransient" methodname="TestTransient" classname="Zenject.Tests.Bindings.TestFromInstance" runstate="Runnable" seed="1298006543" result="Passed" start-time="2023-03-15 21:16:50Z" end-time="2023-03-15 21:16:50Z" duration="0.000180" asserts="0">
                <properties>
                  <property name="platform" value="EditMode" />
                </properties>
              </test-case>
            </test-suite>
            <test-suite type="TestFixture" id="1876" name="TestFromMethod" fullname="Zenject.Tests.Bindings.TestFromMethod" classname="Zenject.Tests.Bindings.TestFromMethod" runstate="Runnable" testcasecount="5" result="Passed" start-time="2023-03-15 21:16:50Z" end-time="2023-03-15 21:16:50Z" duration="0.001828" total="5" passed="5" failed="0" inconclusive="0" skipped="0" asserts="0">
              <properties>
                <property name="platform" value="EditMode" />
              </properties>
              <test-case id="1879" name="TestCached" fullname="Zenject.Tests.Bindings.TestFromMethod.TestCached" methodname="TestCached" classname="Zenject.Tests.Bindings.TestFromMethod" runstate="Runnable" seed="649995175" result="Passed" start-time="2023-03-15 21:16:50Z" end-time="2023-03-15 21:16:50Z" duration="0.000374" asserts="0">
                <properties>
                  <property name="platform" value="EditMode" />
                </properties>
              </test-case>
              <test-case id="1881" name="TestCached2" fullname="Zenject.Tests.Bindings.TestFromMethod.TestCached2" methodname="TestCached2" classname="Zenject.Tests.Bindings.TestFromMethod" runstate="Runnable" seed="1985552931" result="Passed" start-time="2023-03-15 21:16:50Z" end-time="2023-03-15 21:16:50Z" duration="0.000322" asserts="0">
                <properties>
                  <property name="platform" value="EditMode" />
                </properties>
              </test-case>
              <test-case id="1877" name="TestSingle" fullname="Zenject.Tests.Bindings.TestFromMethod.TestSingle" methodname="TestSingle" classname="Zenject.Tests.Bindings.TestFromMethod" runstate="Runnable" seed="325889887" result="Passed" start-time="2023-03-15 21:16:50Z" end-time="2023-03-15 21:16:50Z" duration="0.000176" asserts="0">
                <properties>
                  <property name="platform" value="EditMode" />
                </properties>
              </test-case>
              <test-case id="1878" name="TestTransient" fullname="Zenject.Tests.Bindings.TestFromMethod.TestTransient" methodname="TestTransient" classname="Zenject.Tests.Bindings.TestFromMethod" runstate="Runnable" seed="1917128597" result="Passed" start-time="2023-03-15 21:16:50Z" end-time="2023-03-15 21:16:50Z" duration="0.000173" asserts="0">
                <properties>
                  <property name="platform" value="EditMode" />
                </properties>
              </test-case>
              <test-case id="1880" name="TestTransient2" fullname="Zenject.Tests.Bindings.TestFromMethod.TestTransient2" methodname="TestTransient2" classname="Zenject.Tests.Bindings.TestFromMethod" runstate="Runnable" seed="2037118499" result="Passed" start-time="2023-03-15 21:16:50Z" end-time="2023-03-15 21:16:50Z" duration="0.000274" asserts="0">
                <properties>
                  <property name="platform" value="EditMode" />
                </properties>
              </test-case>
            </test-suite>
            <test-suite type="TestFixture" id="1882" name="TestFromMethodMultiple" fullname="Zenject.Tests.Bindings.TestFromMethodMultiple" classname="Zenject.Tests.Bindings.TestFromMethodMultiple" runstate="Runnable" testcasecount="8" result="Passed" start-time="2023-03-15 21:16:50Z" end-time="2023-03-15 21:16:50Z" duration="0.003483" total="8" passed="8" failed="0" inconclusive="0" skipped="0" asserts="0">
              <properties>
                <property name="platform" value="EditMode" />
              </properties>
              <test-case id="1888" name="TestCached" fullname="Zenject.Tests.Bindings.TestFromMethodMultiple.TestCached" methodname="TestCached" classname="Zenject.Tests.Bindings.TestFromMethodMultiple" runstate="Runnable" seed="1672903190" result="Passed" start-time="2023-03-15 21:16:50Z" end-time="2023-03-15 21:16:50Z" duration="0.001011" asserts="0">
                <properties>
                  <property name="platform" value="EditMode" />
                </properties>
              </test-case>
              <test-case id="1890" name="TestCached2" fullname="Zenject.Tests.Bindings.TestFromMethodMultiple.TestCached2" methodname="TestCached2" classname="Zenject.Tests.Bindings.TestFromMethodMultiple" runstate="Runnable" seed="457520188" result="Passed" start-time="2023-03-15 21:16:50Z" end-time="2023-03-15 21:16:50Z" duration="0.000341" asserts="0">
                <properties>
                  <property name="platform" value="EditMode" />
                </properties>
              </test-case>
              <test-case id="1885" name="TestMisc" fullname="Zenject.Tests.Bindings.TestFromMethodMultiple.TestMisc" methodname="TestMisc" classname="Zenject.Tests.Bindings.TestFromMethodMultiple" runstate="Runnable" seed="1832441368" result="Passed" start-time="2023-03-15 21:16:50Z" end-time="2023-03-15 21:16:50Z" duration="0.000298" asserts="0">
                <properties>
                  <property name="platform" value="EditMode" />
                </properties>
              </test-case>
              <test-case id="1886" name="TestMisc2" fullname="Zenject.Tests.Bindings.TestFromMethodMultiple.TestMisc2" methodname="TestMisc2" classname="Zenject.Tests.Bindings.TestFromMethodMultiple" runstate="Runnable" seed="793028445" result="Passed" start-time="2023-03-15 21:16:50Z" end-time="2023-03-15 21:16:50Z" duration="0.000290" asserts="0">
                <properties>
                  <property name="platform" value="EditMode" />
                </properties>
              </test-case>
              <test-case id="1883" name="TestSingle" fullname="Zenject.Tests.Bindings.TestFromMethodMultiple.TestSingle" methodname="TestSingle" classname="Zenject.Tests.Bindings.TestFromMethodMultiple" runstate="Runnable" seed="1341194931" result="Passed" start-time="2023-03-15 21:16:50Z" end-time="2023-03-15 21:16:50Z" duration="0.000172" asserts="0">
                <properties>
                  <property name="platform" value="EditMode" />
                </properties>
              </test-case>
              <test-case id="1884" name="TestSingle5" fullname="Zenject.Tests.Bindings.TestFromMethodMultiple.TestSingle5" methodname="TestSingle5" classname="Zenject.Tests.Bindings.TestFromMethodMultiple" runstate="Runnable" seed="183838305" result="Passed" start-time="2023-03-15 21:16:50Z" end-time="2023-03-15 21:16:50Z" duration="0.000228" asserts="0">
                <properties>
                  <property name="platform" value="EditMode" />
                </properties>
              </test-case>
              <test-case id="1887" name="TestTransient" fullname="Zenject.Tests.Bindings.TestFromMethodMultiple.TestTransient" methodname="TestTransient" classname="Zenject.Tests.Bindings.TestFromMethodMultiple" runstate="Runnable" seed="523085016" result="Passed" start-time="2023-03-15 21:16:50Z" end-time="2023-03-15 21:16:50Z" duration="0.000174" asserts="0">
                <properties>
                  <property name="platform" value="EditMode" />
                </properties>
              </test-case>
              <test-case id="1889" name="TestTransient2" fullname="Zenject.Tests.Bindings.TestFromMethodMultiple.TestTransient2" methodname="TestTransient2" classname="Zenject.Tests.Bindings.TestFromMethodMultiple" runstate="Runnable" seed="387620647" result="Passed" start-time="2023-03-15 21:16:50Z" end-time="2023-03-15 21:16:50Z" duration="0.000267" asserts="0">
                <properties>
                  <property name="platform" value="EditMode" />
                </properties>
              </test-case>
            </test-suite>
            <test-suite type="TestFixture" id="1891" name="TestFromMethodMultipleUntyped" fullname="Zenject.Tests.Bindings.TestFromMethodMultipleUntyped" classname="Zenject.Tests.Bindings.TestFromMethodMultipleUntyped" runstate="Runnable" testcasecount="8" result="Passed" start-time="2023-03-15 21:16:50Z" end-time="2023-03-15 21:16:50Z" duration="0.002971" total="8" passed="8" failed="0" inconclusive="0" skipped="0" asserts="0">
              <properties>
                <property name="platform" value="EditMode" />
              </properties>
              <test-case id="1897" name="TestCached" fullname="Zenject.Tests.Bindings.TestFromMethodMultipleUntyped.TestCached" methodname="TestCached" classname="Zenject.Tests.Bindings.TestFromMethodMultipleUntyped" runstate="Runnable" seed="588972045" result="Passed" start-time="2023-03-15 21:16:50Z" end-time="2023-03-15 21:16:50Z" duration="0.000590" asserts="0">
                <properties>
                  <property name="platform" value="EditMode" />
                </properties>
              </test-case>
              <test-case id="1899" name="TestCached2" fullname="Zenject.Tests.Bindings.TestFromMethodMultipleUntyped.TestCached2" methodname="TestCached2" classname="Zenject.Tests.Bindings.TestFromMethodMultipleUntyped" runstate="Runnable" seed="88048225" result="Passed" start-time="2023-03-15 21:16:50Z" end-time="2023-03-15 21:16:50Z" duration="0.000276" asserts="0">
                <properties>
                  <property name="platform" value="EditMode" />
                </properties>
              </test-case>
              <test-case id="1894" name="TestMisc" fullname="Zenject.Tests.Bindings.TestFromMethodMultipleUntyped.TestMisc" methodname="TestMisc" classname="Zenject.Tests.Bindings.TestFromMethodMultipleUntyped" runstate="Runnable" seed="23354437" result="Passed" start-time="2023-03-15 21:16:50Z" end-time="2023-03-15 21:16:50Z" duration="0.000288" asserts="0">
                <properties>
                  <property name="platform" value="EditMode" />
                </properties>
              </test-case>
              <test-case id="1895" name="TestMisc2" fullname="Zenject.Tests.Bindings.TestFromMethodMultipleUntyped.TestMisc2" methodname="TestMisc2" classname="Zenject.Tests.Bindings.TestFromMethodMultipleUntyped" runstate="Runnable" seed="57869413" result="Passed" start-time="2023-03-15 21:16:50Z" end-time="2023-03-15 21:16:50Z" duration="0.000278" asserts="0">
                <properties>
                  <property name="platform" value="EditMode" />
                </properties>
              </test-case>
              <test-case id="1892" name="TestSingle" fullname="Zenject.Tests.Bindings.TestFromMethodMultipleUntyped.TestSingle" methodname="TestSingle" classname="Zenject.Tests.Bindings.TestFromMethodMultipleUntyped" runstate="Runnable" seed="1940891262" result="Passed" start-time="2023-03-15 21:16:50Z" end-time="2023-03-15 21:16:50Z" duration="0.000176" asserts="0">
                <properties>
                  <property name="platform" value="EditMode" />
                </properties>
              </test-case>
              <test-case id="1893" name="TestSingle5" fullname="Zenject.Tests.Bindings.TestFromMethodMultipleUntyped.TestSingle5" methodname="TestSingle5" classname="Zenject.Tests.Bindings.TestFromMethodMultipleUntyped" runstate="Runnable" seed="1067856063" result="Passed" start-time="2023-03-15 21:16:50Z" end-time="2023-03-15 21:16:50Z" duration="0.000210" asserts="0">
                <properties>
                  <property name="platform" value="EditMode" />
                </properties>
              </test-case>
              <test-case id="1896" name="TestTransient" fullname="Zenject.Tests.Bindings.TestFromMethodMultipleUntyped.TestTransient" methodname="TestTransient" classname="Zenject.Tests.Bindings.TestFromMethodMultipleUntyped" runstate="Runnable" seed="990647769" result="Passed" start-time="2023-03-15 21:16:50Z" end-time="2023-03-15 21:16:50Z" duration="0.000170" asserts="0">
                <properties>
                  <property name="platform" value="EditMode" />
                </properties>
              </test-case>
              <test-case id="1898" name="TestTransient2" fullname="Zenject.Tests.Bindings.TestFromMethodMultipleUntyped.TestTransient2" methodname="TestTransient2" classname="Zenject.Tests.Bindings.TestFromMethodMultipleUntyped" runstate="Runnable" seed="1856039795" result="Passed" start-time="2023-03-15 21:16:50Z" end-time="2023-03-15 21:16:50Z" duration="0.000271" asserts="0">
                <properties>
                  <property name="platform" value="EditMode" />
                </properties>
              </test-case>
            </test-suite>
            <test-suite type="TestFixture" id="2023" name="TestFromPoolableMemoryPoolOne" fullname="Zenject.Tests.Bindings.TestFromPoolableMemoryPoolOne" classname="Zenject.Tests.Bindings.TestFromPoolableMemoryPoolOne" runstate="Runnable" testcasecount="1" result="Passed" start-time="2023-03-15 21:16:50Z" end-time="2023-03-15 21:16:50Z" duration="0.003765" total="1" passed="1" failed="0" inconclusive="0" skipped="0" asserts="0">
              <properties>
                <property name="platform" value="EditMode" />
              </properties>
              <test-case id="2024" name="Test1" fullname="Zenject.Tests.Bindings.TestFromPoolableMemoryPoolOne.Test1" methodname="Test1" classname="Zenject.Tests.Bindings.TestFromPoolableMemoryPoolOne" runstate="Runnable" seed="1160876296" result="Passed" start-time="2023-03-15 21:16:50Z" end-time="2023-03-15 21:16:50Z" duration="0.003514" asserts="0">
                <properties>
                  <property name="platform" value="EditMode" />
                </properties>
              </test-case>
            </test-suite>
            <test-suite type="TestFixture" id="2025" name="TestFromPoolableMemoryPoolSix" fullname="Zenject.Tests.Bindings.TestFromPoolableMemoryPoolSix" classname="Zenject.Tests.Bindings.TestFromPoolableMemoryPoolSix" runstate="Runnable" testcasecount="1" result="Passed" start-time="2023-03-15 21:16:50Z" end-time="2023-03-15 21:16:50Z" duration="0.002746" total="1" passed="1" failed="0" inconclusive="0" skipped="0" asserts="0">
              <properties>
                <property name="platform" value="EditMode" />
              </properties>
              <test-case id="2026" name="Test1" fullname="Zenject.Tests.Bindings.TestFromPoolableMemoryPoolSix.Test1" methodname="Test1" classname="Zenject.Tests.Bindings.TestFromPoolableMemoryPoolSix" runstate="Runnable" seed="514951745" result="Passed" start-time="2023-03-15 21:16:50Z" end-time="2023-03-15 21:16:50Z" duration="0.002488" asserts="0">
                <properties>
                  <property name="platform" value="EditMode" />
                </properties>
              </test-case>
            </test-suite>
            <test-suite type="TestFixture" id="2027" name="TestFromPoolableMemoryPoolValidation" fullname="Zenject.Tests.Bindings.TestFromPoolableMemoryPoolValidation" classname="Zenject.Tests.Bindings.TestFromPoolableMemoryPoolValidation" runstate="Runnable" testcasecount="2" result="Passed" start-time="2023-03-15 21:16:50Z" end-time="2023-03-15 21:16:50Z" duration="0.005442" total="2" passed="2" failed="0" inconclusive="0" skipped="0" asserts="0">
              <properties>
                <property name="platform" value="EditMode" />
              </properties>
              <test-case id="2028" name="TestFailure" fullname="Zenject.Tests.Bindings.TestFromPoolableMemoryPoolValidation.TestFailure" methodname="TestFailure" classname="Zenject.Tests.Bindings.TestFromPoolableMemoryPoolValidation" runstate="Runnable" seed="845819164" result="Passed" start-time="2023-03-15 21:16:50Z" end-time="2023-03-15 21:16:50Z" duration="0.003389" asserts="0">
                <properties>
                  <property name="platform" value="EditMode" />
                </properties>
              </test-case>
              <test-case id="2029" name="TestSuccess" fullname="Zenject.Tests.Bindings.TestFromPoolableMemoryPoolValidation.TestSuccess" methodname="TestSuccess" classname="Zenject.Tests.Bindings.TestFromPoolableMemoryPoolValidation" runstate="Runnable" seed="1574488963" result="Passed" start-time="2023-03-15 21:16:50Z" end-time="2023-03-15 21:16:50Z" duration="0.001712" asserts="0">
                <properties>
                  <property name="platform" value="EditMode" />
                </properties>
              </test-case>
            </test-suite>
            <test-suite type="TestFixture" id="2030" name="TestFromPoolableMemoryPoolZero" fullname="Zenject.Tests.Bindings.TestFromPoolableMemoryPoolZero" classname="Zenject.Tests.Bindings.TestFromPoolableMemoryPoolZero" runstate="Runnable" testcasecount="1" result="Passed" start-time="2023-03-15 21:16:50Z" end-time="2023-03-15 21:16:50Z" duration="0.001341" total="1" passed="1" failed="0" inconclusive="0" skipped="0" asserts="0">
              <properties>
                <property name="platform" value="EditMode" />
              </properties>
              <test-case id="2031" name="Test1" fullname="Zenject.Tests.Bindings.TestFromPoolableMemoryPoolZero.Test1" methodname="Test1" classname="Zenject.Tests.Bindings.TestFromPoolableMemoryPoolZero" runstate="Runnable" seed="1503443989" result="Passed" start-time="2023-03-15 21:16:50Z" end-time="2023-03-15 21:16:50Z" duration="0.001071" asserts="0">
                <properties>
                  <property name="platform" value="EditMode" />
                </properties>
              </test-case>
            </test-suite>
            <test-suite type="TestFixture" id="1900" name="TestFromResolve" fullname="Zenject.Tests.Bindings.TestFromResolve" classname="Zenject.Tests.Bindings.TestFromResolve" runstate="Runnable" testcasecount="15" result="Passed" start-time="2023-03-15 21:16:50Z" end-time="2023-03-15 21:16:50Z" duration="0.006989" total="15" passed="15" failed="0" inconclusive="0" skipped="0" asserts="0">
              <properties>
                <property name="platform" value="EditMode" />
              </properties>
              <test-case id="1903" name="TestCached" fullname="Zenject.Tests.Bindings.TestFromResolve.TestCached" methodname="TestCached" classname="Zenject.Tests.Bindings.TestFromResolve" runstate="Runnable" seed="1330798545" result="Passed" start-time="2023-03-15 21:16:50Z" end-time="2023-03-15 21:16:50Z" duration="0.000327" asserts="0">
                <properties>
                  <property name="platform" value="EditMode" />
                </properties>
              </test-case>
              <test-case id="1902" name="TestIdentifier" fullname="Zenject.Tests.Bindings.TestFromResolve.TestIdentifier" methodname="TestIdentifier" classname="Zenject.Tests.Bindings.TestFromResolve" runstate="Runnable" seed="1358306668" result="Passed" start-time="2023-03-15 21:16:50Z" end-time="2023-03-15 21:16:50Z" duration="0.000246" asserts="0">
                <properties>
                  <property name="platform" value="EditMode" />
                </properties>
              </test-case>
              <test-case id="1907" name="TestInfiniteLoop" fullname="Zenject.Tests.Bindings.TestFromResolve.TestInfiniteLoop" methodname="TestInfiniteLoop" classname="Zenject.Tests.Bindings.TestFromResolve" runstate="Runnable" seed="527596209" result="Passed" start-time="2023-03-15 21:16:50Z" end-time="2023-03-15 21:16:50Z" duration="0.000235" asserts="0">
                <properties>
                  <property name="platform" value="EditMode" />
                </properties>
              </test-case>
              <test-case id="1914" name="TestInjectSource1" fullname="Zenject.Tests.Bindings.TestFromResolve.TestInjectSource1" methodname="TestInjectSource1" classname="Zenject.Tests.Bindings.TestFromResolve" runstate="Runnable" seed="2105947452" result="Passed" start-time="2023-03-15 21:16:50Z" end-time="2023-03-15 21:16:50Z" duration="0.000214" asserts="0">
                <properties>
                  <property name="platform" value="EditMode" />
                </properties>
              </test-case>
              <test-case id="1915" name="TestInjectSource2" fullname="Zenject.Tests.Bindings.TestFromResolve.TestInjectSource2" methodname="TestInjectSource2" classname="Zenject.Tests.Bindings.TestFromResolve" runstate="Runnable" seed="1207769087" result="Passed" start-time="2023-03-15 21:16:50Z" end-time="2023-03-15 21:16:50Z" duration="0.000640" asserts="0">
                <properties>
                  <property name="platform" value="EditMode" />
                </properties>
              </test-case>
              <test-case id="1905" name="TestNoMatch" fullname="Zenject.Tests.Bindings.TestFromResolve.TestNoMatch" methodname="TestNoMatch" classname="Zenject.Tests.Bindings.TestFromResolve" runstate="Runnable" seed="1765719975" result="Passed" start-time="2023-03-15 21:16:50Z" end-time="2023-03-15 21:16:50Z" duration="0.000207" asserts="0">
                <properties>
                  <property name="platform" value="EditMode" />
                </properties>
              </test-case>
              <test-case id="1910" name="TestResolveManyCached" fullname="Zenject.Tests.Bindings.TestFromResolve.TestResolveManyCached" methodname="TestResolveManyCached" classname="Zenject.Tests.Bindings.TestFromResolve" runstate="Runnable" seed="1569607525" result="Passed" start-time="2023-03-15 21:16:50Z" end-time="2023-03-15 21:16:50Z" duration="0.000346" asserts="0">
                <properties>
                  <property name="platform" value="EditMode" />
                </properties>
              </test-case>
              <test-case id="1911" name="TestResolveManyCached2" fullname="Zenject.Tests.Bindings.TestFromResolve.TestResolveManyCached2" methodname="TestResolveManyCached2" classname="Zenject.Tests.Bindings.TestFromResolve" runstate="Runnable" seed="936761142" result="Passed" start-time="2023-03-15 21:16:50Z" end-time="2023-03-15 21:16:50Z" duration="0.000575" asserts="0">
                <properties>
                  <property name="platform" value="EditMode" />
                </properties>
              </test-case>
              <test-case id="1912" name="TestResolveManyCached3" fullname="Zenject.Tests.Bindings.TestFromResolve.TestResolveManyCached3" methodname="TestResolveManyCached3" classname="Zenject.Tests.Bindings.TestFromResolve" runstate="Runnable" seed="1010209649" result="Passed" start-time="2023-03-15 21:16:50Z" end-time="2023-03-15 21:16:50Z" duration="0.000425" asserts="0">
                <properties>
                  <property name="platform" value="EditMode" />
                </properties>
              </test-case>
              <test-case id="1908" name="TestResolveManyTransient" fullname="Zenject.Tests.Bindings.TestFromResolve.TestResolveManyTransient" methodname="TestResolveManyTransient" classname="Zenject.Tests.Bindings.TestFromResolve" runstate="Runnable" seed="1467716714" result="Passed" start-time="2023-03-15 21:16:50Z" end-time="2023-03-15 21:16:50Z" duration="0.000229" asserts="0">
                <properties>
                  <property name="platform" value="EditMode" />
                </properties>
              </test-case>
              <test-case id="1909" name="TestResolveManyTransient2" fullname="Zenject.Tests.Bindings.TestFromResolve.TestResolveManyTransient2" methodname="TestResolveManyTransient2" classname="Zenject.Tests.Bindings.TestFromResolve" runstate="Runnable" seed="692858252" result="Passed" start-time="2023-03-15 21:16:50Z" end-time="2023-03-15 21:16:50Z" duration="0.000270" asserts="0">
                <properties>
                  <property name="platform" value="EditMode" />
                </properties>
              </test-case>
              <test-case id="1913" name="TestResolveSingleLocal" fullname="Zenject.Tests.Bindings.TestFromResolve.TestResolveSingleLocal" methodname="TestResolveSingleLocal" classname="Zenject.Tests.Bindings.TestFromResolve" runstate="Runnable" seed="2084920887" result="Passed" start-time="2023-03-15 21:16:50Z" end-time="2023-03-15 21:16:50Z" duration="0.000223" asserts="0">
                <properties>
                  <property name="platform" value="EditMode" />
                </properties>
              </test-case>
              <test-case id="1904" name="TestSingle" fullname="Zenject.Tests.Bindings.TestFromResolve.TestSingle" methodname="TestSingle" classname="Zenject.Tests.Bindings.TestFromResolve" runstate="Runnable" seed="808849910" result="Passed" start-time="2023-03-15 21:16:50Z" end-time="2023-03-15 21:16:50Z" duration="0.000211" asserts="0">
                <properties>
                  <property name="platform" value="EditMode" />
                </properties>
              </test-case>
              <test-case id="1906" name="TestSingleFailure" fullname="Zenject.Tests.Bindings.TestFromResolve.TestSingleFailure" methodname="TestSingleFailure" classname="Zenject.Tests.Bindings.TestFromResolve" runstate="Runnable" seed="456587046" result="Passed" start-time="2023-03-15 21:16:50Z" end-time="2023-03-15 21:16:50Z" duration="0.000217" asserts="0">
                <properties>
                  <property name="platform" value="EditMode" />
                </properties>
              </test-case>
              <test-case id="1901" name="TestTransient" fullname="Zenject.Tests.Bindings.TestFromResolve.TestTransient" methodname="TestTransient" classname="Zenject.Tests.Bindings.TestFromResolve" runstate="Runnable" seed="716266010" result="Passed" start-time="2023-03-15 21:16:50Z" end-time="2023-03-15 21:16:50Z" duration="0.000189" asserts="0">
                <properties>
                  <property name="platform" value="EditMode" />
                </properties>
              </test-case>
            </test-suite>
            <test-suite type="TestFixture" id="1916" name="TestFromSubContainerInstaller" fullname="Zenject.Tests.Bindings.TestFromSubContainerInstaller" classname="Zenject.Tests.Bindings.TestFromSubContainerInstaller" runstate="Runnable" testcasecount="8" result="Passed" start-time="2023-03-15 21:16:50Z" end-time="2023-03-15 21:16:50Z" duration="0.003754" total="8" passed="8" failed="0" inconclusive="0" skipped="0" asserts="0">
              <properties>
                <property name="platform" value="EditMode" />
              </properties>
              <test-case id="1919" name="TestInstallerSelfCached" fullname="Zenject.Tests.Bindings.TestFromSubContainerInstaller.TestInstallerSelfCached" methodname="TestInstallerSelfCached" classname="Zenject.Tests.Bindings.TestFromSubContainerInstaller" runstate="Runnable" seed="1890023651" result="Passed" start-time="2023-03-15 21:16:50Z" end-time="2023-03-15 21:16:50Z" duration="0.001046" asserts="0">
                <properties>
                  <property name="platform" value="EditMode" />
                </properties>
              </test-case>
              <test-case id="1921" name="TestInstallerSelfCachedMultipleContracts" fullname="Zenject.Tests.Bindings.TestFromSubContainerInstaller.TestInstallerSelfCachedMultipleContracts" methodname="TestInstallerSelfCachedMultipleContracts" classname="Zenject.Tests.Bindings.TestFromSubContainerInstaller" runstate="Runnable" seed="1235775867" result="Passed" start-time="2023-03-15 21:16:50Z" end-time="2023-03-15 21:16:50Z" duration="0.000364" asserts="0">
                <properties>
                  <property name="platform" value="EditMode" />
                </properties>
              </test-case>
              <test-case id="1924" name="TestInstallerSelfIdentifiers" fullname="Zenject.Tests.Bindings.TestFromSubContainerInstaller.TestInstallerSelfIdentifiers" methodname="TestInstallerSelfIdentifiers" classname="Zenject.Tests.Bindings.TestFromSubContainerInstaller" runstate="Runnable" seed="1225339520" result="Passed" start-time="2023-03-15 21:16:50Z" end-time="2023-03-15 21:16:50Z" duration="0.000239" asserts="0">
                <properties>
                  <property name="platform" value="EditMode" />
                </properties>
              </test-case>
              <test-case id="1923" name="TestInstallerSelfIdentifiersFails" fullname="Zenject.Tests.Bindings.TestFromSubContainerInstaller.TestInstallerSelfIdentifiersFails" methodname="TestInstallerSelfIdentifiersFails" classname="Zenject.Tests.Bindings.TestFromSubContainerInstaller" runstate="Runnable" seed="1319834310" result="Passed" start-time="2023-03-15 21:16:50Z" end-time="2023-03-15 21:16:50Z" duration="0.000235" asserts="0">
                <properties>
                  <property name="platform" value="EditMode" />
                </properties>
              </test-case>
              <test-case id="1917" name="TestInstallerSelfSingle" fullname="Zenject.Tests.Bindings.TestFromSubContainerInstaller.TestInstallerSelfSingle" methodname="TestInstallerSelfSingle" classname="Zenject.Tests.Bindings.TestFromSubContainerInstaller" runstate="Runnable" seed="379957690" result="Passed" start-time="2023-03-15 21:16:50Z" end-time="2023-03-15 21:16:50Z" duration="0.000221" asserts="0">
                <properties>
                  <property name="platform" value="EditMode" />
                </properties>
              </test-case>
              <test-case id="1920" name="TestInstallerSelfSingleMultipleContracts" fullname="Zenject.Tests.Bindings.TestFromSubContainerInstaller.TestInstallerSelfSingleMultipleContracts" methodname="TestInstallerSelfSingleMultipleContracts" classname="Zenject.Tests.Bindings.TestFromSubContainerInstaller" runstate="Runnable" seed="1905595055" result="Passed" start-time="2023-03-15 21:16:50Z" end-time="2023-03-15 21:16:50Z" duration="0.000223" asserts="0">
                <properties>
                  <property name="platform" value="EditMode" />
                </properties>
              </test-case>
              <test-case id="1922" name="TestInstallerSelfSingleMultipleMatches" fullname="Zenject.Tests.Bindings.TestFromSubContainerInstaller.TestInstallerSelfSingleMultipleMatches" methodname="TestInstallerSelfSingleMultipleMatches" classname="Zenject.Tests.Bindings.TestFromSubContainerInstaller" runstate="Runnable" seed="580080200" result="Passed" start-time="2023-03-15 21:16:50Z" end-time="2023-03-15 21:16:50Z" duration="0.000412" asserts="0">
                <properties>
                  <property name="platform" value="EditMode" />
                </properties>
              </test-case>
              <test-case id="1918" name="TestInstallerSelfTransient" fullname="Zenject.Tests.Bindings.TestFromSubContainerInstaller.TestInstallerSelfTransient" methodname="TestInstallerSelfTransient" classname="Zenject.Tests.Bindings.TestFromSubContainerInstaller" runstate="Runnable" seed="1029638736" result="Passed" start-time="2023-03-15 21:16:50Z" end-time="2023-03-15 21:16:50Z" duration="0.000299" asserts="0">
                <properties>
                  <property name="platform" value="EditMode" />
                </properties>
              </test-case>
            </test-suite>
            <test-suite type="TestFixture" id="1925" name="TestFromSubContainerInstance" fullname="Zenject.Tests.Bindings.TestFromSubContainerInstance" classname="Zenject.Tests.Bindings.TestFromSubContainerInstance" runstate="Runnable" testcasecount="8" result="Passed" start-time="2023-03-15 21:16:50Z" end-time="2023-03-15 21:16:50Z" duration="0.002772" total="8" passed="8" failed="0" inconclusive="0" skipped="0" asserts="0">
              <properties>
                <property name="platform" value="EditMode" />
              </properties>
              <test-case id="1928" name="TestInstallerSelfCached" fullname="Zenject.Tests.Bindings.TestFromSubContainerInstance.TestInstallerSelfCached" methodname="TestInstallerSelfCached" classname="Zenject.Tests.Bindings.TestFromSubContainerInstance" runstate="Runnable" seed="1724201853" result="Passed" start-time="2023-03-15 21:16:50Z" end-time="2023-03-15 21:16:50Z" duration="0.000562" asserts="0">
                <properties>
                  <property name="platform" value="EditMode" />
                </properties>
              </test-case>
              <test-case id="1930" name="TestInstallerSelfCachedMultipleContracts" fullname="Zenject.Tests.Bindings.TestFromSubContainerInstance.TestInstallerSelfCachedMultipleContracts" methodname="TestInstallerSelfCachedMultipleContracts" classname="Zenject.Tests.Bindings.TestFromSubContainerInstance" runstate="Runnable" seed="1012817440" result="Passed" start-time="2023-03-15 21:16:50Z" end-time="2023-03-15 21:16:50Z" duration="0.000212" asserts="0">
                <properties>
                  <property name="platform" value="EditMode" />
                </properties>
              </test-case>
              <test-case id="1933" name="TestInstallerSelfIdentifiers" fullname="Zenject.Tests.Bindings.TestFromSubContainerInstance.TestInstallerSelfIdentifiers" methodname="TestInstallerSelfIdentifiers" classname="Zenject.Tests.Bindings.TestFromSubContainerInstance" runstate="Runnable" seed="49086531" result="Passed" start-time="2023-03-15 21:16:50Z" end-time="2023-03-15 21:16:50Z" duration="0.000206" asserts="0">
                <properties>
                  <property name="platform" value="EditMode" />
                </properties>
              </test-case>
              <test-case id="1932" name="TestInstallerSelfIdentifiersFails" fullname="Zenject.Tests.Bindings.TestFromSubContainerInstance.TestInstallerSelfIdentifiersFails" methodname="TestInstallerSelfIdentifiersFails" classname="Zenject.Tests.Bindings.TestFromSubContainerInstance" runstate="Runnable" seed="100062629" result="Passed" start-time="2023-03-15 21:16:50Z" end-time="2023-03-15 21:16:50Z" duration="0.000205" asserts="0">
                <properties>
                  <property name="platform" value="EditMode" />
                </properties>
              </test-case>
              <test-case id="1926" name="TestInstallerSelfSingle" fullname="Zenject.Tests.Bindings.TestFromSubContainerInstance.TestInstallerSelfSingle" methodname="TestInstallerSelfSingle" classname="Zenject.Tests.Bindings.TestFromSubContainerInstance" runstate="Runnable" seed="2137360700" result="Passed" start-time="2023-03-15 21:16:50Z" end-time="2023-03-15 21:16:50Z" duration="0.000179" asserts="0">
                <properties>
                  <property name="platform" value="EditMode" />
                </properties>
              </test-case>
              <test-case id="1929" name="TestInstallerSelfSingleMultipleContracts" fullname="Zenject.Tests.Bindings.TestFromSubContainerInstance.TestInstallerSelfSingleMultipleContracts" methodname="TestInstallerSelfSingleMultipleContracts" classname="Zenject.Tests.Bindings.TestFromSubContainerInstance" runstate="Runnable" seed="1343388082" result="Passed" start-time="2023-03-15 21:16:50Z" end-time="2023-03-15 21:16:50Z" duration="0.000193" asserts="0">
                <properties>
                  <property name="platform" value="EditMode" />
                </properties>
              </test-case>
              <test-case id="1931" name="TestInstallerSelfSingleMultipleMatches" fullname="Zenject.Tests.Bindings.TestFromSubContainerInstance.TestInstallerSelfSingleMultipleMatches" methodname="TestInstallerSelfSingleMultipleMatches" classname="Zenject.Tests.Bindings.TestFromSubContainerInstance" runstate="Runnable" seed="1406867105" result="Passed" start-time="2023-03-15 21:16:50Z" end-time="2023-03-15 21:16:50Z" duration="0.000331" asserts="0">
                <properties>
                  <property name="platform" value="EditMode" />
                </properties>
              </test-case>
              <test-case id="1927" name="TestInstallerSelfTransient" fullname="Zenject.Tests.Bindings.TestFromSubContainerInstance.TestInstallerSelfTransient" methodname="TestInstallerSelfTransient" classname="Zenject.Tests.Bindings.TestFromSubContainerInstance" runstate="Runnable" seed="963876379" result="Passed" start-time="2023-03-15 21:16:50Z" end-time="2023-03-15 21:16:50Z" duration="0.000186" asserts="0">
                <properties>
                  <property name="platform" value="EditMode" />
                </properties>
              </test-case>
            </test-suite>
            <test-suite type="TestFixture" id="1934" name="TestFromSubContainerInstanceGetter" fullname="Zenject.Tests.Bindings.TestFromSubContainerInstanceGetter" classname="Zenject.Tests.Bindings.TestFromSubContainerInstanceGetter" runstate="Runnable" testcasecount="8" result="Passed" start-time="2023-03-15 21:16:50Z" end-time="2023-03-15 21:16:50Z" duration="0.003016" total="8" passed="8" failed="0" inconclusive="0" skipped="0" asserts="0">
              <properties>
                <property name="platform" value="EditMode" />
              </properties>
              <test-case id="1937" name="TestInstallerSelfCached" fullname="Zenject.Tests.Bindings.TestFromSubContainerInstanceGetter.TestInstallerSelfCached" methodname="TestInstallerSelfCached" classname="Zenject.Tests.Bindings.TestFromSubContainerInstanceGetter" runstate="Runnable" seed="872647555" result="Passed" start-time="2023-03-15 21:16:50Z" end-time="2023-03-15 21:16:50Z" duration="0.000588" asserts="0">
                <properties>
                  <property name="platform" value="EditMode" />
                </properties>
              </test-case>
              <test-case id="1939" name="TestInstallerSelfCachedMultipleContracts" fullname="Zenject.Tests.Bindings.TestFromSubContainerInstanceGetter.TestInstallerSelfCachedMultipleContracts" methodname="TestInstallerSelfCachedMultipleContracts" classname="Zenject.Tests.Bindings.TestFromSubContainerInstanceGetter" runstate="Runnable" seed="584034552" result="Passed" start-time="2023-03-15 21:16:50Z" end-time="2023-03-15 21:16:50Z" duration="0.000241" asserts="0">
                <properties>
                  <property name="platform" value="EditMode" />
                </properties>
              </test-case>
              <test-case id="1942" name="TestInstallerSelfIdentifiers" fullname="Zenject.Tests.Bindings.TestFromSubContainerInstanceGetter.TestInstallerSelfIdentifiers" methodname="TestInstallerSelfIdentifiers" classname="Zenject.Tests.Bindings.TestFromSubContainerInstanceGetter" runstate="Runnable" seed="366370930" result="Passed" start-time="2023-03-15 21:16:50Z" end-time="2023-03-15 21:16:50Z" duration="0.000219" asserts="0">
                <properties>
                  <property name="platform" value="EditMode" />
                </properties>
              </test-case>
              <test-case id="1941" name="TestInstallerSelfIdentifiersFails" fullname="Zenject.Tests.Bindings.TestFromSubContainerInstanceGetter.TestInstallerSelfIdentifiersFails" methodname="TestInstallerSelfIdentifiersFails" classname="Zenject.Tests.Bindings.TestFromSubContainerInstanceGetter" runstate="Runnable" seed="1475083045" result="Passed" start-time="2023-03-15 21:16:50Z" end-time="2023-03-15 21:16:50Z" duration="0.000225" asserts="0">
                <properties>
                  <property name="platform" value="EditMode" />
                </properties>
              </test-case>
              <test-case id="1935" name="TestInstallerSelfSingle" fullname="Zenject.Tests.Bindings.TestFromSubContainerInstanceGetter.TestInstallerSelfSingle" methodname="TestInstallerSelfSingle" classname="Zenject.Tests.Bindings.TestFromSubContainerInstanceGetter" runstate="Runnable" seed="1061182161" result="Passed" start-time="2023-03-15 21:16:50Z" end-time="2023-03-15 21:16:50Z" duration="0.000198" asserts="0">
                <properties>
                  <property name="platform" value="EditMode" />
                </properties>
              </test-case>
              <test-case id="1938" name="TestInstallerSelfSingleMultipleContracts" fullname="Zenject.Tests.Bindings.TestFromSubContainerInstanceGetter.TestInstallerSelfSingleMultipleContracts" methodname="TestInstallerSelfSingleMultipleContracts" classname="Zenject.Tests.Bindings.TestFromSubContainerInstanceGetter" runstate="Runnable" seed="905710456" result="Passed" start-time="2023-03-15 21:16:50Z" end-time="2023-03-15 21:16:50Z" duration="0.000213" asserts="0">
                <properties>
                  <property name="platform" value="EditMode" />
                </properties>
              </test-case>
              <test-case id="1940" name="TestInstallerSelfSingleMultipleMatches" fullname="Zenject.Tests.Bindings.TestFromSubContainerInstanceGetter.TestInstallerSelfSingleMultipleMatches" methodname="TestInstallerSelfSingleMultipleMatches" classname="Zenject.Tests.Bindings.TestFromSubContainerInstanceGetter" runstate="Runnable" seed="1688635977" result="Passed" start-time="2023-03-15 21:16:50Z" end-time="2023-03-15 21:16:50Z" duration="0.000371" asserts="0">
                <properties>
                  <property name="platform" value="EditMode" />
                </properties>
              </test-case>
              <test-case id="1936" name="TestInstallerSelfTransient" fullname="Zenject.Tests.Bindings.TestFromSubContainerInstanceGetter.TestInstallerSelfTransient" methodname="TestInstallerSelfTransient" classname="Zenject.Tests.Bindings.TestFromSubContainerInstanceGetter" runstate="Runnable" seed="371246850" result="Passed" start-time="2023-03-15 21:16:50Z" end-time="2023-03-15 21:16:50Z" duration="0.000208" asserts="0">
                <properties>
                  <property name="platform" value="EditMode" />
                </properties>
              </test-case>
            </test-suite>
            <test-suite type="TestFixture" id="1943" name="TestFromSubContainerMethod" fullname="Zenject.Tests.Bindings.TestFromSubContainerMethod" classname="Zenject.Tests.Bindings.TestFromSubContainerMethod" runstate="Runnable" testcasecount="11" result="Passed" start-time="2023-03-15 21:16:50Z" end-time="2023-03-15 21:16:50Z" duration="0.003619" total="11" passed="11" failed="0" inconclusive="0" skipped="0" asserts="0">
              <properties>
                <property name="platform" value="EditMode" />
              </properties>
              <test-case id="1946" name="TestDanglingBinding" fullname="Zenject.Tests.Bindings.TestFromSubContainerMethod.TestDanglingBinding" methodname="TestDanglingBinding" classname="Zenject.Tests.Bindings.TestFromSubContainerMethod" runstate="Runnable" seed="808600489" result="Passed" start-time="2023-03-15 21:16:50Z" end-time="2023-03-15 21:16:50Z" duration="0.000200" asserts="0">
                <properties>
                  <property name="platform" value="EditMode" />
                </properties>
              </test-case>
              <test-case id="1951" name="TestMethodConcreteCached" fullname="Zenject.Tests.Bindings.TestFromSubContainerMethod.TestMethodConcreteCached" methodname="TestMethodConcreteCached" classname="Zenject.Tests.Bindings.TestFromSubContainerMethod" runstate="Runnable" seed="1802410928" result="Passed" start-time="2023-03-15 21:16:50Z" end-time="2023-03-15 21:16:50Z" duration="0.000559" asserts="0">
                <properties>
                  <property name="platform" value="EditMode" />
                </properties>
              </test-case>
              <test-case id="1952" name="TestMethodConcreteCachedMultipleContracts" fullname="Zenject.Tests.Bindings.TestFromSubContainerMethod.TestMethodConcreteCachedMultipleContracts" methodname="TestMethodConcreteCachedMultipleContracts" classname="Zenject.Tests.Bindings.TestFromSubContainerMethod" runstate="Runnable" seed="1011675777" result="Passed" start-time="2023-03-15 21:16:50Z" end-time="2023-03-15 21:16:50Z" duration="0.000224" asserts="0">
                <properties>
                  <property name="platform" value="EditMode" />
                </properties>
              </test-case>
              <test-case id="1949" name="TestMethodConcreteSingle" fullname="Zenject.Tests.Bindings.TestFromSubContainerMethod.TestMethodConcreteSingle" methodname="TestMethodConcreteSingle" classname="Zenject.Tests.Bindings.TestFromSubContainerMethod" runstate="Runnable" seed="1312826279" result="Passed" start-time="2023-03-15 21:16:50Z" end-time="2023-03-15 21:16:50Z" duration="0.000211" asserts="0">
                <properties>
                  <property name="platform" value="EditMode" />
                </properties>
              </test-case>
              <test-case id="1950" name="TestMethodConcreteTransient" fullname="Zenject.Tests.Bindings.TestFromSubContainerMethod.TestMethodConcreteTransient" methodname="TestMethodConcreteTransient" classname="Zenject.Tests.Bindings.TestFromSubContainerMethod" runstate="Runnable" seed="267247220" result="Passed" start-time="2023-03-15 21:16:50Z" end-time="2023-03-15 21:16:50Z" duration="0.000229" asserts="0">
                <properties>
                  <property name="platform" value="EditMode" />
                </properties>
              </test-case>
              <test-case id="1947" name="TestMethodSelfCached" fullname="Zenject.Tests.Bindings.TestFromSubContainerMethod.TestMethodSelfCached" methodname="TestMethodSelfCached" classname="Zenject.Tests.Bindings.TestFromSubContainerMethod" runstate="Runnable" seed="1968693078" result="Passed" start-time="2023-03-15 21:16:50Z" end-time="2023-03-15 21:16:50Z" duration="0.000211" asserts="0">
                <properties>
                  <property name="platform" value="EditMode" />
                </properties>
              </test-case>
              <test-case id="1948" name="TestMethodSelfCachedMultipleContracts" fullname="Zenject.Tests.Bindings.TestFromSubContainerMethod.TestMethodSelfCachedMultipleContracts" methodname="TestMethodSelfCachedMultipleContracts" classname="Zenject.Tests.Bindings.TestFromSubContainerMethod" runstate="Runnable" seed="1544321656" result="Passed" start-time="2023-03-15 21:16:50Z" end-time="2023-03-15 21:16:50Z" duration="0.000212" asserts="0">
                <properties>
                  <property name="platform" value="EditMode" />
                </properties>
              </test-case>
              <test-case id="1954" name="TestMethodSelfIdentifiers" fullname="Zenject.Tests.Bindings.TestFromSubContainerMethod.TestMethodSelfIdentifiers" methodname="TestMethodSelfIdentifiers" classname="Zenject.Tests.Bindings.TestFromSubContainerMethod" runstate="Runnable" seed="336320630" result="Passed" start-time="2023-03-15 21:16:50Z" end-time="2023-03-15 21:16:50Z" duration="0.000214" asserts="0">
                <properties>
                  <property name="platform" value="EditMode" />
                </properties>
              </test-case>
              <test-case id="1953" name="TestMethodSelfIdentifiersFails" fullname="Zenject.Tests.Bindings.TestFromSubContainerMethod.TestMethodSelfIdentifiersFails" methodname="TestMethodSelfIdentifiersFails" classname="Zenject.Tests.Bindings.TestFromSubContainerMethod" runstate="Runnable" seed="593703925" result="Passed" start-time="2023-03-15 21:16:50Z" end-time="2023-03-15 21:16:50Z" duration="0.000211" asserts="0">
                <properties>
                  <property name="platform" value="EditMode" />
                </properties>
              </test-case>
              <test-case id="1944" name="TestMethodSelfSingle" fullname="Zenject.Tests.Bindings.TestFromSubContainerMethod.TestMethodSelfSingle" methodname="TestMethodSelfSingle" classname="Zenject.Tests.Bindings.TestFromSubContainerMethod" runstate="Runnable" seed="1316149774" result="Passed" start-time="2023-03-15 21:16:50Z" end-time="2023-03-15 21:16:50Z" duration="0.000209" asserts="0">
                <properties>
                  <property name="platform" value="EditMode" />
                </properties>
              </test-case>
              <test-case id="1945" name="TestMethodSelfTransient" fullname="Zenject.Tests.Bindings.TestFromSubContainerMethod.TestMethodSelfTransient" methodname="TestMethodSelfTransient" classname="Zenject.Tests.Bindings.TestFromSubContainerMethod" runstate="Runnable" seed="1566187527" result="Passed" start-time="2023-03-15 21:16:50Z" end-time="2023-03-15 21:16:50Z" duration="0.000242" asserts="0">
                <properties>
                  <property name="platform" value="EditMode" />
                </properties>
              </test-case>
            </test-suite>
            <test-suite type="TestFixture" id="2018" name="TestIFactory" fullname="Zenject.Tests.Bindings.TestIFactory" classname="Zenject.Tests.Bindings.TestIFactory" runstate="Runnable" testcasecount="4" result="Passed" start-time="2023-03-15 21:16:50Z" end-time="2023-03-15 21:16:50Z" duration="0.002589" total="4" passed="4" failed="0" inconclusive="0" skipped="0" asserts="0">
              <properties>
                <property name="platform" value="EditMode" />
              </properties>
              <test-case id="2019" name="Test1" fullname="Zenject.Tests.Bindings.TestIFactory.Test1" methodname="Test1" classname="Zenject.Tests.Bindings.TestIFactory" runstate="Runnable" seed="606661769" result="Passed" start-time="2023-03-15 21:16:50Z" end-time="2023-03-15 21:16:50Z" duration="0.000440" asserts="0">
                <properties>
                  <property name="platform" value="EditMode" />
                </properties>
              </test-case>
              <test-case id="2021" name="Test2" fullname="Zenject.Tests.Bindings.TestIFactory.Test2" methodname="Test2" classname="Zenject.Tests.Bindings.TestIFactory" runstate="Runnable" seed="40075822" result="Passed" start-time="2023-03-15 21:16:50Z" end-time="2023-03-15 21:16:50Z" duration="0.000408" asserts="0">
                <properties>
                  <property name="platform" value="EditMode" />
                </properties>
              </test-case>
              <test-case id="2020" name="Test2Error" fullname="Zenject.Tests.Bindings.TestIFactory.Test2Error" methodname="Test2Error" classname="Zenject.Tests.Bindings.TestIFactory" runstate="Runnable" seed="1573296002" result="Passed" start-time="2023-03-15 21:16:50Z" end-time="2023-03-15 21:16:50Z" duration="0.000300" asserts="0">
                <properties>
                  <property name="platform" value="EditMode" />
                </properties>
              </test-case>
              <test-case id="2022" name="Test5" fullname="Zenject.Tests.Bindings.TestIFactory.Test5" methodname="Test5" classname="Zenject.Tests.Bindings.TestIFactory" runstate="Runnable" seed="1768080331" result="Passed" start-time="2023-03-15 21:16:50Z" end-time="2023-03-15 21:16:50Z" duration="0.000997" asserts="0">
                <properties>
                  <property name="platform" value="EditMode" />
                </properties>
              </test-case>
            </test-suite>
            <test-suite type="TestFixture" id="2032" name="TestMemoryPool0" fullname="Zenject.Tests.Bindings.TestMemoryPool0" classname="Zenject.Tests.Bindings.TestMemoryPool0" runstate="Runnable" testcasecount="11" result="Passed" start-time="2023-03-15 21:16:50Z" end-time="2023-03-15 21:16:50Z" duration="0.006439" total="11" passed="11" failed="0" inconclusive="0" skipped="0" asserts="0">
              <properties>
                <property name="platform" value="EditMode" />
              </properties>
              <test-case id="2040" name="TestExpandAndShrinkManually" fullname="Zenject.Tests.Bindings.TestMemoryPool0.TestExpandAndShrinkManually" methodname="TestExpandAndShrinkManually" classname="Zenject.Tests.Bindings.TestMemoryPool0" runstate="Runnable" seed="518421957" result="Passed" start-time="2023-03-15 21:16:50Z" end-time="2023-03-15 21:16:50Z" duration="0.001604" asserts="0">
                <properties>
                  <property name="platform" value="EditMode" />
                </properties>
              </test-case>
              <test-case id="2037" name="TestExpandDouble" fullname="Zenject.Tests.Bindings.TestMemoryPool0.TestExpandDouble" methodname="TestExpandDouble" classname="Zenject.Tests.Bindings.TestMemoryPool0" runstate="Runnable" seed="2053803111" result="Passed" start-time="2023-03-15 21:16:50Z" end-time="2023-03-15 21:16:50Z" duration="0.000501" asserts="0">
                <properties>
                  <property name="platform" value="EditMode" />
                </properties>
              </test-case>
              <test-case id="2033" name="TestFactoryProperties" fullname="Zenject.Tests.Bindings.TestMemoryPool0.TestFactoryProperties" methodname="TestFactoryProperties" classname="Zenject.Tests.Bindings.TestMemoryPool0" runstate="Runnable" seed="1511626609" result="Passed" start-time="2023-03-15 21:16:50Z" end-time="2023-03-15 21:16:50Z" duration="0.000531" asserts="0">
                <properties>
                  <property name="platform" value="EditMode" />
                </properties>
              </test-case>
              <test-case id="2036" name="TestFactoryPropertiesDefault" fullname="Zenject.Tests.Bindings.TestMemoryPool0.TestFactoryPropertiesDefault" methodname="TestFactoryPropertiesDefault" classname="Zenject.Tests.Bindings.TestMemoryPool0" runstate="Runnable" seed="426770584" result="Passed" start-time="2023-03-15 21:16:50Z" end-time="2023-03-15 21:16:50Z" duration="0.000599" asserts="0">
                <properties>
                  <property name="platform" value="EditMode" />
                </properties>
              </test-case>
              <test-case id="2034" name="TestFactoryScopeDefault" fullname="Zenject.Tests.Bindings.TestMemoryPool0.TestFactoryScopeDefault" methodname="TestFactoryScopeDefault" classname="Zenject.Tests.Bindings.TestMemoryPool0" runstate="Runnable" seed="1358289437" result="Passed" start-time="2023-03-15 21:16:50Z" end-time="2023-03-15 21:16:50Z" duration="0.000155" asserts="0">
                <properties>
                  <property name="platform" value="EditMode" />
                </properties>
              </test-case>
              <test-case id="2035" name="TestFactoryScopeTransient" fullname="Zenject.Tests.Bindings.TestMemoryPool0.TestFactoryScopeTransient" methodname="TestFactoryScopeTransient" classname="Zenject.Tests.Bindings.TestMemoryPool0" runstate="Runnable" seed="1626491983" result="Passed" start-time="2023-03-15 21:16:50Z" end-time="2023-03-15 21:16:50Z" duration="0.000164" asserts="0">
                <properties>
                  <property name="platform" value="EditMode" />
                </properties>
              </test-case>
              <test-case id="2038" name="TestFixedSize" fullname="Zenject.Tests.Bindings.TestMemoryPool0.TestFixedSize" methodname="TestFixedSize" classname="Zenject.Tests.Bindings.TestMemoryPool0" runstate="Runnable" seed="1572750240" result="Passed" start-time="2023-03-15 21:16:50Z" end-time="2023-03-15 21:16:50Z" duration="0.000421" asserts="0">
                <properties>
                  <property name="platform" value="EditMode" />
                </properties>
              </test-case>
              <test-case id="2043" name="TestIds" fullname="Zenject.Tests.Bindings.TestMemoryPool0.TestIds" methodname="TestIds" classname="Zenject.Tests.Bindings.TestMemoryPool0" runstate="Runnable" seed="1649113287" result="Passed" start-time="2023-03-15 21:16:50Z" end-time="2023-03-15 21:16:50Z" duration="0.000204" asserts="0">
                <properties>
                  <property name="platform" value="EditMode" />
                </properties>
              </test-case>
              <test-case id="2039" name="TestInitialSize" fullname="Zenject.Tests.Bindings.TestMemoryPool0.TestInitialSize" methodname="TestInitialSize" classname="Zenject.Tests.Bindings.TestMemoryPool0" runstate="Runnable" seed="352227053" result="Passed" start-time="2023-03-15 21:16:50Z" end-time="2023-03-15 21:16:50Z" duration="0.000220" asserts="0">
                <properties>
                  <property name="platform" value="EditMode" />
                </properties>
              </test-case>
              <test-case id="2041" name="TestMaxSize" fullname="Zenject.Tests.Bindings.TestMemoryPool0.TestMaxSize" methodname="TestMaxSize" classname="Zenject.Tests.Bindings.TestMemoryPool0" runstate="Runnable" seed="70467747" result="Passed" start-time="2023-03-15 21:16:50Z" end-time="2023-03-15 21:16:50Z" duration="0.000536" asserts="0">
                <properties>
                  <property name="platform" value="EditMode" />
                </properties>
              </test-case>
              <test-case id="2042" name="TestSubContainers" fullname="Zenject.Tests.Bindings.TestMemoryPool0.TestSubContainers" methodname="TestSubContainers" classname="Zenject.Tests.Bindings.TestMemoryPool0" runstate="Runnable" seed="716781749" result="Passed" start-time="2023-03-15 21:16:50Z" end-time="2023-03-15 21:16:50Z" duration="0.000618" asserts="0">
                <properties>
                  <property name="platform" value="EditMode" />
                </properties>
              </test-case>
            </test-suite>
            <test-suite type="TestFixture" id="2044" name="TestMemoryPoolCustomFactory" fullname="Zenject.Tests.Bindings.TestMemoryPoolCustomFactory" classname="Zenject.Tests.Bindings.TestMemoryPoolCustomFactory" runstate="Runnable" testcasecount="2" result="Passed" start-time="2023-03-15 21:16:50Z" end-time="2023-03-15 21:16:50Z" duration="0.011269" total="2" passed="2" failed="0" inconclusive="0" skipped="0" asserts="0">
              <properties>
                <property name="platform" value="EditMode" />
              </properties>
              <test-case id="2045" name="TestFromBinding" fullname="Zenject.Tests.Bindings.TestMemoryPoolCustomFactory.TestFromBinding" methodname="TestFromBinding" classname="Zenject.Tests.Bindings.TestMemoryPoolCustomFactory" runstate="Runnable" seed="1206410543" result="Passed" start-time="2023-03-15 21:16:50Z" end-time="2023-03-15 21:16:50Z" duration="0.000860" asserts="0">
                <properties>
                  <property name="platform" value="EditMode" />
                </properties>
              </test-case>
              <test-case id="2046" name="TestFromRuntime" fullname="Zenject.Tests.Bindings.TestMemoryPoolCustomFactory.TestFromRuntime" methodname="TestFromRuntime" classname="Zenject.Tests.Bindings.TestMemoryPoolCustomFactory" runstate="Runnable" seed="189751150" result="Passed" start-time="2023-03-15 21:16:50Z" end-time="2023-03-15 21:16:50Z" duration="0.000213" asserts="0">
                <properties>
                  <property name="platform" value="EditMode" />
                </properties>
              </test-case>
            </test-suite>
            <test-suite type="TestFixture" id="1955" name="TestNonGeneric" fullname="Zenject.Tests.Bindings.TestNonGeneric" classname="Zenject.Tests.Bindings.TestNonGeneric" runstate="Runnable" testcasecount="4" result="Passed" start-time="2023-03-15 21:16:50Z" end-time="2023-03-15 21:16:50Z" duration="0.001349" total="4" passed="4" failed="0" inconclusive="0" skipped="0" asserts="0">
              <properties>
                <property name="platform" value="EditMode" />
              </properties>
              <test-case id="1956" name="Test1" fullname="Zenject.Tests.Bindings.TestNonGeneric.Test1" methodname="Test1" classname="Zenject.Tests.Bindings.TestNonGeneric" runstate="Runnable" seed="309037023" result="Passed" start-time="2023-03-15 21:16:50Z" end-time="2023-03-15 21:16:50Z" duration="0.000211" asserts="0">
                <properties>
                  <property name="platform" value="EditMode" />
                </properties>
              </test-case>
              <test-case id="1957" name="Test2" fullname="Zenject.Tests.Bindings.TestNonGeneric.Test2" methodname="Test2" classname="Zenject.Tests.Bindings.TestNonGeneric" runstate="Runnable" seed="1399464136" result="Passed" start-time="2023-03-15 21:16:50Z" end-time="2023-03-15 21:16:50Z" duration="0.000223" asserts="0">
                <properties>
                  <property name="platform" value="EditMode" />
                </properties>
              </test-case>
              <test-case id="1958" name="Test3" fullname="Zenject.Tests.Bindings.TestNonGeneric.Test3" methodname="Test3" classname="Zenject.Tests.Bindings.TestNonGeneric" runstate="Runnable" seed="763046754" result="Passed" start-time="2023-03-15 21:16:50Z" end-time="2023-03-15 21:16:50Z" duration="0.000168" asserts="0">
                <properties>
                  <property name="platform" value="EditMode" />
                </properties>
              </test-case>
              <test-case id="1959" name="Test4" fullname="Zenject.Tests.Bindings.TestNonGeneric.Test4" methodname="Test4" classname="Zenject.Tests.Bindings.TestNonGeneric" runstate="Runnable" seed="392255233" result="Passed" start-time="2023-03-15 21:16:50Z" end-time="2023-03-15 21:16:50Z" duration="0.000260" asserts="0">
                <properties>
                  <property name="platform" value="EditMode" />
                </properties>
              </test-case>
            </test-suite>
            <test-suite type="TestFixture" id="1826" name="TestNonLazy" fullname="Zenject.Tests.Bindings.TestNonLazy" classname="Zenject.Tests.Bindings.TestNonLazy" runstate="Runnable" testcasecount="3" result="Passed" start-time="2023-03-15 21:16:50Z" end-time="2023-03-15 21:16:50Z" duration="0.000958" total="3" passed="3" failed="0" inconclusive="0" skipped="0" asserts="0">
              <properties>
                <property name="platform" value="EditMode" />
              </properties>
              <test-case id="1827" name="Test1" fullname="Zenject.Tests.Bindings.TestNonLazy.Test1" methodname="Test1" classname="Zenject.Tests.Bindings.TestNonLazy" runstate="Runnable" seed="2052689421" result="Passed" start-time="2023-03-15 21:16:50Z" end-time="2023-03-15 21:16:50Z" duration="0.000250" asserts="0">
                <properties>
                  <property name="platform" value="EditMode" />
                </properties>
              </test-case>
              <test-case id="1828" name="Test2" fullname="Zenject.Tests.Bindings.TestNonLazy.Test2" methodname="Test2" classname="Zenject.Tests.Bindings.TestNonLazy" runstate="Runnable" seed="1534804450" result="Passed" start-time="2023-03-15 21:16:50Z" end-time="2023-03-15 21:16:50Z" duration="0.000127" asserts="0">
                <properties>
                  <property name="platform" value="EditMode" />
                </properties>
              </test-case>
              <test-case id="1829" name="Test3" fullname="Zenject.Tests.Bindings.TestNonLazy.Test3" methodname="Test3" classname="Zenject.Tests.Bindings.TestNonLazy" runstate="Runnable" seed="516994060" result="Passed" start-time="2023-03-15 21:16:50Z" end-time="2023-03-15 21:16:50Z" duration="0.000205" asserts="0">
                <properties>
                  <property name="platform" value="EditMode" />
                </properties>
              </test-case>
            </test-suite>
            <test-suite type="TestFixture" id="1960" name="TestWithKernel" fullname="Zenject.Tests.Bindings.TestWithKernel" classname="Zenject.Tests.Bindings.TestWithKernel" runstate="Runnable" testcasecount="4" result="Passed" start-time="2023-03-15 21:16:50Z" end-time="2023-03-15 21:16:50Z" duration="0.011918" total="4" passed="4" failed="0" inconclusive="0" skipped="0" asserts="0">
              <properties>
                <property name="platform" value="EditMode" />
              </properties>
              <test-case id="1961" name="TestByInstaller" fullname="Zenject.Tests.Bindings.TestWithKernel.TestByInstaller" methodname="TestByInstaller" classname="Zenject.Tests.Bindings.TestWithKernel" runstate="Runnable" seed="1506487461" result="Passed" start-time="2023-03-15 21:16:50Z" end-time="2023-03-15 21:16:50Z" duration="0.007520" asserts="0">
                <properties>
                  <property name="platform" value="EditMode" />
                </properties>
              </test-case>
              <test-case id="1963" name="TestByInstallerCustomOrder" fullname="Zenject.Tests.Bindings.TestWithKernel.TestByInstallerCustomOrder" methodname="TestByInstallerCustomOrder" classname="Zenject.Tests.Bindings.TestWithKernel" runstate="Runnable" seed="715241471" result="Passed" start-time="2023-03-15 21:16:50Z" end-time="2023-03-15 21:16:50Z" duration="0.000947" asserts="0">
                <properties>
                  <property name="platform" value="EditMode" />
                </properties>
              </test-case>
              <test-case id="1964" name="TestByInstallerCustomOrder2" fullname="Zenject.Tests.Bindings.TestWithKernel.TestByInstallerCustomOrder2" methodname="TestByInstallerCustomOrder2" classname="Zenject.Tests.Bindings.TestWithKernel" runstate="Runnable" seed="1892700421" result="Passed" start-time="2023-03-15 21:16:50Z" end-time="2023-03-15 21:16:50Z" duration="0.002274" asserts="0">
                <properties>
                  <property name="platform" value="EditMode" />
                </properties>
              </test-case>
              <test-case id="1962" name="TestByMethod" fullname="Zenject.Tests.Bindings.TestWithKernel.TestByMethod" methodname="TestByMethod" classname="Zenject.Tests.Bindings.TestWithKernel" runstate="Runnable" seed="907290133" result="Passed" start-time="2023-03-15 21:16:50Z" end-time="2023-03-15 21:16:50Z" duration="0.000624" asserts="0">
                <properties>
                  <property name="platform" value="EditMode" />
                </properties>
              </test-case>
            </test-suite>
          </test-suite>
          <test-suite type="TestSuite" id="2161" name="Conditions" fullname="Zenject.Tests.Conditions" runstate="Runnable" testcasecount="35" result="Passed" start-time="2023-03-15 21:16:50Z" end-time="2023-03-15 21:16:50Z" duration="0.015909" total="35" passed="35" failed="0" inconclusive="0" skipped="0" asserts="0">
            <properties>
              <property name="platform" value="EditMode" />
            </properties>
            <test-suite type="TestFixture" id="1782" name="TestConditionsBasic" fullname="Zenject.Tests.Conditions.TestConditionsBasic" classname="Zenject.Tests.Conditions.TestConditionsBasic" runstate="Runnable" testcasecount="2" result="Passed" start-time="2023-03-15 21:16:50Z" end-time="2023-03-15 21:16:50Z" duration="0.001209" total="2" passed="2" failed="0" inconclusive="0" skipped="0" asserts="0">
              <properties>
                <property name="platform" value="EditMode" />
              </properties>
              <test-case id="1783" name="Test1" fullname="Zenject.Tests.Conditions.TestConditionsBasic.Test1" methodname="Test1" classname="Zenject.Tests.Conditions.TestConditionsBasic" runstate="Runnable" seed="261401029" result="Passed" start-time="2023-03-15 21:16:50Z" end-time="2023-03-15 21:16:50Z" duration="0.000471" asserts="0">
                <properties>
                  <property name="platform" value="EditMode" />
                </properties>
              </test-case>
              <test-case id="1784" name="Test2" fullname="Zenject.Tests.Conditions.TestConditionsBasic.Test2" methodname="Test2" classname="Zenject.Tests.Conditions.TestConditionsBasic" runstate="Runnable" seed="850365033" result="Passed" start-time="2023-03-15 21:16:50Z" end-time="2023-03-15 21:16:50Z" duration="0.000433" asserts="0">
                <properties>
                  <property name="platform" value="EditMode" />
                </properties>
              </test-case>
            </test-suite>
            <test-suite type="TestFixture" id="1785" name="TestConditionsComplex" fullname="Zenject.Tests.Conditions.TestConditionsComplex" classname="Zenject.Tests.Conditions.TestConditionsComplex" runstate="Runnable" testcasecount="1" result="Passed" start-time="2023-03-15 21:16:50Z" end-time="2023-03-15 21:16:50Z" duration="0.000902" total="1" passed="1" failed="0" inconclusive="0" skipped="0" asserts="0">
              <properties>
                <property name="platform" value="EditMode" />
              </properties>
              <test-case id="1786" name="TestCorrespondingIdentifiers" fullname="Zenject.Tests.Conditions.TestConditionsComplex.TestCorrespondingIdentifiers" methodname="TestCorrespondingIdentifiers" classname="Zenject.Tests.Conditions.TestConditionsComplex" runstate="Runnable" seed="1280803978" result="Passed" start-time="2023-03-15 21:16:50Z" end-time="2023-03-15 21:16:50Z" duration="0.000658" asserts="0">
                <properties>
                  <property name="platform" value="EditMode" />
                </properties>
              </test-case>
            </test-suite>
            <test-suite type="TestFixture" id="1787" name="TestConditionsFieldName" fullname="Zenject.Tests.Conditions.TestConditionsFieldName" classname="Zenject.Tests.Conditions.TestConditionsFieldName" runstate="Runnable" testcasecount="2" result="Passed" start-time="2023-03-15 21:16:50Z" end-time="2023-03-15 21:16:50Z" duration="0.000957" total="2" passed="2" failed="0" inconclusive="0" skipped="0" asserts="0">
              <properties>
                <property name="platform" value="EditMode" />
              </properties>
              <test-case id="1788" name="TestNameConditionError" fullname="Zenject.Tests.Conditions.TestConditionsFieldName.TestNameConditionError" methodname="TestNameConditionError" classname="Zenject.Tests.Conditions.TestConditionsFieldName" runstate="Runnable" seed="1084301393" result="Passed" start-time="2023-03-15 21:16:50Z" end-time="2023-03-15 21:16:50Z" duration="0.000406" asserts="0">
                <properties>
                  <property name="platform" value="EditMode" />
                </properties>
              </test-case>
              <test-case id="1789" name="TestNameConditionSuccess" fullname="Zenject.Tests.Conditions.TestConditionsFieldName.TestNameConditionSuccess" methodname="TestNameConditionSuccess" classname="Zenject.Tests.Conditions.TestConditionsFieldName" runstate="Runnable" seed="1771369346" result="Passed" start-time="2023-03-15 21:16:50Z" end-time="2023-03-15 21:16:50Z" duration="0.000241" asserts="0">
                <properties>
                  <property name="platform" value="EditMode" />
                </properties>
              </test-case>
            </test-suite>
            <test-suite type="TestFixture" id="1790" name="TestConditionsIdentifier" fullname="Zenject.Tests.Conditions.TestConditionsIdentifier" classname="Zenject.Tests.Conditions.TestConditionsIdentifier" runstate="Runnable" testcasecount="8" result="Passed" start-time="2023-03-15 21:16:50Z" end-time="2023-03-15 21:16:50Z" duration="0.002923" total="8" passed="8" failed="0" inconclusive="0" skipped="0" asserts="0">
              <properties>
                <property name="platform" value="EditMode" />
              </properties>
              <test-case id="1795" name="TestFailConstructorInjectionEnum" fullname="Zenject.Tests.Conditions.TestConditionsIdentifier.TestFailConstructorInjectionEnum" methodname="TestFailConstructorInjectionEnum" classname="Zenject.Tests.Conditions.TestConditionsIdentifier" runstate="Runnable" seed="1814127995" result="Passed" start-time="2023-03-15 21:16:50Z" end-time="2023-03-15 21:16:50Z" duration="0.000416" asserts="0">
                <properties>
                  <property name="platform" value="EditMode" />
                </properties>
              </test-case>
              <test-case id="1797" name="TestFailFieldInjectionEnum" fullname="Zenject.Tests.Conditions.TestConditionsIdentifier.TestFailFieldInjectionEnum" methodname="TestFailFieldInjectionEnum" classname="Zenject.Tests.Conditions.TestConditionsIdentifier" runstate="Runnable" seed="1208920610" result="Passed" start-time="2023-03-15 21:16:50Z" end-time="2023-03-15 21:16:50Z" duration="0.000290" asserts="0">
                <properties>
                  <property name="platform" value="EditMode" />
                </properties>
              </test-case>
              <test-case id="1796" name="TestSuccessConstructorInjectionEnum" fullname="Zenject.Tests.Conditions.TestConditionsIdentifier.TestSuccessConstructorInjectionEnum" methodname="TestSuccessConstructorInjectionEnum" classname="Zenject.Tests.Conditions.TestConditionsIdentifier" runstate="Runnable" seed="907973534" result="Passed" start-time="2023-03-15 21:16:50Z" end-time="2023-03-15 21:16:50Z" duration="0.000246" asserts="0">
                <properties>
                  <property name="platform" value="EditMode" />
                </properties>
              </test-case>
              <test-case id="1793" name="TestSuccessConstructorInjectionString" fullname="Zenject.Tests.Conditions.TestConditionsIdentifier.TestSuccessConstructorInjectionString" methodname="TestSuccessConstructorInjectionString" classname="Zenject.Tests.Conditions.TestConditionsIdentifier" runstate="Runnable" seed="1811440909" result="Passed" start-time="2023-03-15 21:16:50Z" end-time="2023-03-15 21:16:50Z" duration="0.000275" asserts="0">
                <properties>
                  <property name="platform" value="EditMode" />
                </properties>
              </test-case>
              <test-case id="1798" name="TestSuccessFieldInjectionEnum" fullname="Zenject.Tests.Conditions.TestConditionsIdentifier.TestSuccessFieldInjectionEnum" methodname="TestSuccessFieldInjectionEnum" classname="Zenject.Tests.Conditions.TestConditionsIdentifier" runstate="Runnable" seed="241757343" result="Passed" start-time="2023-03-15 21:16:50Z" end-time="2023-03-15 21:16:50Z" duration="0.000257" asserts="0">
                <properties>
                  <property name="platform" value="EditMode" />
                </properties>
              </test-case>
              <test-case id="1794" name="TestSuccessFieldInjectionString" fullname="Zenject.Tests.Conditions.TestConditionsIdentifier.TestSuccessFieldInjectionString" methodname="TestSuccessFieldInjectionString" classname="Zenject.Tests.Conditions.TestConditionsIdentifier" runstate="Runnable" seed="1311987113" result="Passed" start-time="2023-03-15 21:16:50Z" end-time="2023-03-15 21:16:50Z" duration="0.000271" asserts="0">
                <properties>
                  <property name="platform" value="EditMode" />
                </properties>
              </test-case>
              <test-case id="1791" name="TestUnspecifiedNameConstructorInjection" fullname="Zenject.Tests.Conditions.TestConditionsIdentifier.TestUnspecifiedNameConstructorInjection" methodname="TestUnspecifiedNameConstructorInjection" classname="Zenject.Tests.Conditions.TestConditionsIdentifier" runstate="Runnable" seed="1224344825" result="Passed" start-time="2023-03-15 21:16:50Z" end-time="2023-03-15 21:16:50Z" duration="0.000219" asserts="0">
                <properties>
                  <property name="platform" value="EditMode" />
                </properties>
              </test-case>
              <test-case id="1792" name="TestUnspecifiedNameFieldInjection" fullname="Zenject.Tests.Conditions.TestConditionsIdentifier.TestUnspecifiedNameFieldInjection" methodname="TestUnspecifiedNameFieldInjection" classname="Zenject.Tests.Conditions.TestConditionsIdentifier" runstate="Runnable" seed="250587079" result="Passed" start-time="2023-03-15 21:16:50Z" end-time="2023-03-15 21:16:50Z" duration="0.000236" asserts="0">
                <properties>
                  <property name="platform" value="EditMode" />
                </properties>
              </test-case>
            </test-suite>
            <test-suite type="TestFixture" id="1799" name="TestConditionsParents" fullname="Zenject.Tests.Conditions.TestConditionsParents" classname="Zenject.Tests.Conditions.TestConditionsParents" runstate="Runnable" testcasecount="6" result="Passed" start-time="2023-03-15 21:16:50Z" end-time="2023-03-15 21:16:50Z" duration="0.002918" total="6" passed="6" failed="0" inconclusive="0" skipped="0" asserts="0">
              <properties>
                <property name="platform" value="EditMode" />
              </properties>
              <test-case id="1800" name="TestCase1" fullname="Zenject.Tests.Conditions.TestConditionsParents.TestCase1" methodname="TestCase1" classname="Zenject.Tests.Conditions.TestConditionsParents" runstate="Runnable" seed="934236868" result="Passed" start-time="2023-03-15 21:16:50Z" end-time="2023-03-15 21:16:50Z" duration="0.000604" asserts="0">
                <properties>
                  <property name="platform" value="EditMode" />
                </properties>
              </test-case>
              <test-case id="1801" name="TestCase2" fullname="Zenject.Tests.Conditions.TestConditionsParents.TestCase2" methodname="TestCase2" classname="Zenject.Tests.Conditions.TestConditionsParents" runstate="Runnable" seed="1988336158" result="Passed" start-time="2023-03-15 21:16:50Z" end-time="2023-03-15 21:16:50Z" duration="0.000271" asserts="0">
                <properties>
                  <property name="platform" value="EditMode" />
                </properties>
              </test-case>
              <test-case id="1802" name="TestCase3" fullname="Zenject.Tests.Conditions.TestConditionsParents.TestCase3" methodname="TestCase3" classname="Zenject.Tests.Conditions.TestConditionsParents" runstate="Runnable" seed="265345021" result="Passed" start-time="2023-03-15 21:16:50Z" end-time="2023-03-15 21:16:50Z" duration="0.000468" asserts="0">
                <properties>
                  <property name="platform" value="EditMode" />
                </properties>
              </test-case>
              <test-case id="1803" name="TestCase4" fullname="Zenject.Tests.Conditions.TestConditionsParents.TestCase4" methodname="TestCase4" classname="Zenject.Tests.Conditions.TestConditionsParents" runstate="Runnable" seed="88957152" result="Passed" start-time="2023-03-15 21:16:50Z" end-time="2023-03-15 21:16:50Z" duration="0.000307" asserts="0">
                <properties>
                  <property name="platform" value="EditMode" />
                </properties>
              </test-case>
              <test-case id="1804" name="TestCase5" fullname="Zenject.Tests.Conditions.TestConditionsParents.TestCase5" methodname="TestCase5" classname="Zenject.Tests.Conditions.TestConditionsParents" runstate="Runnable" seed="1057791232" result="Passed" start-time="2023-03-15 21:16:50Z" end-time="2023-03-15 21:16:50Z" duration="0.000350" asserts="0">
                <properties>
                  <property name="platform" value="EditMode" />
                </properties>
              </test-case>
              <test-case id="1805" name="TestCase6" fullname="Zenject.Tests.Conditions.TestConditionsParents.TestCase6" methodname="TestCase6" classname="Zenject.Tests.Conditions.TestConditionsParents" runstate="Runnable" seed="1822651479" result="Passed" start-time="2023-03-15 21:16:50Z" end-time="2023-03-15 21:16:50Z" duration="0.000319" asserts="0">
                <properties>
                  <property name="platform" value="EditMode" />
                </properties>
              </test-case>
            </test-suite>
            <test-suite type="TestFixture" id="1806" name="TestConditionsTarget" fullname="Zenject.Tests.Conditions.TestConditionsTarget" classname="Zenject.Tests.Conditions.TestConditionsTarget" runstate="Runnable" testcasecount="2" result="Passed" start-time="2023-03-15 21:16:50Z" end-time="2023-03-15 21:16:50Z" duration="0.000975" total="2" passed="2" failed="0" inconclusive="0" skipped="0" asserts="0">
              <properties>
                <property name="platform" value="EditMode" />
              </properties>
              <test-case id="1807" name="TestTargetConditionError" fullname="Zenject.Tests.Conditions.TestConditionsTarget.TestTargetConditionError" methodname="TestTargetConditionError" classname="Zenject.Tests.Conditions.TestConditionsTarget" runstate="Runnable" seed="508154549" result="Passed" start-time="2023-03-15 21:16:50Z" end-time="2023-03-15 21:16:50Z" duration="0.000396" asserts="0">
                <properties>
                  <property name="platform" value="EditMode" />
                </properties>
              </test-case>
              <test-case id="1808" name="TestTargetConditionSuccess" fullname="Zenject.Tests.Conditions.TestConditionsTarget.TestTargetConditionSuccess" methodname="TestTargetConditionSuccess" classname="Zenject.Tests.Conditions.TestConditionsTarget" runstate="Runnable" seed="1745409059" result="Passed" start-time="2023-03-15 21:16:50Z" end-time="2023-03-15 21:16:50Z" duration="0.000254" asserts="0">
                <properties>
                  <property name="platform" value="EditMode" />
                </properties>
              </test-case>
            </test-suite>
            <test-suite type="TestFixture" id="1809" name="TestConditionsTargetInstance" fullname="Zenject.Tests.Conditions.TestConditionsTargetInstance" classname="Zenject.Tests.Conditions.TestConditionsTargetInstance" runstate="Runnable" testcasecount="1" result="Passed" start-time="2023-03-15 21:16:50Z" end-time="2023-03-15 21:16:50Z" duration="0.000655" total="1" passed="1" failed="0" inconclusive="0" skipped="0" asserts="0">
              <properties>
                <property name="platform" value="EditMode" />
              </properties>
              <test-case id="1810" name="TestTargetConditionError" fullname="Zenject.Tests.Conditions.TestConditionsTargetInstance.TestTargetConditionError" methodname="TestTargetConditionError" classname="Zenject.Tests.Conditions.TestConditionsTargetInstance" runstate="Runnable" seed="1937345791" result="Passed" start-time="2023-03-15 21:16:50Z" end-time="2023-03-15 21:16:50Z" duration="0.000410" asserts="0">
                <properties>
                  <property name="platform" value="EditMode" />
                </properties>
              </test-case>
            </test-suite>
            <test-suite type="TestFixture" id="1811" name="TestIdentifiers" fullname="Zenject.Tests.Conditions.TestIdentifiers" classname="Zenject.Tests.Conditions.TestIdentifiers" runstate="Runnable" testcasecount="5" result="Passed" start-time="2023-03-15 21:16:50Z" end-time="2023-03-15 21:16:50Z" duration="0.002074" total="5" passed="5" failed="0" inconclusive="0" skipped="0" asserts="0">
              <properties>
                <property name="platform" value="EditMode" />
              </properties>
              <test-case id="1812" name="TestBasic" fullname="Zenject.Tests.Conditions.TestIdentifiers.TestBasic" methodname="TestBasic" classname="Zenject.Tests.Conditions.TestIdentifiers" runstate="Runnable" seed="903105964" result="Passed" start-time="2023-03-15 21:16:50Z" end-time="2023-03-15 21:16:50Z" duration="0.000268" asserts="0">
                <properties>
                  <property name="platform" value="EditMode" />
                </properties>
              </test-case>
              <test-case id="1813" name="TestBasic2" fullname="Zenject.Tests.Conditions.TestIdentifiers.TestBasic2" methodname="TestBasic2" classname="Zenject.Tests.Conditions.TestIdentifiers" runstate="Runnable" seed="1545901172" result="Passed" start-time="2023-03-15 21:16:50Z" end-time="2023-03-15 21:16:50Z" duration="0.000216" asserts="0">
                <properties>
                  <property name="platform" value="EditMode" />
                </properties>
              </test-case>
              <test-case id="1814" name="TestBasic3" fullname="Zenject.Tests.Conditions.TestIdentifiers.TestBasic3" methodname="TestBasic3" classname="Zenject.Tests.Conditions.TestIdentifiers" runstate="Runnable" seed="204067338" result="Passed" start-time="2023-03-15 21:16:50Z" end-time="2023-03-15 21:16:50Z" duration="0.000331" asserts="0">
                <properties>
                  <property name="platform" value="EditMode" />
                </properties>
              </test-case>
              <test-case id="1815" name="TestBasic4" fullname="Zenject.Tests.Conditions.TestIdentifiers.TestBasic4" methodname="TestBasic4" classname="Zenject.Tests.Conditions.TestIdentifiers" runstate="Runnable" seed="1501527482" result="Passed" start-time="2023-03-15 21:16:50Z" end-time="2023-03-15 21:16:50Z" duration="0.000513" asserts="0">
                <properties>
                  <property name="platform" value="EditMode" />
                </properties>
              </test-case>
              <test-case id="1816" name="TestFromMethodUntyped" fullname="Zenject.Tests.Conditions.TestIdentifiers.TestFromMethodUntyped" methodname="TestFromMethodUntyped" classname="Zenject.Tests.Conditions.TestIdentifiers" runstate="Runnable" seed="934823869" result="Passed" start-time="2023-03-15 21:16:50Z" end-time="2023-03-15 21:16:50Z" duration="0.000219" asserts="0">
                <properties>
                  <property name="platform" value="EditMode" />
                </properties>
              </test-case>
            </test-suite>
            <test-suite type="TestFixture" id="1817" name="TestIdentifierTypes" fullname="Zenject.Tests.Conditions.TestIdentifierTypes" classname="Zenject.Tests.Conditions.TestIdentifierTypes" runstate="Runnable" testcasecount="8" result="Passed" start-time="2023-03-15 21:16:50Z" end-time="2023-03-15 21:16:50Z" duration="0.002694" total="8" passed="8" failed="0" inconclusive="0" skipped="0" asserts="0">
              <properties>
                <property name="platform" value="EditMode" />
              </properties>
              <test-case id="1823" name="TestEnumIdentifiers1" fullname="Zenject.Tests.Conditions.TestIdentifierTypes.TestEnumIdentifiers1" methodname="TestEnumIdentifiers1" classname="Zenject.Tests.Conditions.TestIdentifierTypes" runstate="Runnable" seed="1535674738" result="Passed" start-time="2023-03-15 21:16:50Z" end-time="2023-03-15 21:16:50Z" duration="0.000444" asserts="0">
                <properties>
                  <property name="platform" value="EditMode" />
                </properties>
              </test-case>
              <test-case id="1824" name="TestEnumIdentifiers2" fullname="Zenject.Tests.Conditions.TestIdentifierTypes.TestEnumIdentifiers2" methodname="TestEnumIdentifiers2" classname="Zenject.Tests.Conditions.TestIdentifierTypes" runstate="Runnable" seed="413959301" result="Passed" start-time="2023-03-15 21:16:50Z" end-time="2023-03-15 21:16:50Z" duration="0.000227" asserts="0">
                <properties>
                  <property name="platform" value="EditMode" />
                </properties>
              </test-case>
              <test-case id="1825" name="TestEnumIdentifiers3" fullname="Zenject.Tests.Conditions.TestIdentifierTypes.TestEnumIdentifiers3" methodname="TestEnumIdentifiers3" classname="Zenject.Tests.Conditions.TestIdentifierTypes" runstate="Runnable" seed="798952243" result="Passed" start-time="2023-03-15 21:16:50Z" end-time="2023-03-15 21:16:50Z" duration="0.000220" asserts="0">
                <properties>
                  <property name="platform" value="EditMode" />
                </properties>
              </test-case>
              <test-case id="1820" name="TestIntIdentifiers1" fullname="Zenject.Tests.Conditions.TestIdentifierTypes.TestIntIdentifiers1" methodname="TestIntIdentifiers1" classname="Zenject.Tests.Conditions.TestIdentifierTypes" runstate="Runnable" seed="954159581" result="Passed" start-time="2023-03-15 21:16:50Z" end-time="2023-03-15 21:16:50Z" duration="0.000262" asserts="0">
                <properties>
                  <property name="platform" value="EditMode" />
                </properties>
              </test-case>
              <test-case id="1821" name="TestIntIdentifiers2" fullname="Zenject.Tests.Conditions.TestIdentifierTypes.TestIntIdentifiers2" methodname="TestIntIdentifiers2" classname="Zenject.Tests.Conditions.TestIdentifierTypes" runstate="Runnable" seed="1691045060" result="Passed" start-time="2023-03-15 21:16:50Z" end-time="2023-03-15 21:16:50Z" duration="0.000211" asserts="0">
                <properties>
                  <property name="platform" value="EditMode" />
                </properties>
              </test-case>
              <test-case id="1822" name="TestIntIdentifiers3" fullname="Zenject.Tests.Conditions.TestIdentifierTypes.TestIntIdentifiers3" methodname="TestIntIdentifiers3" classname="Zenject.Tests.Conditions.TestIdentifierTypes" runstate="Runnable" seed="916380032" result="Passed" start-time="2023-03-15 21:16:50Z" end-time="2023-03-15 21:16:50Z" duration="0.000194" asserts="0">
                <properties>
                  <property name="platform" value="EditMode" />
                </properties>
              </test-case>
              <test-case id="1818" name="TestStringIdentifiers1" fullname="Zenject.Tests.Conditions.TestIdentifierTypes.TestStringIdentifiers1" methodname="TestStringIdentifiers1" classname="Zenject.Tests.Conditions.TestIdentifierTypes" runstate="Runnable" seed="2106090029" result="Passed" start-time="2023-03-15 21:16:50Z" end-time="2023-03-15 21:16:50Z" duration="0.000233" asserts="0">
                <properties>
                  <property name="platform" value="EditMode" />
                </properties>
              </test-case>
              <test-case id="1819" name="TestStringIdentifiers2" fullname="Zenject.Tests.Conditions.TestIdentifierTypes.TestStringIdentifiers2" methodname="TestStringIdentifiers2" classname="Zenject.Tests.Conditions.TestIdentifierTypes" runstate="Runnable" seed="86648331" result="Passed" start-time="2023-03-15 21:16:50Z" end-time="2023-03-15 21:16:50Z" duration="0.000191" asserts="0">
                <properties>
                  <property name="platform" value="EditMode" />
                </properties>
              </test-case>
            </test-suite>
          </test-suite>
          <test-suite type="TestSuite" id="2158" name="Convention" fullname="Zenject.Tests.Convention" runstate="Runnable" testcasecount="12" result="Passed" start-time="2023-03-15 21:16:50Z" end-time="2023-03-15 21:16:50Z" duration="0.683924" total="12" passed="12" failed="0" inconclusive="0" skipped="0" asserts="0">
            <properties>
              <property name="platform" value="EditMode" />
            </properties>
            <test-suite type="TestSuite" id="2159" name="Names" fullname="Zenject.Tests.Convention.Names" runstate="Runnable" testcasecount="3" result="Passed" start-time="2023-03-15 21:16:50Z" end-time="2023-03-15 21:16:50Z" duration="0.319232" total="3" passed="3" failed="0" inconclusive="0" skipped="0" asserts="0">
              <properties>
                <property name="platform" value="EditMode" />
              </properties>
              <test-suite type="TestFixture" id="1775" name="TestConventionNames" fullname="Zenject.Tests.Convention.Names.TestConventionNames" classname="Zenject.Tests.Convention.Names.TestConventionNames" runstate="Runnable" testcasecount="3" result="Passed" start-time="2023-03-15 21:16:50Z" end-time="2023-03-15 21:16:50Z" duration="0.319134" total="3" passed="3" failed="0" inconclusive="0" skipped="0" asserts="0">
                <properties>
                  <property name="platform" value="EditMode" />
                </properties>
                <test-case id="1778" name="TestMatchingRegex" fullname="Zenject.Tests.Convention.Names.TestConventionNames.TestMatchingRegex" methodname="TestMatchingRegex" classname="Zenject.Tests.Convention.Names.TestConventionNames" runstate="Runnable" seed="634956422" result="Passed" start-time="2023-03-15 21:16:50Z" end-time="2023-03-15 21:16:50Z" duration="0.210289" asserts="0">
                  <properties>
                    <property name="platform" value="EditMode" />
                  </properties>
                </test-case>
                <test-case id="1777" name="TestWithPrefix" fullname="Zenject.Tests.Convention.Names.TestConventionNames.TestWithPrefix" methodname="TestWithPrefix" classname="Zenject.Tests.Convention.Names.TestConventionNames" runstate="Runnable" seed="40109897" result="Passed" start-time="2023-03-15 21:16:50Z" end-time="2023-03-15 21:16:50Z" duration="0.061811" asserts="0">
                  <properties>
                    <property name="platform" value="EditMode" />
                  </properties>
                </test-case>
                <test-case id="1776" name="TestWithSuffix" fullname="Zenject.Tests.Convention.Names.TestConventionNames.TestWithSuffix" methodname="TestWithSuffix" classname="Zenject.Tests.Convention.Names.TestConventionNames" runstate="Runnable" seed="676376946" result="Passed" start-time="2023-03-15 21:16:50Z" end-time="2023-03-15 21:16:50Z" duration="0.046564" asserts="0">
                  <properties>
                    <property name="platform" value="EditMode" />
                  </properties>
                </test-case>
              </test-suite>
            </test-suite>
            <test-suite type="TestFixture" id="1767" name="TestConvention" fullname="Zenject.Tests.Convention.TestConvention" classname="Zenject.Tests.Convention.TestConvention" runstate="Runnable" testcasecount="7" result="Passed" start-time="2023-03-15 21:16:50Z" end-time="2023-03-15 21:16:50Z" duration="0.255475" total="7" passed="7" failed="0" inconclusive="0" skipped="0" asserts="0">
              <properties>
                <property name="platform" value="EditMode" />
              </properties>
              <test-case id="1772" name="TestAttributeFilter" fullname="Zenject.Tests.Convention.TestConvention.TestAttributeFilter" methodname="TestAttributeFilter" classname="Zenject.Tests.Convention.TestConvention" runstate="Runnable" seed="536671665" result="Passed" start-time="2023-03-15 21:16:50Z" end-time="2023-03-15 21:16:50Z" duration="0.045531" asserts="0">
                <properties>
                  <property name="platform" value="EditMode" />
                </properties>
              </test-case>
              <test-case id="1773" name="TestAttributeWhereFilter" fullname="Zenject.Tests.Convention.TestConvention.TestAttributeWhereFilter" methodname="TestAttributeWhereFilter" classname="Zenject.Tests.Convention.TestConvention" runstate="Runnable" seed="193581993" result="Passed" start-time="2023-03-15 21:16:50Z" end-time="2023-03-15 21:16:50Z" duration="0.057416" asserts="0">
                <properties>
                  <property name="platform" value="EditMode" />
                </properties>
              </test-case>
              <test-case id="1768" name="TestDerivingFrom" fullname="Zenject.Tests.Convention.TestConvention.TestDerivingFrom" methodname="TestDerivingFrom" classname="Zenject.Tests.Convention.TestConvention" runstate="Runnable" seed="679757534" result="Passed" start-time="2023-03-15 21:16:50Z" end-time="2023-03-15 21:16:50Z" duration="0.001613" asserts="0">
                <properties>
                  <property name="platform" value="EditMode" />
                </properties>
              </test-case>
              <test-case id="1769" name="TestDerivingFrom2" fullname="Zenject.Tests.Convention.TestConvention.TestDerivingFrom2" methodname="TestDerivingFrom2" classname="Zenject.Tests.Convention.TestConvention" runstate="Runnable" seed="1989232075" result="Passed" start-time="2023-03-15 21:16:50Z" end-time="2023-03-15 21:16:50Z" duration="0.046471" asserts="0">
                <properties>
                  <property name="platform" value="EditMode" />
                </properties>
              </test-case>
              <test-case id="1771" name="TestDerivingFromFail" fullname="Zenject.Tests.Convention.TestConvention.TestDerivingFromFail" methodname="TestDerivingFromFail" classname="Zenject.Tests.Convention.TestConvention" runstate="Runnable" seed="969491456" result="Passed" start-time="2023-03-15 21:16:50Z" end-time="2023-03-15 21:16:50Z" duration="0.002380" asserts="0">
                <properties>
                  <property name="platform" value="EditMode" />
                </properties>
              </test-case>
              <test-case id="1774" name="TestInNamespace" fullname="Zenject.Tests.Convention.TestConvention.TestInNamespace" methodname="TestInNamespace" classname="Zenject.Tests.Convention.TestConvention" runstate="Runnable" seed="2064414760" result="Passed" start-time="2023-03-15 21:16:50Z" end-time="2023-03-15 21:16:50Z" duration="0.044549" asserts="0">
                <properties>
                  <property name="platform" value="EditMode" />
                </properties>
              </test-case>
              <test-case id="1770" name="TestMatchAll" fullname="Zenject.Tests.Convention.TestConvention.TestMatchAll" methodname="TestMatchAll" classname="Zenject.Tests.Convention.TestConvention" runstate="Runnable" seed="1632706523" result="Passed" start-time="2023-03-15 21:16:50Z" end-time="2023-03-15 21:16:50Z" duration="0.056294" asserts="0">
                <properties>
                  <property name="platform" value="EditMode" />
                </properties>
              </test-case>
            </test-suite>
            <test-suite type="TestSuite" id="2160" name="Two" fullname="Zenject.Tests.Convention.Two" runstate="Runnable" testcasecount="2" result="Passed" start-time="2023-03-15 21:16:50Z" end-time="2023-03-15 21:16:50Z" duration="0.108979" total="2" passed="2" failed="0" inconclusive="0" skipped="0" asserts="0">
              <properties>
                <property name="platform" value="EditMode" />
              </properties>
              <test-suite type="TestFixture" id="1779" name="TestConvention2" fullname="Zenject.Tests.Convention.Two.TestConvention2" classname="Zenject.Tests.Convention.Two.TestConvention2" runstate="Runnable" testcasecount="2" result="Passed" start-time="2023-03-15 21:16:50Z" end-time="2023-03-15 21:16:50Z" duration="0.108645" total="2" passed="2" failed="0" inconclusive="0" skipped="0" asserts="0">
                <properties>
                  <property name="platform" value="EditMode" />
                </properties>
                <test-case id="1781" name="TestBindAllInterfaces2" fullname="Zenject.Tests.Convention.Two.TestConvention2.TestBindAllInterfaces2" methodname="TestBindAllInterfaces2" classname="Zenject.Tests.Convention.Two.TestConvention2" runstate="Runnable" seed="115211694" result="Passed" start-time="2023-03-15 21:16:50Z" end-time="2023-03-15 21:16:50Z" duration="0.080632" asserts="0">
                  <properties>
                    <property name="platform" value="EditMode" />
                  </properties>
                </test-case>
                <test-case id="1780" name="TestBindAllInterfacesSimple" fullname="Zenject.Tests.Convention.Two.TestConvention2.TestBindAllInterfacesSimple" methodname="TestBindAllInterfacesSimple" classname="Zenject.Tests.Convention.Two.TestConvention2" runstate="Runnable" seed="146955292" result="Passed" start-time="2023-03-15 21:16:50Z" end-time="2023-03-15 21:16:50Z" duration="0.027616" asserts="0">
                  <properties>
                    <property name="platform" value="EditMode" />
                  </properties>
                </test-case>
              </test-suite>
            </test-suite>
          </test-suite>
          <test-suite type="TestSuite" id="2156" name="Injection" fullname="Zenject.Tests.Injection" runstate="Runnable" testcasecount="52" result="Passed" start-time="2023-03-15 21:16:50Z" end-time="2023-03-15 21:16:50Z" duration="0.023839" total="52" passed="52" failed="0" inconclusive="0" skipped="0" asserts="0">
            <properties>
              <property name="platform" value="EditMode" />
            </properties>
            <test-suite type="TestFixture" id="1698" name="TestAllInjectionTypes" fullname="Zenject.Tests.Injection.TestAllInjectionTypes" classname="Zenject.Tests.Injection.TestAllInjectionTypes" runstate="Runnable" testcasecount="1" result="Passed" start-time="2023-03-15 21:16:50Z" end-time="2023-03-15 21:16:50Z" duration="0.001416" total="1" passed="1" failed="0" inconclusive="0" skipped="0" asserts="0">
              <properties>
                <property name="platform" value="EditMode" />
              </properties>
              <test-case id="1699" name="TestCase1" fullname="Zenject.Tests.Injection.TestAllInjectionTypes.TestCase1" methodname="TestCase1" classname="Zenject.Tests.Injection.TestAllInjectionTypes" runstate="Runnable" seed="1071934258" result="Passed" start-time="2023-03-15 21:16:50Z" end-time="2023-03-15 21:16:50Z" duration="0.001137" asserts="0">
                <properties>
                  <property name="platform" value="EditMode" />
                </properties>
              </test-case>
            </test-suite>
            <test-suite type="TestFixture" id="1700" name="TestBaseClassPropertyInjection" fullname="Zenject.Tests.Injection.TestBaseClassPropertyInjection" classname="Zenject.Tests.Injection.TestBaseClassPropertyInjection" runstate="Runnable" testcasecount="1" result="Passed" start-time="2023-03-15 21:16:50Z" end-time="2023-03-15 21:16:50Z" duration="0.000571" total="1" passed="1" failed="0" inconclusive="0" skipped="0" asserts="0">
              <properties>
                <property name="platform" value="EditMode" />
              </properties>
              <test-case id="1701" name="TestCaseBaseClassPropertyInjection" fullname="Zenject.Tests.Injection.TestBaseClassPropertyInjection.TestCaseBaseClassPropertyInjection" methodname="TestCaseBaseClassPropertyInjection" classname="Zenject.Tests.Injection.TestBaseClassPropertyInjection" runstate="Runnable" seed="1551745414" result="Passed" start-time="2023-03-15 21:16:50Z" end-time="2023-03-15 21:16:50Z" duration="0.000329" asserts="0">
                <properties>
                  <property name="platform" value="EditMode" />
                </properties>
              </test-case>
            </test-suite>
            <test-suite type="TestFixture" id="1702" name="TestCircularDependencies" fullname="Zenject.Tests.Injection.TestCircularDependencies" classname="Zenject.Tests.Injection.TestCircularDependencies" runstate="Runnable" testcasecount="4" result="Passed" start-time="2023-03-15 21:16:50Z" end-time="2023-03-15 21:16:50Z" duration="0.001758" total="4" passed="4" failed="0" inconclusive="0" skipped="0" asserts="0">
              <properties>
                <property name="platform" value="EditMode" />
              </properties>
              <test-case id="1705" name="TestConstructorInject" fullname="Zenject.Tests.Injection.TestCircularDependencies.TestConstructorInject" methodname="TestConstructorInject" classname="Zenject.Tests.Injection.TestCircularDependencies" runstate="Runnable" seed="1456272997" result="Passed" start-time="2023-03-15 21:16:50Z" end-time="2023-03-15 21:16:50Z" duration="0.000386" asserts="0">
                <properties>
                  <property name="platform" value="EditMode" />
                </properties>
              </test-case>
              <test-case id="1703" name="TestFields" fullname="Zenject.Tests.Injection.TestCircularDependencies.TestFields" methodname="TestFields" classname="Zenject.Tests.Injection.TestCircularDependencies" runstate="Runnable" seed="240592515" result="Passed" start-time="2023-03-15 21:16:50Z" end-time="2023-03-15 21:16:50Z" duration="0.000322" asserts="0">
                <properties>
                  <property name="platform" value="EditMode" />
                </properties>
              </test-case>
              <test-case id="1704" name="TestPostInject" fullname="Zenject.Tests.Injection.TestCircularDependencies.TestPostInject" methodname="TestPostInject" classname="Zenject.Tests.Injection.TestCircularDependencies" runstate="Runnable" seed="1333713416" result="Passed" start-time="2023-03-15 21:16:50Z" end-time="2023-03-15 21:16:50Z" duration="0.000351" asserts="0">
                <properties>
                  <property name="platform" value="EditMode" />
                </properties>
              </test-case>
              <test-case id="1706" name="TestSelfDependency" fullname="Zenject.Tests.Injection.TestCircularDependencies.TestSelfDependency" methodname="TestSelfDependency" classname="Zenject.Tests.Injection.TestCircularDependencies" runstate="Runnable" seed="524839908" result="Passed" start-time="2023-03-15 21:16:50Z" end-time="2023-03-15 21:16:50Z" duration="0.000256" asserts="0">
                <properties>
                  <property name="platform" value="EditMode" />
                </properties>
              </test-case>
            </test-suite>
            <test-suite type="TestFixture" id="1707" name="TestConstructorInjection" fullname="Zenject.Tests.Injection.TestConstructorInjection" classname="Zenject.Tests.Injection.TestConstructorInjection" runstate="Runnable" testcasecount="4" result="Passed" start-time="2023-03-15 21:16:50Z" end-time="2023-03-15 21:16:50Z" duration="0.002075" total="4" passed="4" failed="0" inconclusive="0" skipped="0" asserts="0">
              <properties>
                <property name="platform" value="EditMode" />
              </properties>
              <test-case id="1709" name="TestInstantiate" fullname="Zenject.Tests.Injection.TestConstructorInjection.TestInstantiate" methodname="TestInstantiate" classname="Zenject.Tests.Injection.TestConstructorInjection" runstate="Runnable" seed="1387714066" result="Passed" start-time="2023-03-15 21:16:50Z" end-time="2023-03-15 21:16:50Z" duration="0.000258" asserts="0">
                <properties>
                  <property name="platform" value="EditMode" />
                </properties>
              </test-case>
              <test-case id="1711" name="TestMultipleChooseLeastArguments" fullname="Zenject.Tests.Injection.TestConstructorInjection.TestMultipleChooseLeastArguments" methodname="TestMultipleChooseLeastArguments" classname="Zenject.Tests.Injection.TestConstructorInjection" runstate="Runnable" seed="350553531" result="Passed" start-time="2023-03-15 21:16:50Z" end-time="2023-03-15 21:16:50Z" duration="0.000955" asserts="0">
                <properties>
                  <property name="platform" value="EditMode" />
                </properties>
              </test-case>
              <test-case id="1710" name="TestMultipleWithOneTagged" fullname="Zenject.Tests.Injection.TestConstructorInjection.TestMultipleWithOneTagged" methodname="TestMultipleWithOneTagged" classname="Zenject.Tests.Injection.TestConstructorInjection" runstate="Runnable" seed="1092458302" result="Passed" start-time="2023-03-15 21:16:50Z" end-time="2023-03-15 21:16:50Z" duration="0.000259" asserts="0">
                <properties>
                  <property name="platform" value="EditMode" />
                </properties>
              </test-case>
              <test-case id="1708" name="TestResolve" fullname="Zenject.Tests.Injection.TestConstructorInjection.TestResolve" methodname="TestResolve" classname="Zenject.Tests.Injection.TestConstructorInjection" runstate="Runnable" seed="1201174555" result="Passed" start-time="2023-03-15 21:16:50Z" end-time="2023-03-15 21:16:50Z" duration="0.000174" asserts="0">
                <properties>
                  <property name="platform" value="EditMode" />
                </properties>
              </test-case>
            </test-suite>
            <test-suite type="TestFixture" id="1712" name="TestConstructorInjectionOptional" fullname="Zenject.Tests.Injection.TestConstructorInjectionOptional" classname="Zenject.Tests.Injection.TestConstructorInjectionOptional" runstate="Runnable" testcasecount="3" result="Passed" start-time="2023-03-15 21:16:50Z" end-time="2023-03-15 21:16:50Z" duration="0.001079" total="3" passed="3" failed="0" inconclusive="0" skipped="0" asserts="0">
              <properties>
                <property name="platform" value="EditMode" />
              </properties>
              <test-case id="1713" name="TestCase1" fullname="Zenject.Tests.Injection.TestConstructorInjectionOptional.TestCase1" methodname="TestCase1" classname="Zenject.Tests.Injection.TestConstructorInjectionOptional" runstate="Runnable" seed="893757447" result="Passed" start-time="2023-03-15 21:16:50Z" end-time="2023-03-15 21:16:50Z" duration="0.000338" asserts="0">
                <properties>
                  <property name="platform" value="EditMode" />
                </properties>
              </test-case>
              <test-case id="1714" name="TestCase2" fullname="Zenject.Tests.Injection.TestConstructorInjectionOptional.TestCase2" methodname="TestCase2" classname="Zenject.Tests.Injection.TestConstructorInjectionOptional" runstate="Runnable" seed="1152390364" result="Passed" start-time="2023-03-15 21:16:50Z" end-time="2023-03-15 21:16:50Z" duration="0.000215" asserts="0">
                <properties>
                  <property name="platform" value="EditMode" />
                </properties>
              </test-case>
              <test-case id="1715" name="TestConstructByFactory" fullname="Zenject.Tests.Injection.TestConstructorInjectionOptional.TestConstructByFactory" methodname="TestConstructByFactory" classname="Zenject.Tests.Injection.TestConstructorInjectionOptional" runstate="Runnable" seed="1298493102" result="Passed" start-time="2023-03-15 21:16:50Z" end-time="2023-03-15 21:16:50Z" duration="0.000159" asserts="0">
                <properties>
                  <property name="platform" value="EditMode" />
                </properties>
              </test-case>
            </test-suite>
            <test-suite type="TestFixture" id="1716" name="TestDuplicateInjection" fullname="Zenject.Tests.Injection.TestDuplicateInjection" classname="Zenject.Tests.Injection.TestDuplicateInjection" runstate="Runnable" testcasecount="1" result="Passed" start-time="2023-03-15 21:16:50Z" end-time="2023-03-15 21:16:50Z" duration="0.000521" total="1" passed="1" failed="0" inconclusive="0" skipped="0" asserts="0">
              <properties>
                <property name="platform" value="EditMode" />
              </properties>
              <test-case id="1717" name="TestCaseDuplicateInjection" fullname="Zenject.Tests.Injection.TestDuplicateInjection.TestCaseDuplicateInjection" methodname="TestCaseDuplicateInjection" classname="Zenject.Tests.Injection.TestDuplicateInjection" runstate="Runnable" seed="1052031908" result="Passed" start-time="2023-03-15 21:16:50Z" end-time="2023-03-15 21:16:50Z" duration="0.000283" asserts="0">
                <properties>
                  <property name="platform" value="EditMode" />
                </properties>
              </test-case>
            </test-suite>
            <test-suite type="TestFixture" id="1718" name="TestInjectSources" fullname="Zenject.Tests.Injection.TestInjectSources" classname="Zenject.Tests.Injection.TestInjectSources" runstate="Runnable" testcasecount="7" result="Passed" start-time="2023-03-15 21:16:50Z" end-time="2023-03-15 21:16:50Z" duration="0.002014" total="7" passed="7" failed="0" inconclusive="0" skipped="0" asserts="0">
              <properties>
                <property name="platform" value="EditMode" />
              </properties>
              <test-case id="1719" name="TestAny" fullname="Zenject.Tests.Injection.TestInjectSources.TestAny" methodname="TestAny" classname="Zenject.Tests.Injection.TestInjectSources" runstate="Runnable" seed="1524099169" result="Passed" start-time="2023-03-15 21:16:50Z" end-time="2023-03-15 21:16:50Z" duration="0.000259" asserts="0">
                <properties>
                  <property name="platform" value="EditMode" />
                </properties>
              </test-case>
              <test-case id="1720" name="TestLocal1" fullname="Zenject.Tests.Injection.TestInjectSources.TestLocal1" methodname="TestLocal1" classname="Zenject.Tests.Injection.TestInjectSources" runstate="Runnable" seed="976391510" result="Passed" start-time="2023-03-15 21:16:50Z" end-time="2023-03-15 21:16:50Z" duration="0.000235" asserts="0">
                <properties>
                  <property name="platform" value="EditMode" />
                </properties>
              </test-case>
              <test-case id="1721" name="TestLocal2" fullname="Zenject.Tests.Injection.TestInjectSources.TestLocal2" methodname="TestLocal2" classname="Zenject.Tests.Injection.TestInjectSources" runstate="Runnable" seed="2081720461" result="Passed" start-time="2023-03-15 21:16:50Z" end-time="2023-03-15 21:16:50Z" duration="0.000166" asserts="0">
                <properties>
                  <property name="platform" value="EditMode" />
                </properties>
              </test-case>
              <test-case id="1722" name="TestParent1" fullname="Zenject.Tests.Injection.TestInjectSources.TestParent1" methodname="TestParent1" classname="Zenject.Tests.Injection.TestInjectSources" runstate="Runnable" seed="816281252" result="Passed" start-time="2023-03-15 21:16:50Z" end-time="2023-03-15 21:16:50Z" duration="0.000209" asserts="0">
                <properties>
                  <property name="platform" value="EditMode" />
                </properties>
              </test-case>
              <test-case id="1723" name="TestParent2" fullname="Zenject.Tests.Injection.TestInjectSources.TestParent2" methodname="TestParent2" classname="Zenject.Tests.Injection.TestInjectSources" runstate="Runnable" seed="302806009" result="Passed" start-time="2023-03-15 21:16:50Z" end-time="2023-03-15 21:16:50Z" duration="0.000204" asserts="0">
                <properties>
                  <property name="platform" value="EditMode" />
                </properties>
              </test-case>
              <test-case id="1724" name="TestParent3" fullname="Zenject.Tests.Injection.TestInjectSources.TestParent3" methodname="TestParent3" classname="Zenject.Tests.Injection.TestInjectSources" runstate="Runnable" seed="1608379737" result="Passed" start-time="2023-03-15 21:16:50Z" end-time="2023-03-15 21:16:50Z" duration="0.000161" asserts="0">
                <properties>
                  <property name="platform" value="EditMode" />
                </properties>
              </test-case>
              <test-case id="1725" name="TestParentAny1" fullname="Zenject.Tests.Injection.TestInjectSources.TestParentAny1" methodname="TestParentAny1" classname="Zenject.Tests.Injection.TestInjectSources" runstate="Runnable" seed="1648816510" result="Passed" start-time="2023-03-15 21:16:50Z" end-time="2023-03-15 21:16:50Z" duration="0.000218" asserts="0">
                <properties>
                  <property name="platform" value="EditMode" />
                </properties>
              </test-case>
            </test-suite>
            <test-suite type="TestFixture" id="1726" name="TestListInjection" fullname="Zenject.Tests.Injection.TestListInjection" classname="Zenject.Tests.Injection.TestListInjection" runstate="Runnable" testcasecount="5" result="Passed" start-time="2023-03-15 21:16:50Z" end-time="2023-03-15 21:16:50Z" duration="0.002010" total="5" passed="5" failed="0" inconclusive="0" skipped="0" asserts="0">
              <properties>
                <property name="platform" value="EditMode" />
              </properties>
              <test-case id="1731" name="TestArrays" fullname="Zenject.Tests.Injection.TestListInjection.TestArrays" methodname="TestArrays" classname="Zenject.Tests.Injection.TestListInjection" runstate="Runnable" seed="192773636" result="Passed" start-time="2023-03-15 21:16:50Z" end-time="2023-03-15 21:16:50Z" duration="0.000519" asserts="0">
                <properties>
                  <property name="platform" value="EditMode" />
                </properties>
              </test-case>
              <test-case id="1727" name="TestConstructor1" fullname="Zenject.Tests.Injection.TestListInjection.TestConstructor1" methodname="TestConstructor1" classname="Zenject.Tests.Injection.TestListInjection" runstate="Runnable" seed="1733741200" result="Passed" start-time="2023-03-15 21:16:50Z" end-time="2023-03-15 21:16:50Z" duration="0.000279" asserts="0">
                <properties>
                  <property name="platform" value="EditMode" />
                </properties>
              </test-case>
              <test-case id="1728" name="TestField1" fullname="Zenject.Tests.Injection.TestListInjection.TestField1" methodname="TestField1" classname="Zenject.Tests.Injection.TestListInjection" runstate="Runnable" seed="1894553260" result="Passed" start-time="2023-03-15 21:16:50Z" end-time="2023-03-15 21:16:50Z" duration="0.000226" asserts="0">
                <properties>
                  <property name="platform" value="EditMode" />
                </properties>
              </test-case>
              <test-case id="1730" name="TestIEnumerable" fullname="Zenject.Tests.Injection.TestListInjection.TestIEnumerable" methodname="TestIEnumerable" classname="Zenject.Tests.Injection.TestListInjection" runstate="Runnable" seed="911135250" result="Passed" start-time="2023-03-15 21:16:50Z" end-time="2023-03-15 21:16:50Z" duration="0.000253" asserts="0">
                <properties>
                  <property name="platform" value="EditMode" />
                </properties>
              </test-case>
              <test-case id="1729" name="TestIList" fullname="Zenject.Tests.Injection.TestListInjection.TestIList" methodname="TestIList" classname="Zenject.Tests.Injection.TestListInjection" runstate="Runnable" seed="2040878998" result="Passed" start-time="2023-03-15 21:16:50Z" end-time="2023-03-15 21:16:50Z" duration="0.000240" asserts="0">
                <properties>
                  <property name="platform" value="EditMode" />
                </properties>
              </test-case>
            </test-suite>
            <test-suite type="TestFixture" id="1732" name="TestNullableValues" fullname="Zenject.Tests.Injection.TestNullableValues" classname="Zenject.Tests.Injection.TestNullableValues" runstate="Runnable" testcasecount="2" result="Passed" start-time="2023-03-15 21:16:50Z" end-time="2023-03-15 21:16:50Z" duration="0.001295" total="2" passed="2" failed="0" inconclusive="0" skipped="0" asserts="0">
              <properties>
                <property name="platform" value="EditMode" />
              </properties>
              <test-case id="1733" name="RunTest1" fullname="Zenject.Tests.Injection.TestNullableValues.RunTest1" methodname="RunTest1" classname="Zenject.Tests.Injection.TestNullableValues" runstate="Runnable" seed="161337798" result="Passed" start-time="2023-03-15 21:16:50Z" end-time="2023-03-15 21:16:50Z" duration="0.000772" asserts="0">
                <properties>
                  <property name="platform" value="EditMode" />
                </properties>
              </test-case>
              <test-case id="1734" name="RunTest2" fullname="Zenject.Tests.Injection.TestNullableValues.RunTest2" methodname="RunTest2" classname="Zenject.Tests.Injection.TestNullableValues" runstate="Runnable" seed="1580985823" result="Passed" start-time="2023-03-15 21:16:50Z" end-time="2023-03-15 21:16:50Z" duration="0.000230" asserts="0">
                <properties>
                  <property name="platform" value="EditMode" />
                </properties>
              </test-case>
            </test-suite>
            <test-suite type="TestFixture" id="1735" name="TestParameters" fullname="Zenject.Tests.Injection.TestParameters" classname="Zenject.Tests.Injection.TestParameters" runstate="Runnable" testcasecount="2" result="Passed" start-time="2023-03-15 21:16:50Z" end-time="2023-03-15 21:16:50Z" duration="0.000843" total="2" passed="2" failed="0" inconclusive="0" skipped="0" asserts="0">
              <properties>
                <property name="platform" value="EditMode" />
              </properties>
              <test-case id="1736" name="TestExtraParametersSameType" fullname="Zenject.Tests.Injection.TestParameters.TestExtraParametersSameType" methodname="TestExtraParametersSameType" classname="Zenject.Tests.Injection.TestParameters" runstate="Runnable" seed="386073165" result="Passed" start-time="2023-03-15 21:16:50Z" end-time="2023-03-15 21:16:50Z" duration="0.000300" asserts="0">
                <properties>
                  <property name="platform" value="EditMode" />
                </properties>
              </test-case>
              <test-case id="1737" name="TestMissingParameterThrows" fullname="Zenject.Tests.Injection.TestParameters.TestMissingParameterThrows" methodname="TestMissingParameterThrows" classname="Zenject.Tests.Injection.TestParameters" runstate="Runnable" seed="1907574807" result="Passed" start-time="2023-03-15 21:16:50Z" end-time="2023-03-15 21:16:50Z" duration="0.000242" asserts="0">
                <properties>
                  <property name="platform" value="EditMode" />
                </properties>
              </test-case>
            </test-suite>
            <test-suite type="TestFixture" id="1738" name="TestPostInjectCall" fullname="Zenject.Tests.Injection.TestPostInjectCall" classname="Zenject.Tests.Injection.TestPostInjectCall" runstate="Runnable" testcasecount="4" result="Passed" start-time="2023-03-15 21:16:50Z" end-time="2023-03-15 21:16:50Z" duration="0.001778" total="4" passed="4" failed="0" inconclusive="0" skipped="0" asserts="0">
              <properties>
                <property name="platform" value="EditMode" />
              </properties>
              <test-case id="1739" name="Test" fullname="Zenject.Tests.Injection.TestPostInjectCall.Test" methodname="Test" classname="Zenject.Tests.Injection.TestPostInjectCall" runstate="Runnable" seed="597005231" result="Passed" start-time="2023-03-15 21:16:50Z" end-time="2023-03-15 21:16:50Z" duration="0.000496" asserts="0">
                <properties>
                  <property name="platform" value="EditMode" />
                </properties>
              </test-case>
              <test-case id="1741" name="TestInheritance" fullname="Zenject.Tests.Injection.TestPostInjectCall.TestInheritance" methodname="TestInheritance" classname="Zenject.Tests.Injection.TestPostInjectCall" runstate="Runnable" seed="1102218288" result="Passed" start-time="2023-03-15 21:16:50Z" end-time="2023-03-15 21:16:50Z" duration="0.000382" asserts="0">
                <properties>
                  <property name="platform" value="EditMode" />
                </properties>
              </test-case>
              <test-case id="1742" name="TestInheritanceOrder" fullname="Zenject.Tests.Injection.TestPostInjectCall.TestInheritanceOrder" methodname="TestInheritanceOrder" classname="Zenject.Tests.Injection.TestPostInjectCall" runstate="Runnable" seed="1872552903" result="Passed" start-time="2023-03-15 21:16:50Z" end-time="2023-03-15 21:16:50Z" duration="0.000246" asserts="0">
                <properties>
                  <property name="platform" value="EditMode" />
                </properties>
              </test-case>
              <test-case id="1740" name="TestPrivateBaseClassPostInject" fullname="Zenject.Tests.Injection.TestPostInjectCall.TestPrivateBaseClassPostInject" methodname="TestPrivateBaseClassPostInject" classname="Zenject.Tests.Injection.TestPostInjectCall" runstate="Runnable" seed="608272775" result="Passed" start-time="2023-03-15 21:16:50Z" end-time="2023-03-15 21:16:50Z" duration="0.000243" asserts="0">
                <properties>
                  <property name="platform" value="EditMode" />
                </properties>
              </test-case>
            </test-suite>
            <test-suite type="TestFixture" id="1743" name="TestPostInjectParameters" fullname="Zenject.Tests.Injection.TestPostInjectParameters" classname="Zenject.Tests.Injection.TestPostInjectParameters" runstate="Runnable" testcasecount="1" result="Passed" start-time="2023-03-15 21:16:50Z" end-time="2023-03-15 21:16:50Z" duration="0.000609" total="1" passed="1" failed="0" inconclusive="0" skipped="0" asserts="0">
              <properties>
                <property name="platform" value="EditMode" />
              </properties>
              <test-case id="1744" name="Test" fullname="Zenject.Tests.Injection.TestPostInjectParameters.Test" methodname="Test" classname="Zenject.Tests.Injection.TestPostInjectParameters" runstate="Runnable" seed="1222492482" result="Passed" start-time="2023-03-15 21:16:50Z" end-time="2023-03-15 21:16:50Z" duration="0.000379" asserts="0">
                <properties>
                  <property name="platform" value="EditMode" />
                </properties>
              </test-case>
            </test-suite>
            <test-suite type="TestFixture" id="1745" name="TestPropertyInjection" fullname="Zenject.Tests.Injection.TestPropertyInjection" classname="Zenject.Tests.Injection.TestPropertyInjection" runstate="Runnable" testcasecount="2" result="Passed" start-time="2023-03-15 21:16:50Z" end-time="2023-03-15 21:16:50Z" duration="0.000713" total="2" passed="2" failed="0" inconclusive="0" skipped="0" asserts="0">
              <properties>
                <property name="platform" value="EditMode" />
              </properties>
              <test-case id="1747" name="TestCase2" fullname="Zenject.Tests.Injection.TestPropertyInjection.TestCase2" methodname="TestCase2" classname="Zenject.Tests.Injection.TestPropertyInjection" runstate="Runnable" seed="1862270843" result="Passed" start-time="2023-03-15 21:16:50Z" end-time="2023-03-15 21:16:50Z" duration="0.000102" asserts="0">
                <properties>
                  <property name="platform" value="EditMode" />
                </properties>
              </test-case>
              <test-case id="1746" name="TestPublicPrivate" fullname="Zenject.Tests.Injection.TestPropertyInjection.TestPublicPrivate" methodname="TestPublicPrivate" classname="Zenject.Tests.Injection.TestPropertyInjection" runstate="Runnable" seed="263629927" result="Passed" start-time="2023-03-15 21:16:50Z" end-time="2023-03-15 21:16:50Z" duration="0.000324" asserts="0">
                <properties>
                  <property name="platform" value="EditMode" />
                </properties>
              </test-case>
            </test-suite>
            <test-suite type="TestFixture" id="1748" name="TestStructInjection" fullname="Zenject.Tests.Injection.TestStructInjection" classname="Zenject.Tests.Injection.TestStructInjection" runstate="Runnable" testcasecount="3" result="Passed" start-time="2023-03-15 21:16:50Z" end-time="2023-03-15 21:16:50Z" duration="0.002464" total="3" passed="3" failed="0" inconclusive="0" skipped="0" asserts="0">
              <properties>
                <property name="platform" value="EditMode" />
              </properties>
              <test-case id="1751" name="TestInjectConstructorOfStruct" fullname="Zenject.Tests.Injection.TestStructInjection.TestInjectConstructorOfStruct" methodname="TestInjectConstructorOfStruct" classname="Zenject.Tests.Injection.TestStructInjection" runstate="Runnable" seed="1812493099" result="Passed" start-time="2023-03-15 21:16:50Z" end-time="2023-03-15 21:16:50Z" duration="0.000689" asserts="0">
                <properties>
                  <property name="platform" value="EditMode" />
                </properties>
              </test-case>
              <test-case id="1750" name="TestInjectFieldsOfStruct" fullname="Zenject.Tests.Injection.TestStructInjection.TestInjectFieldsOfStruct" methodname="TestInjectFieldsOfStruct" classname="Zenject.Tests.Injection.TestStructInjection" runstate="Runnable" seed="1089862779" result="Passed" start-time="2023-03-15 21:16:50Z" end-time="2023-03-15 21:16:50Z" duration="0.000835" asserts="0">
                <properties>
                  <property name="platform" value="EditMode" />
                </properties>
              </test-case>
              <test-case id="1749" name="TestInjectStructIntoClass" fullname="Zenject.Tests.Injection.TestStructInjection.TestInjectStructIntoClass" methodname="TestInjectStructIntoClass" classname="Zenject.Tests.Injection.TestStructInjection" runstate="Runnable" seed="771888898" result="Passed" start-time="2023-03-15 21:16:50Z" end-time="2023-03-15 21:16:50Z" duration="0.000594" asserts="0">
                <properties>
                  <property name="platform" value="EditMode" />
                </properties>
              </test-case>
            </test-suite>
            <test-suite type="TestFixture" id="1752" name="TestTestOptional" fullname="Zenject.Tests.Injection.TestTestOptional" classname="Zenject.Tests.Injection.TestTestOptional" runstate="Runnable" testcasecount="12" result="Passed" start-time="2023-03-15 21:16:50Z" end-time="2023-03-15 21:16:50Z" duration="0.003675" total="12" passed="12" failed="0" inconclusive="0" skipped="0" asserts="0">
              <properties>
                <property name="platform" value="EditMode" />
              </properties>
              <test-case id="1759" name="TestChildDependencyOptional" fullname="Zenject.Tests.Injection.TestTestOptional.TestChildDependencyOptional" methodname="TestChildDependencyOptional" classname="Zenject.Tests.Injection.TestTestOptional" runstate="Runnable" seed="787557779" result="Passed" start-time="2023-03-15 21:16:50Z" end-time="2023-03-15 21:16:50Z" duration="0.000335" asserts="0">
                <properties>
                  <property name="platform" value="EditMode" />
                </properties>
              </test-case>
              <test-case id="1754" name="TestFieldOptional" fullname="Zenject.Tests.Injection.TestTestOptional.TestFieldOptional" methodname="TestFieldOptional" classname="Zenject.Tests.Injection.TestTestOptional" runstate="Runnable" seed="1467213396" result="Passed" start-time="2023-03-15 21:16:50Z" end-time="2023-03-15 21:16:50Z" duration="0.000208" asserts="0">
                <properties>
                  <property name="platform" value="EditMode" />
                </properties>
              </test-case>
              <test-case id="1755" name="TestFieldOptional2" fullname="Zenject.Tests.Injection.TestTestOptional.TestFieldOptional2" methodname="TestFieldOptional2" classname="Zenject.Tests.Injection.TestTestOptional" runstate="Runnable" seed="467837342" result="Passed" start-time="2023-03-15 21:16:50Z" end-time="2023-03-15 21:16:50Z" duration="0.000207" asserts="0">
                <properties>
                  <property name="platform" value="EditMode" />
                </properties>
              </test-case>
              <test-case id="1756" name="TestFieldOptional3" fullname="Zenject.Tests.Injection.TestTestOptional.TestFieldOptional3" methodname="TestFieldOptional3" classname="Zenject.Tests.Injection.TestTestOptional" runstate="Runnable" seed="366274335" result="Passed" start-time="2023-03-15 21:16:50Z" end-time="2023-03-15 21:16:50Z" duration="0.000284" asserts="0">
                <properties>
                  <property name="platform" value="EditMode" />
                </properties>
              </test-case>
              <test-case id="1753" name="TestFieldRequired" fullname="Zenject.Tests.Injection.TestTestOptional.TestFieldRequired" methodname="TestFieldRequired" classname="Zenject.Tests.Injection.TestTestOptional" runstate="Runnable" seed="1285351198" result="Passed" start-time="2023-03-15 21:16:50Z" end-time="2023-03-15 21:16:50Z" duration="0.000193" asserts="0">
                <properties>
                  <property name="platform" value="EditMode" />
                </properties>
              </test-case>
              <test-case id="1758" name="TestParameterOptional" fullname="Zenject.Tests.Injection.TestTestOptional.TestParameterOptional" methodname="TestParameterOptional" classname="Zenject.Tests.Injection.TestTestOptional" runstate="Runnable" seed="49458770" result="Passed" start-time="2023-03-15 21:16:50Z" end-time="2023-03-15 21:16:50Z" duration="0.000213" asserts="0">
                <properties>
                  <property name="platform" value="EditMode" />
                </properties>
              </test-case>
              <test-case id="1757" name="TestParameterRequired" fullname="Zenject.Tests.Injection.TestTestOptional.TestParameterRequired" methodname="TestParameterRequired" classname="Zenject.Tests.Injection.TestTestOptional" runstate="Runnable" seed="1583938025" result="Passed" start-time="2023-03-15 21:16:50Z" end-time="2023-03-15 21:16:50Z" duration="0.000220" asserts="0">
                <properties>
                  <property name="platform" value="EditMode" />
                </properties>
              </test-case>
              <test-case id="1764" name="TestPrimitiveParamOptionalNullable" fullname="Zenject.Tests.Injection.TestTestOptional.TestPrimitiveParamOptionalNullable" methodname="TestPrimitiveParamOptionalNullable" classname="Zenject.Tests.Injection.TestTestOptional" runstate="Runnable" seed="12100693" result="Passed" start-time="2023-03-15 21:16:50Z" end-time="2023-03-15 21:16:50Z" duration="0.000214" asserts="0">
                <properties>
                  <property name="platform" value="EditMode" />
                </properties>
              </test-case>
              <test-case id="1760" name="TestPrimitiveParamOptionalUsesDefault" fullname="Zenject.Tests.Injection.TestTestOptional.TestPrimitiveParamOptionalUsesDefault" methodname="TestPrimitiveParamOptionalUsesDefault" classname="Zenject.Tests.Injection.TestTestOptional" runstate="Runnable" seed="2145118266" result="Passed" start-time="2023-03-15 21:16:50Z" end-time="2023-03-15 21:16:50Z" duration="0.000216" asserts="0">
                <properties>
                  <property name="platform" value="EditMode" />
                </properties>
              </test-case>
              <test-case id="1761" name="TestPrimitiveParamOptionalUsesExplicitDefault" fullname="Zenject.Tests.Injection.TestTestOptional.TestPrimitiveParamOptionalUsesExplicitDefault" methodname="TestPrimitiveParamOptionalUsesExplicitDefault" classname="Zenject.Tests.Injection.TestTestOptional" runstate="Runnable" seed="1028766033" result="Passed" start-time="2023-03-15 21:16:50Z" end-time="2023-03-15 21:16:50Z" duration="0.000256" asserts="0">
                <properties>
                  <property name="platform" value="EditMode" />
                </properties>
              </test-case>
              <test-case id="1762" name="TestPrimitiveParamOptionalUsesExplicitDefault2" fullname="Zenject.Tests.Injection.TestTestOptional.TestPrimitiveParamOptionalUsesExplicitDefault2" methodname="TestPrimitiveParamOptionalUsesExplicitDefault2" classname="Zenject.Tests.Injection.TestTestOptional" runstate="Runnable" seed="191152323" result="Passed" start-time="2023-03-15 21:16:50Z" end-time="2023-03-15 21:16:50Z" duration="0.000203" asserts="0">
                <properties>
                  <property name="platform" value="EditMode" />
                </properties>
              </test-case>
              <test-case id="1763" name="TestPrimitiveParamOptionalUsesExplicitDefault3" fullname="Zenject.Tests.Injection.TestTestOptional.TestPrimitiveParamOptionalUsesExplicitDefault3" methodname="TestPrimitiveParamOptionalUsesExplicitDefault3" classname="Zenject.Tests.Injection.TestTestOptional" runstate="Runnable" seed="478642117" result="Passed" start-time="2023-03-15 21:16:50Z" end-time="2023-03-15 21:16:50Z" duration="0.000185" asserts="0">
                <properties>
                  <property name="platform" value="EditMode" />
                </properties>
              </test-case>
            </test-suite>
          </test-suite>
          <test-suite type="TestSuite" id="2165" name="Other" fullname="Zenject.Tests.Other" runstate="Runnable" testcasecount="47" result="Passed" start-time="2023-03-15 21:16:50Z" end-time="2023-03-15 21:16:51Z" duration="0.036699" total="47" passed="47" failed="0" inconclusive="0" skipped="0" asserts="0">
            <properties>
              <property name="platform" value="EditMode" />
            </properties>
            <test-suite type="TestFixture" id="2092" name="TestBindCallbacks" fullname="Zenject.Tests.Other.TestBindCallbacks" classname="Zenject.Tests.Other.TestBindCallbacks" runstate="Runnable" testcasecount="3" result="Passed" start-time="2023-03-15 21:16:50Z" end-time="2023-03-15 21:16:50Z" duration="0.002184" total="3" passed="3" failed="0" inconclusive="0" skipped="0" asserts="0">
              <properties>
                <property name="platform" value="EditMode" />
              </properties>
              <test-case id="2093" name="Test1" fullname="Zenject.Tests.Other.TestBindCallbacks.Test1" methodname="Test1" classname="Zenject.Tests.Other.TestBindCallbacks" runstate="Runnable" seed="1767728704" result="Passed" start-time="2023-03-15 21:16:50Z" end-time="2023-03-15 21:16:50Z" duration="0.000678" asserts="0">
                <properties>
                  <property name="platform" value="EditMode" />
                </properties>
              </test-case>
              <test-case id="2094" name="TestFactory1" fullname="Zenject.Tests.Other.TestBindCallbacks.TestFactory1" methodname="TestFactory1" classname="Zenject.Tests.Other.TestBindCallbacks" runstate="Runnable" seed="1021877867" result="Passed" start-time="2023-03-15 21:16:50Z" end-time="2023-03-15 21:16:50Z" duration="0.000460" asserts="0">
                <properties>
                  <property name="platform" value="EditMode" />
                </properties>
              </test-case>
              <test-case id="2095" name="TestMemoryPool1" fullname="Zenject.Tests.Other.TestBindCallbacks.TestMemoryPool1" methodname="TestMemoryPool1" classname="Zenject.Tests.Other.TestBindCallbacks" runstate="Runnable" seed="26228124" result="Passed" start-time="2023-03-15 21:16:50Z" end-time="2023-03-15 21:16:50Z" duration="0.000700" asserts="0">
                <properties>
                  <property name="platform" value="EditMode" />
                </properties>
              </test-case>
            </test-suite>
            <test-suite type="TestFixture" id="2085" name="TestBindingInheritanceMethod" fullname="Zenject.Tests.Other.TestBindingInheritanceMethod" classname="Zenject.Tests.Other.TestBindingInheritanceMethod" runstate="Runnable" testcasecount="6" result="Passed" start-time="2023-03-15 21:16:50Z" end-time="2023-03-15 21:16:50Z" duration="0.002171" total="6" passed="6" failed="0" inconclusive="0" skipped="0" asserts="0">
              <properties>
                <property name="platform" value="EditMode" />
              </properties>
              <test-case id="2089" name="TestCopyDirect1" fullname="Zenject.Tests.Other.TestBindingInheritanceMethod.TestCopyDirect1" methodname="TestCopyDirect1" classname="Zenject.Tests.Other.TestBindingInheritanceMethod" runstate="Runnable" seed="699504597" result="Passed" start-time="2023-03-15 21:16:50Z" end-time="2023-03-15 21:16:50Z" duration="0.000288" asserts="0">
                <properties>
                  <property name="platform" value="EditMode" />
                </properties>
              </test-case>
              <test-case id="2087" name="TestCopyIntoAll1" fullname="Zenject.Tests.Other.TestBindingInheritanceMethod.TestCopyIntoAll1" methodname="TestCopyIntoAll1" classname="Zenject.Tests.Other.TestBindingInheritanceMethod" runstate="Runnable" seed="890707269" result="Passed" start-time="2023-03-15 21:16:50Z" end-time="2023-03-15 21:16:50Z" duration="0.000224" asserts="0">
                <properties>
                  <property name="platform" value="EditMode" />
                </properties>
              </test-case>
              <test-case id="2088" name="TestCopyIntoAll2" fullname="Zenject.Tests.Other.TestBindingInheritanceMethod.TestCopyIntoAll2" methodname="TestCopyIntoAll2" classname="Zenject.Tests.Other.TestBindingInheritanceMethod" runstate="Runnable" seed="1350532594" result="Passed" start-time="2023-03-15 21:16:50Z" end-time="2023-03-15 21:16:50Z" duration="0.000481" asserts="0">
                <properties>
                  <property name="platform" value="EditMode" />
                </properties>
              </test-case>
              <test-case id="2091" name="TestMoveAll" fullname="Zenject.Tests.Other.TestBindingInheritanceMethod.TestMoveAll" methodname="TestMoveAll" classname="Zenject.Tests.Other.TestBindingInheritanceMethod" runstate="Runnable" seed="1124075507" result="Passed" start-time="2023-03-15 21:16:50Z" end-time="2023-03-15 21:16:50Z" duration="0.000241" asserts="0">
                <properties>
                  <property name="platform" value="EditMode" />
                </properties>
              </test-case>
              <test-case id="2090" name="TestMoveDirect1" fullname="Zenject.Tests.Other.TestBindingInheritanceMethod.TestMoveDirect1" methodname="TestMoveDirect1" classname="Zenject.Tests.Other.TestBindingInheritanceMethod" runstate="Runnable" seed="1257690189" result="Passed" start-time="2023-03-15 21:16:50Z" end-time="2023-03-15 21:16:50Z" duration="0.000213" asserts="0">
                <properties>
                  <property name="platform" value="EditMode" />
                </properties>
              </test-case>
              <test-case id="2086" name="TestNoCopy" fullname="Zenject.Tests.Other.TestBindingInheritanceMethod.TestNoCopy" methodname="TestNoCopy" classname="Zenject.Tests.Other.TestBindingInheritanceMethod" runstate="Runnable" seed="750424245" result="Passed" start-time="2023-03-15 21:16:50Z" end-time="2023-03-15 21:16:50Z" duration="0.000175" asserts="0">
                <properties>
                  <property name="platform" value="EditMode" />
                </properties>
              </test-case>
            </test-suite>
            <test-suite type="TestFixture" id="2096" name="TestCircularDependencies" fullname="Zenject.Tests.Other.TestCircularDependencies" classname="Zenject.Tests.Other.TestCircularDependencies" runstate="Runnable" testcasecount="3" result="Passed" start-time="2023-03-15 21:16:50Z" end-time="2023-03-15 21:16:50Z" duration="0.001292" total="3" passed="3" failed="0" inconclusive="0" skipped="0" asserts="0">
              <properties>
                <property name="platform" value="EditMode" />
              </properties>
              <test-case id="2099" name="TestField" fullname="Zenject.Tests.Other.TestCircularDependencies.TestField" methodname="TestField" classname="Zenject.Tests.Other.TestCircularDependencies" runstate="Runnable" seed="462961115" result="Passed" start-time="2023-03-15 21:16:50Z" end-time="2023-03-15 21:16:50Z" duration="0.000296" asserts="0">
                <properties>
                  <property name="platform" value="EditMode" />
                </properties>
              </test-case>
              <test-case id="2098" name="TestPostInject" fullname="Zenject.Tests.Other.TestCircularDependencies.TestPostInject" methodname="TestPostInject" classname="Zenject.Tests.Other.TestCircularDependencies" runstate="Runnable" seed="301264151" result="Passed" start-time="2023-03-15 21:16:50Z" end-time="2023-03-15 21:16:50Z" duration="0.000290" asserts="0">
                <properties>
                  <property name="platform" value="EditMode" />
                </properties>
              </test-case>
              <test-case id="2097" name="TestThrows" fullname="Zenject.Tests.Other.TestCircularDependencies.TestThrows" methodname="TestThrows" classname="Zenject.Tests.Other.TestCircularDependencies" runstate="Runnable" seed="1456426945" result="Passed" start-time="2023-03-15 21:16:50Z" end-time="2023-03-15 21:16:50Z" duration="0.000333" asserts="0">
                <properties>
                  <property name="platform" value="EditMode" />
                </properties>
              </test-case>
            </test-suite>
            <test-suite type="TestFixture" id="2100" name="TestClearCacheProvider" fullname="Zenject.Tests.Other.TestClearCacheProvider" classname="Zenject.Tests.Other.TestClearCacheProvider" runstate="Runnable" testcasecount="1" result="Passed" start-time="2023-03-15 21:16:50Z" end-time="2023-03-15 21:16:50Z" duration="0.001318" total="1" passed="1" failed="0" inconclusive="0" skipped="0" asserts="0">
              <properties>
                <property name="platform" value="EditMode" />
              </properties>
              <test-case id="2101" name="Test1" fullname="Zenject.Tests.Other.TestClearCacheProvider.Test1" methodname="Test1" classname="Zenject.Tests.Other.TestClearCacheProvider" runstate="Runnable" seed="1993173101" result="Passed" start-time="2023-03-15 21:16:50Z" end-time="2023-03-15 21:16:50Z" duration="0.001087" asserts="0">
                <properties>
                  <property name="platform" value="EditMode" />
                </properties>
              </test-case>
            </test-suite>
            <test-suite type="TestFixture" id="2102" name="TestCustomInjectAttribute" fullname="Zenject.Tests.Other.TestCustomInjectAttribute" classname="Zenject.Tests.Other.TestCustomInjectAttribute" runstate="Runnable" testcasecount="1" result="Passed" start-time="2023-03-15 21:16:50Z" end-time="2023-03-15 21:16:50Z" duration="0.000846" total="1" passed="1" failed="0" inconclusive="0" skipped="0" asserts="0">
              <properties>
                <property name="platform" value="EditMode" />
              </properties>
              <test-case id="2103" name="Test1" fullname="Zenject.Tests.Other.TestCustomInjectAttribute.Test1" methodname="Test1" classname="Zenject.Tests.Other.TestCustomInjectAttribute" runstate="Runnable" seed="67162557" result="Passed" start-time="2023-03-15 21:16:50Z" end-time="2023-03-15 21:16:50Z" duration="0.000614" asserts="0">
                <properties>
                  <property name="platform" value="EditMode" />
                </properties>
              </test-case>
            </test-suite>
            <test-suite type="TestFixture" id="2104" name="TestDecorators" fullname="Zenject.Tests.Other.TestDecorators" classname="Zenject.Tests.Other.TestDecorators" runstate="Runnable" testcasecount="6" result="Passed" start-time="2023-03-15 21:16:50Z" end-time="2023-03-15 21:16:50Z" duration="0.003835" total="6" passed="6" failed="0" inconclusive="0" skipped="0" asserts="0">
              <properties>
                <property name="platform" value="EditMode" />
              </properties>
              <test-case id="2107" name="TestCaching" fullname="Zenject.Tests.Other.TestDecorators.TestCaching" methodname="TestCaching" classname="Zenject.Tests.Other.TestDecorators" runstate="Runnable" seed="1531436408" result="Passed" start-time="2023-03-15 21:16:50Z" end-time="2023-03-15 21:16:50Z" duration="0.001900" asserts="0">
                <properties>
                  <property name="platform" value="EditMode" />
                </properties>
              </test-case>
              <test-case id="2108" name="TestCaching2" fullname="Zenject.Tests.Other.TestDecorators.TestCaching2" methodname="TestCaching2" classname="Zenject.Tests.Other.TestDecorators" runstate="Runnable" seed="1659262434" result="Passed" start-time="2023-03-15 21:16:50Z" end-time="2023-03-15 21:16:50Z" duration="0.000315" asserts="0">
                <properties>
                  <property name="platform" value="EditMode" />
                </properties>
              </test-case>
              <test-case id="2110" name="TestContainerInheritance" fullname="Zenject.Tests.Other.TestDecorators.TestContainerInheritance" methodname="TestContainerInheritance" classname="Zenject.Tests.Other.TestDecorators" runstate="Runnable" seed="772902703" result="Passed" start-time="2023-03-15 21:16:50Z" end-time="2023-03-15 21:16:50Z" duration="0.000239" asserts="0">
                <properties>
                  <property name="platform" value="EditMode" />
                </properties>
              </test-case>
              <test-case id="2109" name="TestDecoratorMethod" fullname="Zenject.Tests.Other.TestDecorators.TestDecoratorMethod" methodname="TestDecoratorMethod" classname="Zenject.Tests.Other.TestDecorators" runstate="Runnable" seed="2133242566" result="Passed" start-time="2023-03-15 21:16:50Z" end-time="2023-03-15 21:16:50Z" duration="0.000317" asserts="0">
                <properties>
                  <property name="platform" value="EditMode" />
                </properties>
              </test-case>
              <test-case id="2106" name="TestMultiple" fullname="Zenject.Tests.Other.TestDecorators.TestMultiple" methodname="TestMultiple" classname="Zenject.Tests.Other.TestDecorators" runstate="Runnable" seed="1836409698" result="Passed" start-time="2023-03-15 21:16:50Z" end-time="2023-03-15 21:16:50Z" duration="0.000307" asserts="0">
                <properties>
                  <property name="platform" value="EditMode" />
                </properties>
              </test-case>
              <test-case id="2105" name="TestSimpleCase" fullname="Zenject.Tests.Other.TestDecorators.TestSimpleCase" methodname="TestSimpleCase" classname="Zenject.Tests.Other.TestDecorators" runstate="Runnable" seed="1950145599" result="Passed" start-time="2023-03-15 21:16:50Z" end-time="2023-03-15 21:16:50Z" duration="0.000204" asserts="0">
                <properties>
                  <property name="platform" value="EditMode" />
                </properties>
              </test-case>
            </test-suite>
            <test-suite type="TestFixture" id="2111" name="TestDecoratorValidation" fullname="Zenject.Tests.Other.TestDecoratorValidation" classname="Zenject.Tests.Other.TestDecoratorValidation" runstate="Runnable" testcasecount="3" result="Passed" start-time="2023-03-15 21:16:50Z" end-time="2023-03-15 21:16:51Z" duration="0.001984" total="3" passed="3" failed="0" inconclusive="0" skipped="0" asserts="0">
              <properties>
                <property name="platform" value="EditMode" />
              </properties>
              <test-case id="2113" name="TestFail1" fullname="Zenject.Tests.Other.TestDecoratorValidation.TestFail1" methodname="TestFail1" classname="Zenject.Tests.Other.TestDecoratorValidation" runstate="Runnable" seed="940009230" result="Passed" start-time="2023-03-15 21:16:50Z" end-time="2023-03-15 21:16:50Z" duration="0.000673" asserts="0">
                <properties>
                  <property name="platform" value="EditMode" />
                </properties>
              </test-case>
              <test-case id="2114" name="TestFail2" fullname="Zenject.Tests.Other.TestDecoratorValidation.TestFail2" methodname="TestFail2" classname="Zenject.Tests.Other.TestDecoratorValidation" runstate="Runnable" seed="1625290597" result="Passed" start-time="2023-03-15 21:16:50Z" end-time="2023-03-15 21:16:50Z" duration="0.000325" asserts="0">
                <properties>
                  <property name="platform" value="EditMode" />
                </properties>
              </test-case>
              <test-case id="2112" name="TestSuccess1" fullname="Zenject.Tests.Other.TestDecoratorValidation.TestSuccess1" methodname="TestSuccess1" classname="Zenject.Tests.Other.TestDecoratorValidation" runstate="Runnable" seed="496599502" result="Passed" start-time="2023-03-15 21:16:50Z" end-time="2023-03-15 21:16:51Z" duration="0.000613" asserts="0">
                <properties>
                  <property name="platform" value="EditMode" />
                </properties>
              </test-case>
            </test-suite>
            <test-suite type="TestFixture" id="2115" name="TestFacadeSubContainer" fullname="Zenject.Tests.Other.TestFacadeSubContainer" classname="Zenject.Tests.Other.TestFacadeSubContainer" runstate="Runnable" testcasecount="1" result="Passed" start-time="2023-03-15 21:16:51Z" end-time="2023-03-15 21:16:51Z" duration="0.005872" total="1" passed="1" failed="0" inconclusive="0" skipped="0" asserts="0">
              <properties>
                <property name="platform" value="EditMode" />
              </properties>
              <test-case id="2116" name="Test1" fullname="Zenject.Tests.Other.TestFacadeSubContainer.Test1" methodname="Test1" classname="Zenject.Tests.Other.TestFacadeSubContainer" runstate="Runnable" seed="1973682553" result="Passed" start-time="2023-03-15 21:16:51Z" end-time="2023-03-15 21:16:51Z" duration="0.005638" asserts="0">
                <properties>
                  <property name="platform" value="EditMode" />
                </properties>
              </test-case>
            </test-suite>
            <test-suite type="TestFixture" id="2117" name="TestFactoryMemoryPoolCustomInterface" fullname="Zenject.Tests.Other.TestFactoryMemoryPoolCustomInterface" classname="Zenject.Tests.Other.TestFactoryMemoryPoolCustomInterface" runstate="Runnable" testcasecount="2" result="Passed" start-time="2023-03-15 21:16:51Z" end-time="2023-03-15 21:16:51Z" duration="0.001331" total="2" passed="2" failed="0" inconclusive="0" skipped="0" asserts="0">
              <properties>
                <property name="platform" value="EditMode" />
              </properties>
              <test-case id="2118" name="Test1" fullname="Zenject.Tests.Other.TestFactoryMemoryPoolCustomInterface.Test1" methodname="Test1" classname="Zenject.Tests.Other.TestFactoryMemoryPoolCustomInterface" runstate="Runnable" seed="294215969" result="Passed" start-time="2023-03-15 21:16:51Z" end-time="2023-03-15 21:16:51Z" duration="0.000454" asserts="0">
                <properties>
                  <property name="platform" value="EditMode" />
                </properties>
              </test-case>
              <test-case id="2119" name="Test2" fullname="Zenject.Tests.Other.TestFactoryMemoryPoolCustomInterface.Test2" methodname="Test2" classname="Zenject.Tests.Other.TestFactoryMemoryPoolCustomInterface" runstate="Runnable" seed="469453505" result="Passed" start-time="2023-03-15 21:16:51Z" end-time="2023-03-15 21:16:51Z" duration="0.000552" asserts="0">
                <properties>
                  <property name="platform" value="EditMode" />
                </properties>
              </test-case>
            </test-suite>
            <test-suite type="TestFixture" id="2120" name="TestGenericContract" fullname="Zenject.Tests.Other.TestGenericContract" classname="Zenject.Tests.Other.TestGenericContract" runstate="Runnable" testcasecount="4" result="Passed" start-time="2023-03-15 21:16:51Z" end-time="2023-03-15 21:16:51Z" duration="0.002106" total="4" passed="4" failed="0" inconclusive="0" skipped="0" asserts="0">
              <properties>
                <property name="platform" value="EditMode" />
              </properties>
              <test-case id="2121" name="TestToSingle" fullname="Zenject.Tests.Other.TestGenericContract.TestToSingle" methodname="TestToSingle" classname="Zenject.Tests.Other.TestGenericContract" runstate="Runnable" seed="896903698" result="Passed" start-time="2023-03-15 21:16:51Z" end-time="2023-03-15 21:16:51Z" duration="0.000547" asserts="0">
                <properties>
                  <property name="platform" value="EditMode" />
                </properties>
              </test-case>
              <test-case id="2123" name="TestToSingleMultipleContracts" fullname="Zenject.Tests.Other.TestGenericContract.TestToSingleMultipleContracts" methodname="TestToSingleMultipleContracts" classname="Zenject.Tests.Other.TestGenericContract" runstate="Runnable" seed="1099110986" result="Passed" start-time="2023-03-15 21:16:51Z" end-time="2023-03-15 21:16:51Z" duration="0.000377" asserts="0">
                <properties>
                  <property name="platform" value="EditMode" />
                </properties>
              </test-case>
              <test-case id="2124" name="TestToSingleMultipleContractsMismatch" fullname="Zenject.Tests.Other.TestGenericContract.TestToSingleMultipleContractsMismatch" methodname="TestToSingleMultipleContractsMismatch" classname="Zenject.Tests.Other.TestGenericContract" runstate="Runnable" seed="256136833" result="Passed" start-time="2023-03-15 21:16:51Z" end-time="2023-03-15 21:16:51Z" duration="0.000302" asserts="0">
                <properties>
                  <property name="platform" value="EditMode" />
                </properties>
              </test-case>
              <test-case id="2122" name="TestToTransient" fullname="Zenject.Tests.Other.TestGenericContract.TestToTransient" methodname="TestToTransient" classname="Zenject.Tests.Other.TestGenericContract" runstate="Runnable" seed="556460101" result="Passed" start-time="2023-03-15 21:16:51Z" end-time="2023-03-15 21:16:51Z" duration="0.000447" asserts="0">
                <properties>
                  <property name="platform" value="EditMode" />
                </properties>
              </test-case>
            </test-suite>
            <test-suite type="TestFixture" id="2125" name="TestKeyedFactoryExample" fullname="Zenject.Tests.Other.TestKeyedFactoryExample" classname="Zenject.Tests.Other.TestKeyedFactoryExample" runstate="Runnable" testcasecount="1" result="Passed" start-time="2023-03-15 21:16:51Z" end-time="2023-03-15 21:16:51Z" duration="0.002036" total="1" passed="1" failed="0" inconclusive="0" skipped="0" asserts="0">
              <properties>
                <property name="platform" value="EditMode" />
              </properties>
              <test-case id="2126" name="Test1" fullname="Zenject.Tests.Other.TestKeyedFactoryExample.Test1" methodname="Test1" classname="Zenject.Tests.Other.TestKeyedFactoryExample" runstate="Runnable" seed="1749304913" result="Passed" start-time="2023-03-15 21:16:51Z" end-time="2023-03-15 21:16:51Z" duration="0.001778" asserts="0">
                <properties>
                  <property name="platform" value="EditMode" />
                </properties>
              </test-case>
            </test-suite>
            <test-suite type="TestFixture" id="2127" name="TestNestedContainer" fullname="Zenject.Tests.Other.TestNestedContainer" classname="Zenject.Tests.Other.TestNestedContainer" runstate="Runnable" testcasecount="1" result="Passed" start-time="2023-03-15 21:16:51Z" end-time="2023-03-15 21:16:51Z" duration="0.000817" total="1" passed="1" failed="0" inconclusive="0" skipped="0" asserts="0">
              <properties>
                <property name="platform" value="EditMode" />
              </properties>
              <test-case id="2128" name="TestCase1" fullname="Zenject.Tests.Other.TestNestedContainer.TestCase1" methodname="TestCase1" classname="Zenject.Tests.Other.TestNestedContainer" runstate="Runnable" seed="339306745" result="Passed" start-time="2023-03-15 21:16:51Z" end-time="2023-03-15 21:16:51Z" duration="0.000572" asserts="0">
                <properties>
                  <property name="platform" value="EditMode" />
                </properties>
              </test-case>
            </test-suite>
            <test-suite type="TestFixture" id="2129" name="TestPoolableManager" fullname="Zenject.Tests.Other.TestPoolableManager" classname="Zenject.Tests.Other.TestPoolableManager" runstate="Runnable" testcasecount="2" result="Passed" start-time="2023-03-15 21:16:51Z" end-time="2023-03-15 21:16:51Z" duration="0.003421" total="2" passed="2" failed="0" inconclusive="0" skipped="0" asserts="0">
              <properties>
                <property name="platform" value="EditMode" />
              </properties>
              <test-case id="2130" name="TestDefaultOrder" fullname="Zenject.Tests.Other.TestPoolableManager.TestDefaultOrder" methodname="TestDefaultOrder" classname="Zenject.Tests.Other.TestPoolableManager" runstate="Runnable" seed="1075738436" result="Passed" start-time="2023-03-15 21:16:51Z" end-time="2023-03-15 21:16:51Z" duration="0.002557" asserts="0">
                <properties>
                  <property name="platform" value="EditMode" />
                </properties>
              </test-case>
              <test-case id="2131" name="TestExplicitOrder" fullname="Zenject.Tests.Other.TestPoolableManager.TestExplicitOrder" methodname="TestExplicitOrder" classname="Zenject.Tests.Other.TestPoolableManager" runstate="Runnable" seed="980522894" result="Passed" start-time="2023-03-15 21:16:51Z" end-time="2023-03-15 21:16:51Z" duration="0.000516" asserts="0">
                <properties>
                  <property name="platform" value="EditMode" />
                </properties>
              </test-case>
            </test-suite>
            <test-suite type="TestFixture" id="2132" name="TestResolve" fullname="Zenject.Tests.Other.TestResolve" classname="Zenject.Tests.Other.TestResolve" runstate="Runnable" testcasecount="3" result="Passed" start-time="2023-03-15 21:16:51Z" end-time="2023-03-15 21:16:51Z" duration="0.001360" total="3" passed="3" failed="0" inconclusive="0" skipped="0" asserts="0">
              <properties>
                <property name="platform" value="EditMode" />
              </properties>
              <test-case id="2135" name="TestDirectListBindings1" fullname="Zenject.Tests.Other.TestResolve.TestDirectListBindings1" methodname="TestDirectListBindings1" classname="Zenject.Tests.Other.TestResolve" runstate="Runnable" seed="2105361980" result="Passed" start-time="2023-03-15 21:16:51Z" end-time="2023-03-15 21:16:51Z" duration="0.000535" asserts="0">
                <properties>
                  <property name="platform" value="EditMode" />
                </properties>
              </test-case>
              <test-case id="2133" name="TestResolveAmbiguousBindings1" fullname="Zenject.Tests.Other.TestResolve.TestResolveAmbiguousBindings1" methodname="TestResolveAmbiguousBindings1" classname="Zenject.Tests.Other.TestResolve" runstate="Runnable" seed="2080143466" result="Passed" start-time="2023-03-15 21:16:51Z" end-time="2023-03-15 21:16:51Z" duration="0.000255" asserts="0">
                <properties>
                  <property name="platform" value="EditMode" />
                </properties>
              </test-case>
              <test-case id="2134" name="TestResolveAmbiguousBindings2" fullname="Zenject.Tests.Other.TestResolve.TestResolveAmbiguousBindings2" methodname="TestResolveAmbiguousBindings2" classname="Zenject.Tests.Other.TestResolve" runstate="Runnable" seed="979442599" result="Passed" start-time="2023-03-15 21:16:51Z" end-time="2023-03-15 21:16:51Z" duration="0.000198" asserts="0">
                <properties>
                  <property name="platform" value="EditMode" />
                </properties>
              </test-case>
            </test-suite>
            <test-suite type="TestFixture" id="2136" name="TestResolveMany" fullname="Zenject.Tests.Other.TestResolveMany" classname="Zenject.Tests.Other.TestResolveMany" runstate="Runnable" testcasecount="2" result="Passed" start-time="2023-03-15 21:16:51Z" end-time="2023-03-15 21:16:51Z" duration="0.000859" total="2" passed="2" failed="0" inconclusive="0" skipped="0" asserts="0">
              <properties>
                <property name="platform" value="EditMode" />
              </properties>
              <test-case id="2137" name="TestCase1" fullname="Zenject.Tests.Other.TestResolveMany.TestCase1" methodname="TestCase1" classname="Zenject.Tests.Other.TestResolveMany" runstate="Runnable" seed="1734909007" result="Passed" start-time="2023-03-15 21:16:51Z" end-time="2023-03-15 21:16:51Z" duration="0.000408" asserts="0">
                <properties>
                  <property name="platform" value="EditMode" />
                </properties>
              </test-case>
              <test-case id="2138" name="TestOptional" fullname="Zenject.Tests.Other.TestResolveMany.TestOptional" methodname="TestOptional" classname="Zenject.Tests.Other.TestResolveMany" runstate="Runnable" seed="1085611543" result="Passed" start-time="2023-03-15 21:16:51Z" end-time="2023-03-15 21:16:51Z" duration="0.000149" asserts="0">
                <properties>
                  <property name="platform" value="EditMode" />
                </properties>
              </test-case>
            </test-suite>
            <test-suite type="TestFixture" id="2139" name="TestSubContainers" fullname="Zenject.Tests.Other.TestSubContainers" classname="Zenject.Tests.Other.TestSubContainers" runstate="Runnable" testcasecount="3" result="Passed" start-time="2023-03-15 21:16:51Z" end-time="2023-03-15 21:16:51Z" duration="0.001367" total="3" passed="3" failed="0" inconclusive="0" skipped="0" asserts="0">
              <properties>
                <property name="platform" value="EditMode" />
              </properties>
              <test-case id="2141" name="TestCase2" fullname="Zenject.Tests.Other.TestSubContainers.TestCase2" methodname="TestCase2" classname="Zenject.Tests.Other.TestSubContainers" runstate="Runnable" seed="2024203437" result="Passed" start-time="2023-03-15 21:16:51Z" end-time="2023-03-15 21:16:51Z" duration="0.000472" asserts="0">
                <properties>
                  <property name="platform" value="EditMode" />
                </properties>
              </test-case>
              <test-case id="2140" name="TestIsRemoved" fullname="Zenject.Tests.Other.TestSubContainers.TestIsRemoved" methodname="TestIsRemoved" classname="Zenject.Tests.Other.TestSubContainers" runstate="Runnable" seed="450007667" result="Passed" start-time="2023-03-15 21:16:51Z" end-time="2023-03-15 21:16:51Z" duration="0.000222" asserts="0">
                <properties>
                  <property name="platform" value="EditMode" />
                </properties>
              </test-case>
              <test-case id="2142" name="TestMultipleSingletonDifferentScope" fullname="Zenject.Tests.Other.TestSubContainers.TestMultipleSingletonDifferentScope" methodname="TestMultipleSingletonDifferentScope" classname="Zenject.Tests.Other.TestSubContainers" runstate="Runnable" seed="704529031" result="Passed" start-time="2023-03-15 21:16:51Z" end-time="2023-03-15 21:16:51Z" duration="0.000293" asserts="0">
                <properties>
                  <property name="platform" value="EditMode" />
                </properties>
              </test-case>
            </test-suite>
            <test-suite type="TestFixture" id="2143" name="TestSubContainers4" fullname="Zenject.Tests.Other.TestSubContainers4" classname="Zenject.Tests.Other.TestSubContainers4" runstate="Runnable" testcasecount="1" result="Passed" start-time="2023-03-15 21:16:51Z" end-time="2023-03-15 21:16:51Z" duration="0.001078" total="1" passed="1" failed="0" inconclusive="0" skipped="0" asserts="0">
              <properties>
                <property name="platform" value="EditMode" />
              </properties>
              <test-case id="2144" name="RunTest" fullname="Zenject.Tests.Other.TestSubContainers4.RunTest" methodname="RunTest" classname="Zenject.Tests.Other.TestSubContainers4" runstate="Runnable" seed="847287939" result="Passed" start-time="2023-03-15 21:16:51Z" end-time="2023-03-15 21:16:51Z" duration="0.000790" asserts="0">
                <properties>
                  <property name="platform" value="EditMode" />
                </properties>
              </test-case>
            </test-suite>
            <test-suite type="TestFixture" id="2145" name="TestTaskUpdater" fullname="Zenject.Tests.Other.TestTaskUpdater" classname="Zenject.Tests.Other.TestTaskUpdater" runstate="Runnable" testcasecount="2" result="Passed" start-time="2023-03-15 21:16:51Z" end-time="2023-03-15 21:16:51Z" duration="0.001219" total="2" passed="2" failed="0" inconclusive="0" skipped="0" asserts="0">
              <properties>
                <property name="platform" value="EditMode" />
              </properties>
              <test-case id="2147" name="TestOrder" fullname="Zenject.Tests.Other.TestTaskUpdater.TestOrder" methodname="TestOrder" classname="Zenject.Tests.Other.TestTaskUpdater" runstate="Runnable" seed="1999144695" result="Passed" start-time="2023-03-15 21:16:51Z" end-time="2023-03-15 21:16:51Z" duration="0.000828" asserts="0">
                <properties>
                  <property name="platform" value="EditMode" />
                </properties>
              </test-case>
              <test-case id="2146" name="TestTickablesAreOptional" fullname="Zenject.Tests.Other.TestTaskUpdater.TestTickablesAreOptional" methodname="TestTickablesAreOptional" classname="Zenject.Tests.Other.TestTaskUpdater" runstate="Runnable" seed="680064543" result="Passed" start-time="2023-03-15 21:16:51Z" end-time="2023-03-15 21:16:51Z" duration="0.000114" asserts="0">
                <properties>
                  <property name="platform" value="EditMode" />
                </properties>
              </test-case>
            </test-suite>
            <test-suite type="TestFixture" id="2148" name="TestTransientMockProvider" fullname="Zenject.Tests.Other.TestTransientMockProvider" classname="Zenject.Tests.Other.TestTransientMockProvider" runstate="Runnable" testcasecount="1" result="Passed" start-time="2023-03-15 21:16:51Z" end-time="2023-03-15 21:16:51Z" duration="0.000334" total="1" passed="1" failed="0" inconclusive="0" skipped="0" asserts="0">
              <properties>
                <property name="platform" value="EditMode" />
              </properties>
              <test-case id="2149" name="TestCase1" fullname="Zenject.Tests.Other.TestTransientMockProvider.TestCase1" methodname="TestCase1" classname="Zenject.Tests.Other.TestTransientMockProvider" runstate="Runnable" seed="1658859785" result="Passed" start-time="2023-03-15 21:16:51Z" end-time="2023-03-15 21:16:51Z" duration="0.000103" asserts="0">
                <properties>
                  <property name="platform" value="EditMode" />
                </properties>
              </test-case>
            </test-suite>
            <test-suite type="TestFixture" id="2150" name="ZenjectProfileTest" fullname="Zenject.Tests.Other.ZenjectProfileTest" classname="Zenject.Tests.Other.ZenjectProfileTest" runstate="Runnable" testcasecount="1" result="Passed" start-time="2023-03-15 21:16:51Z" end-time="2023-03-15 21:16:51Z" duration="0.000248" total="1" passed="1" failed="0" inconclusive="0" skipped="0" asserts="0">
              <properties>
                <property name="platform" value="EditMode" />
              </properties>
              <test-case id="2151" name="Test" fullname="Zenject.Tests.Other.ZenjectProfileTest.Test" methodname="Test" classname="Zenject.Tests.Other.ZenjectProfileTest" runstate="Runnable" seed="1181770333" result="Passed" start-time="2023-03-15 21:16:51Z" end-time="2023-03-15 21:16:51Z" duration="0.000050" asserts="0">
                <properties>
                  <property name="platform" value="EditMode" />
                </properties>
              </test-case>
            </test-suite>
          </test-suite>
          <test-suite type="TestSuite" id="2155" name="Signals" fullname="Zenject.Tests.Signals" runstate="Runnable" testcasecount="34" result="Passed" start-time="2023-03-15 21:16:51Z" end-time="2023-03-15 21:16:51Z" duration="0.036539" total="34" passed="34" failed="0" inconclusive="0" skipped="0" asserts="0">
            <properties>
              <property name="platform" value="EditMode" />
            </properties>
            <test-suite type="TestFixture" id="1658" name="TestAsyncSignals" fullname="Zenject.Tests.Signals.TestAsyncSignals" classname="Zenject.Tests.Signals.TestAsyncSignals" runstate="Runnable" testcasecount="2" result="Passed" start-time="2023-03-15 21:16:51Z" end-time="2023-03-15 21:16:51Z" duration="0.010820" total="2" passed="2" failed="0" inconclusive="0" skipped="0" asserts="0">
              <properties>
                <property name="platform" value="EditMode" />
              </properties>
              <test-case id="1659" name="TestBasicAsync" fullname="Zenject.Tests.Signals.TestAsyncSignals.TestBasicAsync" methodname="TestBasicAsync" classname="Zenject.Tests.Signals.TestAsyncSignals" runstate="Runnable" seed="927955375" result="Passed" start-time="2023-03-15 21:16:51Z" end-time="2023-03-15 21:16:51Z" duration="0.009492" asserts="0">
                <properties>
                  <property name="platform" value="EditMode" />
                </properties>
              </test-case>
              <test-case id="1660" name="TestTickPriority" fullname="Zenject.Tests.Signals.TestAsyncSignals.TestTickPriority" methodname="TestTickPriority" classname="Zenject.Tests.Signals.TestAsyncSignals" runstate="Runnable" seed="1211507740" result="Passed" start-time="2023-03-15 21:16:51Z" end-time="2023-03-15 21:16:51Z" duration="0.001030" asserts="0">
                <properties>
                  <property name="platform" value="EditMode" />
                </properties>
              </test-case>
            </test-suite>
            <test-suite type="TestFixture" id="1661" name="TestBindSignal" fullname="Zenject.Tests.Signals.TestBindSignal" classname="Zenject.Tests.Signals.TestBindSignal" runstate="Runnable" testcasecount="7" result="Passed" start-time="2023-03-15 21:16:51Z" end-time="2023-03-15 21:16:51Z" duration="0.005656" total="7" passed="7" failed="0" inconclusive="0" skipped="0" asserts="0">
              <properties>
                <property name="platform" value="EditMode" />
              </properties>
              <test-case id="1663" name="TestBindWithoutDeclaration" fullname="Zenject.Tests.Signals.TestBindSignal.TestBindWithoutDeclaration" methodname="TestBindWithoutDeclaration" classname="Zenject.Tests.Signals.TestBindSignal" runstate="Runnable" seed="1995366925" result="Passed" start-time="2023-03-15 21:16:51Z" end-time="2023-03-15 21:16:51Z" duration="0.001120" asserts="0">
                <properties>
                  <property name="platform" value="EditMode" />
                </properties>
              </test-case>
              <test-case id="1662" name="TestIncompleteBinding" fullname="Zenject.Tests.Signals.TestBindSignal.TestIncompleteBinding" methodname="TestIncompleteBinding" classname="Zenject.Tests.Signals.TestBindSignal" runstate="Runnable" seed="1739763099" result="Passed" start-time="2023-03-15 21:16:51Z" end-time="2023-03-15 21:16:51Z" duration="0.000242" asserts="0">
                <properties>
                  <property name="platform" value="EditMode" />
                </properties>
              </test-case>
              <test-case id="1666" name="TestInstanceMethodHandler" fullname="Zenject.Tests.Signals.TestBindSignal.TestInstanceMethodHandler" methodname="TestInstanceMethodHandler" classname="Zenject.Tests.Signals.TestBindSignal" runstate="Runnable" seed="726243898" result="Passed" start-time="2023-03-15 21:16:51Z" end-time="2023-03-15 21:16:51Z" duration="0.000705" asserts="0">
                <properties>
                  <property name="platform" value="EditMode" />
                </properties>
              </test-case>
              <test-case id="1667" name="TestInstanceMethodHandler2" fullname="Zenject.Tests.Signals.TestBindSignal.TestInstanceMethodHandler2" methodname="TestInstanceMethodHandler2" classname="Zenject.Tests.Signals.TestBindSignal" runstate="Runnable" seed="633107545" result="Passed" start-time="2023-03-15 21:16:51Z" end-time="2023-03-15 21:16:51Z" duration="0.000663" asserts="0">
                <properties>
                  <property name="platform" value="EditMode" />
                </properties>
              </test-case>
              <test-case id="1668" name="TestMoveIntoDirectSubContainers" fullname="Zenject.Tests.Signals.TestBindSignal.TestMoveIntoDirectSubContainers" methodname="TestMoveIntoDirectSubContainers" classname="Zenject.Tests.Signals.TestBindSignal" runstate="Runnable" seed="1782847391" result="Passed" start-time="2023-03-15 21:16:51Z" end-time="2023-03-15 21:16:51Z" duration="0.001465" asserts="0">
                <properties>
                  <property name="platform" value="EditMode" />
                </properties>
                <output><![CDATA[Fired signal 'TestBindSignal.FooSignal' but no subscriptions found!  If this is intentional then either add OptionalSubscriber() to the binding or change the default in ZenjectSettings
]]></output>
              </test-case>
              <test-case id="1664" name="TestStaticMethodHandler" fullname="Zenject.Tests.Signals.TestBindSignal.TestStaticMethodHandler" methodname="TestStaticMethodHandler" classname="Zenject.Tests.Signals.TestBindSignal" runstate="Runnable" seed="1749719042" result="Passed" start-time="2023-03-15 21:16:51Z" end-time="2023-03-15 21:16:51Z" duration="0.000409" asserts="0">
                <properties>
                  <property name="platform" value="EditMode" />
                </properties>
              </test-case>
              <test-case id="1665" name="TestStaticMethodHandlerWithArgs" fullname="Zenject.Tests.Signals.TestBindSignal.TestStaticMethodHandlerWithArgs" methodname="TestStaticMethodHandlerWithArgs" classname="Zenject.Tests.Signals.TestBindSignal" runstate="Runnable" seed="85640187" result="Passed" start-time="2023-03-15 21:16:51Z" end-time="2023-03-15 21:16:51Z" duration="0.000337" asserts="0">
                <properties>
                  <property name="platform" value="EditMode" />
                </properties>
              </test-case>
            </test-suite>
            <test-suite type="TestFixture" id="1669" name="TestSignalIdentifiers" fullname="Zenject.Tests.Signals.TestSignalIdentifiers" classname="Zenject.Tests.Signals.TestSignalIdentifiers" runstate="Runnable" testcasecount="7" result="Passed" start-time="2023-03-15 21:16:51Z" end-time="2023-03-15 21:16:51Z" duration="0.004608" total="7" passed="7" failed="0" inconclusive="0" skipped="0" asserts="0">
              <properties>
                <property name="platform" value="EditMode" />
              </properties>
              <test-case id="1673" name="TestBindWithoutDeclaration" fullname="Zenject.Tests.Signals.TestSignalIdentifiers.TestBindWithoutDeclaration" methodname="TestBindWithoutDeclaration" classname="Zenject.Tests.Signals.TestSignalIdentifiers" runstate="Runnable" seed="170263587" result="Passed" start-time="2023-03-15 21:16:51Z" end-time="2023-03-15 21:16:51Z" duration="0.000422" asserts="0">
                <properties>
                  <property name="platform" value="EditMode" />
                </properties>
              </test-case>
              <test-case id="1672" name="TestIncompleteBinding" fullname="Zenject.Tests.Signals.TestSignalIdentifiers.TestIncompleteBinding" methodname="TestIncompleteBinding" classname="Zenject.Tests.Signals.TestSignalIdentifiers" runstate="Runnable" seed="1396955400" result="Passed" start-time="2023-03-15 21:16:51Z" end-time="2023-03-15 21:16:51Z" duration="0.000231" asserts="0">
                <properties>
                  <property name="platform" value="EditMode" />
                </properties>
              </test-case>
              <test-case id="1676" name="TestInstanceMethodHandler" fullname="Zenject.Tests.Signals.TestSignalIdentifiers.TestInstanceMethodHandler" methodname="TestInstanceMethodHandler" classname="Zenject.Tests.Signals.TestSignalIdentifiers" runstate="Runnable" seed="201144847" result="Passed" start-time="2023-03-15 21:16:51Z" end-time="2023-03-15 21:16:51Z" duration="0.000646" asserts="0">
                <properties>
                  <property name="platform" value="EditMode" />
                </properties>
              </test-case>
              <test-case id="1670" name="TestMissingDeclaration" fullname="Zenject.Tests.Signals.TestSignalIdentifiers.TestMissingDeclaration" methodname="TestMissingDeclaration" classname="Zenject.Tests.Signals.TestSignalIdentifiers" runstate="Runnable" seed="765104562" result="Passed" start-time="2023-03-15 21:16:51Z" end-time="2023-03-15 21:16:51Z" duration="0.000272" asserts="0">
                <properties>
                  <property name="platform" value="EditMode" />
                </properties>
              </test-case>
              <test-case id="1674" name="TestStaticMethodHandler" fullname="Zenject.Tests.Signals.TestSignalIdentifiers.TestStaticMethodHandler" methodname="TestStaticMethodHandler" classname="Zenject.Tests.Signals.TestSignalIdentifiers" runstate="Runnable" seed="2096121287" result="Passed" start-time="2023-03-15 21:16:51Z" end-time="2023-03-15 21:16:51Z" duration="0.000336" asserts="0">
                <properties>
                  <property name="platform" value="EditMode" />
                </properties>
              </test-case>
              <test-case id="1675" name="TestStaticMethodHandlerWithArgs" fullname="Zenject.Tests.Signals.TestSignalIdentifiers.TestStaticMethodHandlerWithArgs" methodname="TestStaticMethodHandlerWithArgs" classname="Zenject.Tests.Signals.TestSignalIdentifiers" runstate="Runnable" seed="2097651526" result="Passed" start-time="2023-03-15 21:16:51Z" end-time="2023-03-15 21:16:51Z" duration="0.000329" asserts="0">
                <properties>
                  <property name="platform" value="EditMode" />
                </properties>
              </test-case>
              <test-case id="1671" name="TestSubscribeAndUnsubscribe" fullname="Zenject.Tests.Signals.TestSignalIdentifiers.TestSubscribeAndUnsubscribe" methodname="TestSubscribeAndUnsubscribe" classname="Zenject.Tests.Signals.TestSignalIdentifiers" runstate="Runnable" seed="1778307174" result="Passed" start-time="2023-03-15 21:16:51Z" end-time="2023-03-15 21:16:51Z" duration="0.001698" asserts="0">
                <properties>
                  <property name="platform" value="EditMode" />
                </properties>
                <output><![CDATA[Fired signal 'TestSignalIdentifiers.FooSignal' but no subscriptions found!  If this is intentional then either add OptionalSubscriber() to the binding or change the default in ZenjectSettings
]]></output>
              </test-case>
            </test-suite>
            <test-suite type="TestFixture" id="1677" name="TestSignalRuntimeDeclaration" fullname="Zenject.Tests.Signals.TestSignalRuntimeDeclaration" classname="Zenject.Tests.Signals.TestSignalRuntimeDeclaration" runstate="Runnable" testcasecount="4" result="Passed" start-time="2023-03-15 21:16:51Z" end-time="2023-03-15 21:16:51Z" duration="0.002361" total="4" passed="4" failed="0" inconclusive="0" skipped="0" asserts="0">
              <properties>
                <property name="platform" value="EditMode" />
              </properties>
              <test-case id="1679" name="TestFireSuccess" fullname="Zenject.Tests.Signals.TestSignalRuntimeDeclaration.TestFireSuccess" methodname="TestFireSuccess" classname="Zenject.Tests.Signals.TestSignalRuntimeDeclaration" runstate="Runnable" seed="1490478283" result="Passed" start-time="2023-03-15 21:16:51Z" end-time="2023-03-15 21:16:51Z" duration="0.000829" asserts="0">
                <properties>
                  <property name="platform" value="EditMode" />
                </properties>
                <output><![CDATA[Fired signal 'FooSignal' but no subscriptions found!  If this is intentional then either add OptionalSubscriber() to the binding or change the default in ZenjectSettings
]]></output>
              </test-case>
              <test-case id="1681" name="TestIdentifier" fullname="Zenject.Tests.Signals.TestSignalRuntimeDeclaration.TestIdentifier" methodname="TestIdentifier" classname="Zenject.Tests.Signals.TestSignalRuntimeDeclaration" runstate="Runnable" seed="942026510" result="Passed" start-time="2023-03-15 21:16:51Z" end-time="2023-03-15 21:16:51Z" duration="0.000547" asserts="0">
                <properties>
                  <property name="platform" value="EditMode" />
                </properties>
                <output><![CDATA[Fired signal 'FooSignal' but no subscriptions found!  If this is intentional then either add OptionalSubscriber() to the binding or change the default in ZenjectSettings
]]></output>
              </test-case>
              <test-case id="1680" name="TestIdentifierMissing" fullname="Zenject.Tests.Signals.TestSignalRuntimeDeclaration.TestIdentifierMissing" methodname="TestIdentifierMissing" classname="Zenject.Tests.Signals.TestSignalRuntimeDeclaration" runstate="Runnable" seed="917306720" result="Passed" start-time="2023-03-15 21:16:51Z" end-time="2023-03-15 21:16:51Z" duration="0.000283" asserts="0">
                <properties>
                  <property name="platform" value="EditMode" />
                </properties>
              </test-case>
              <test-case id="1678" name="TestMissingDeclaration" fullname="Zenject.Tests.Signals.TestSignalRuntimeDeclaration.TestMissingDeclaration" methodname="TestMissingDeclaration" classname="Zenject.Tests.Signals.TestSignalRuntimeDeclaration" runstate="Runnable" seed="1434579590" result="Passed" start-time="2023-03-15 21:16:51Z" end-time="2023-03-15 21:16:51Z" duration="0.000229" asserts="0">
                <properties>
                  <property name="platform" value="EditMode" />
                </properties>
              </test-case>
            </test-suite>
            <test-suite type="TestFixture" id="1682" name="TestSignals1" fullname="Zenject.Tests.Signals.TestSignals1" classname="Zenject.Tests.Signals.TestSignals1" runstate="Runnable" testcasecount="5" result="Passed" start-time="2023-03-15 21:16:51Z" end-time="2023-03-15 21:16:51Z" duration="0.003209" total="5" passed="5" failed="0" inconclusive="0" skipped="0" asserts="0">
              <properties>
                <property name="platform" value="EditMode" />
              </properties>
              <test-case id="1683" name="TestMissingDeclaration" fullname="Zenject.Tests.Signals.TestSignals1.TestMissingDeclaration" methodname="TestMissingDeclaration" classname="Zenject.Tests.Signals.TestSignals1" runstate="Runnable" seed="2022439504" result="Passed" start-time="2023-03-15 21:16:51Z" end-time="2023-03-15 21:16:51Z" duration="0.000265" asserts="0">
                <properties>
                  <property name="platform" value="EditMode" />
                </properties>
              </test-case>
              <test-case id="1684" name="TestSubscribeAndUnsubscribe" fullname="Zenject.Tests.Signals.TestSignals1.TestSubscribeAndUnsubscribe" methodname="TestSubscribeAndUnsubscribe" classname="Zenject.Tests.Signals.TestSignals1" runstate="Runnable" seed="1246321650" result="Passed" start-time="2023-03-15 21:16:51Z" end-time="2023-03-15 21:16:51Z" duration="0.000747" asserts="0">
                <properties>
                  <property name="platform" value="EditMode" />
                </properties>
                <output><![CDATA[Fired signal 'TestSignals1.FooSignal' but no subscriptions found!  If this is intentional then either add OptionalSubscriber() to the binding or change the default in ZenjectSettings
]]></output>
              </test-case>
              <test-case id="1686" name="TestUnsubscribeWithoutSubscribe" fullname="Zenject.Tests.Signals.TestSignals1.TestUnsubscribeWithoutSubscribe" methodname="TestUnsubscribeWithoutSubscribe" classname="Zenject.Tests.Signals.TestSignals1" runstate="Runnable" seed="851220162" result="Passed" start-time="2023-03-15 21:16:51Z" end-time="2023-03-15 21:16:51Z" duration="0.000499" asserts="0">
                <properties>
                  <property name="platform" value="EditMode" />
                </properties>
              </test-case>
              <test-case id="1687" name="TestUntypedSubscribe" fullname="Zenject.Tests.Signals.TestSignals1.TestUntypedSubscribe" methodname="TestUntypedSubscribe" classname="Zenject.Tests.Signals.TestSignals1" runstate="Runnable" seed="1605254298" result="Passed" start-time="2023-03-15 21:16:51Z" end-time="2023-03-15 21:16:51Z" duration="0.000716" asserts="0">
                <properties>
                  <property name="platform" value="EditMode" />
                </properties>
                <output><![CDATA[Fired signal 'TestSignals1.BarSignal' but no subscriptions found!  If this is intentional then either add OptionalSubscriber() to the binding or change the default in ZenjectSettings
]]></output>
              </test-case>
              <test-case id="1685" name="TestWithArgs" fullname="Zenject.Tests.Signals.TestSignals1.TestWithArgs" methodname="TestWithArgs" classname="Zenject.Tests.Signals.TestSignals1" runstate="Runnable" seed="559886783" result="Passed" start-time="2023-03-15 21:16:51Z" end-time="2023-03-15 21:16:51Z" duration="0.000479" asserts="0">
                <properties>
                  <property name="platform" value="EditMode" />
                </properties>
              </test-case>
            </test-suite>
            <test-suite type="TestFixture" id="1688" name="TestSignalsAdvanced" fullname="Zenject.Tests.Signals.TestSignalsAdvanced" classname="Zenject.Tests.Signals.TestSignalsAdvanced" runstate="Runnable" testcasecount="9" result="Passed" start-time="2023-03-15 21:16:51Z" end-time="2023-03-15 21:16:51Z" duration="0.009462" total="9" passed="9" failed="0" inconclusive="0" skipped="0" asserts="0">
              <properties>
                <property name="platform" value="EditMode" />
              </properties>
              <test-case id="1695" name="TestIsDeclared1" fullname="Zenject.Tests.Signals.TestSignalsAdvanced.TestIsDeclared1" methodname="TestIsDeclared1" classname="Zenject.Tests.Signals.TestSignalsAdvanced" runstate="Runnable" seed="242850770" result="Passed" start-time="2023-03-15 21:16:51Z" end-time="2023-03-15 21:16:51Z" duration="0.000506" asserts="0">
                <properties>
                  <property name="platform" value="EditMode" />
                </properties>
              </test-case>
              <test-case id="1696" name="TestIsDeclared2" fullname="Zenject.Tests.Signals.TestSignalsAdvanced.TestIsDeclared2" methodname="TestIsDeclared2" classname="Zenject.Tests.Signals.TestSignalsAdvanced" runstate="Runnable" seed="1028001626" result="Passed" start-time="2023-03-15 21:16:51Z" end-time="2023-03-15 21:16:51Z" duration="0.000259" asserts="0">
                <properties>
                  <property name="platform" value="EditMode" />
                </properties>
              </test-case>
              <test-case id="1693" name="TestSignalDeclarationSettingsRequireHandler" fullname="Zenject.Tests.Signals.TestSignalsAdvanced.TestSignalDeclarationSettingsRequireHandler" methodname="TestSignalDeclarationSettingsRequireHandler" classname="Zenject.Tests.Signals.TestSignalsAdvanced" runstate="Runnable" seed="1805287164" result="Passed" start-time="2023-03-15 21:16:51Z" end-time="2023-03-15 21:16:51Z" duration="0.000546" asserts="0">
                <properties>
                  <property name="platform" value="EditMode" />
                </properties>
              </test-case>
              <test-case id="1692" name="TestSignalDeclarationSettingsRequireHandlerMissing" fullname="Zenject.Tests.Signals.TestSignalsAdvanced.TestSignalDeclarationSettingsRequireHandlerMissing" methodname="TestSignalDeclarationSettingsRequireHandlerMissing" classname="Zenject.Tests.Signals.TestSignalsAdvanced" runstate="Runnable" seed="1555363625" result="Passed" start-time="2023-03-15 21:16:51Z" end-time="2023-03-15 21:16:51Z" duration="0.000612" asserts="0">
                <properties>
                  <property name="platform" value="EditMode" />
                </properties>
                <output><![CDATA[Fired signal 'TestSignalsAdvanced.FooSignal' but no subscriptions found!  If this is intentional then either add OptionalSubscriber() to the binding or change the default in ZenjectSettings
]]></output>
              </test-case>
              <test-case id="1694" name="TestSignalDeclarationSettingsRunAsync1" fullname="Zenject.Tests.Signals.TestSignalsAdvanced.TestSignalDeclarationSettingsRunAsync1" methodname="TestSignalDeclarationSettingsRunAsync1" classname="Zenject.Tests.Signals.TestSignalsAdvanced" runstate="Runnable" seed="1249127502" result="Passed" start-time="2023-03-15 21:16:51Z" end-time="2023-03-15 21:16:51Z" duration="0.000697" asserts="0">
                <properties>
                  <property name="platform" value="EditMode" />
                </properties>
              </test-case>
              <test-case id="1697" name="TestSignalDeclarationSettingsRunAsync2" fullname="Zenject.Tests.Signals.TestSignalsAdvanced.TestSignalDeclarationSettingsRunAsync2" methodname="TestSignalDeclarationSettingsRunAsync2" classname="Zenject.Tests.Signals.TestSignalsAdvanced" runstate="Runnable" seed="1241322222" result="Passed" start-time="2023-03-15 21:16:51Z" end-time="2023-03-15 21:16:51Z" duration="0.000611" asserts="0">
                <properties>
                  <property name="platform" value="EditMode" />
                </properties>
              </test-case>
              <test-case id="1691" name="TestSubcontainers1" fullname="Zenject.Tests.Signals.TestSignalsAdvanced.TestSubcontainers1" methodname="TestSubcontainers1" classname="Zenject.Tests.Signals.TestSignalsAdvanced" runstate="Runnable" seed="567736915" result="Passed" start-time="2023-03-15 21:16:51Z" end-time="2023-03-15 21:16:51Z" duration="0.003617" asserts="0">
                <properties>
                  <property name="platform" value="EditMode" />
                </properties>
                <output><![CDATA[Fired signal 'TestSignalsAdvanced.FooSignal' but no subscriptions found!  If this is intentional then either add OptionalSubscriber() to the binding or change the default in ZenjectSettings
]]></output>
              </test-case>
              <test-case id="1689" name="TestSubscribeDeterministicOrder" fullname="Zenject.Tests.Signals.TestSignalsAdvanced.TestSubscribeDeterministicOrder" methodname="TestSubscribeDeterministicOrder" classname="Zenject.Tests.Signals.TestSignalsAdvanced" runstate="Runnable" seed="239380850" result="Passed" start-time="2023-03-15 21:16:51Z" end-time="2023-03-15 21:16:51Z" duration="0.000477" asserts="0">
                <properties>
                  <property name="platform" value="EditMode" />
                </properties>
              </test-case>
              <test-case id="1690" name="TestSubscribeUnsubscribeInsideHandler" fullname="Zenject.Tests.Signals.TestSignalsAdvanced.TestSubscribeUnsubscribeInsideHandler" methodname="TestSubscribeUnsubscribeInsideHandler" classname="Zenject.Tests.Signals.TestSignalsAdvanced" runstate="Runnable" seed="590926466" result="Passed" start-time="2023-03-15 21:16:51Z" end-time="2023-03-15 21:16:51Z" duration="0.001348" asserts="0">
                <properties>
                  <property name="platform" value="EditMode" />
                </properties>
                <output><![CDATA[Fired signal 'TestSignalsAdvanced.FooSignal' but no subscriptions found!  If this is intentional then either add OptionalSubscriber() to the binding or change the default in ZenjectSettings
Fired signal 'TestSignalsAdvanced.FooSignal' but no subscriptions found!  If this is intentional then either add OptionalSubscriber() to the binding or change the default in ZenjectSettings
]]></output>
              </test-case>
            </test-suite>
          </test-suite>
          <test-suite type="TestFixture" id="1624" name="TestArrayPool" fullname="Zenject.Tests.TestArrayPool" classname="Zenject.Tests.TestArrayPool" runstate="Runnable" testcasecount="1" result="Passed" start-time="2023-03-15 21:16:51Z" end-time="2023-03-15 21:16:51Z" duration="0.001764" total="1" passed="1" failed="0" inconclusive="0" skipped="0" asserts="0">
            <properties>
              <property name="platform" value="EditMode" />
            </properties>
            <test-case id="1625" name="RunTest" fullname="Zenject.Tests.TestArrayPool.RunTest" methodname="RunTest" classname="Zenject.Tests.TestArrayPool" runstate="Runnable" seed="1543204373" result="Passed" start-time="2023-03-15 21:16:51Z" end-time="2023-03-15 21:16:51Z" duration="0.001465" asserts="0">
              <properties>
                <property name="platform" value="EditMode" />
              </properties>
            </test-case>
          </test-suite>
          <test-suite type="TestFixture" id="1626" name="TestDisposeBlock" fullname="Zenject.Tests.TestDisposeBlock" classname="Zenject.Tests.TestDisposeBlock" runstate="Runnable" testcasecount="3" result="Passed" start-time="2023-03-15 21:16:51Z" end-time="2023-03-15 21:16:51Z" duration="0.002503" total="3" passed="3" failed="0" inconclusive="0" skipped="0" asserts="0">
            <properties>
              <property name="platform" value="EditMode" />
            </properties>
            <test-case id="1627" name="TestExceptions" fullname="Zenject.Tests.TestDisposeBlock.TestExceptions" methodname="TestExceptions" classname="Zenject.Tests.TestDisposeBlock" runstate="Runnable" seed="379722059" result="Passed" start-time="2023-03-15 21:16:51Z" end-time="2023-03-15 21:16:51Z" duration="0.000481" asserts="0">
              <properties>
                <property name="platform" value="EditMode" />
              </properties>
            </test-case>
            <test-case id="1629" name="TestWithNormalMemoryPool" fullname="Zenject.Tests.TestDisposeBlock.TestWithNormalMemoryPool" methodname="TestWithNormalMemoryPool" classname="Zenject.Tests.TestDisposeBlock" runstate="Runnable" seed="1198989336" result="Passed" start-time="2023-03-15 21:16:51Z" end-time="2023-03-15 21:16:51Z" duration="0.000889" asserts="0">
              <properties>
                <property name="platform" value="EditMode" />
              </properties>
            </test-case>
            <test-case id="1628" name="TestWithStaticMemoryPool" fullname="Zenject.Tests.TestDisposeBlock.TestWithStaticMemoryPool" methodname="TestWithStaticMemoryPool" classname="Zenject.Tests.TestDisposeBlock" runstate="Runnable" seed="1795457533" result="Passed" start-time="2023-03-15 21:16:51Z" end-time="2023-03-15 21:16:51Z" duration="0.000755" asserts="0">
              <properties>
                <property name="platform" value="EditMode" />
              </properties>
            </test-case>
          </test-suite>
          <test-suite type="TestFixture" id="1630" name="TestPoolableStaticMemoryPool" fullname="Zenject.Tests.TestPoolableStaticMemoryPool" classname="Zenject.Tests.TestPoolableStaticMemoryPool" runstate="Runnable" testcasecount="1" result="Passed" start-time="2023-03-15 21:16:51Z" end-time="2023-03-15 21:16:51Z" duration="0.001026" total="1" passed="1" failed="0" inconclusive="0" skipped="0" asserts="0">
            <properties>
              <property name="platform" value="EditMode" />
            </properties>
            <test-case id="1631" name="RunTest" fullname="Zenject.Tests.TestPoolableStaticMemoryPool.RunTest" methodname="RunTest" classname="Zenject.Tests.TestPoolableStaticMemoryPool" runstate="Runnable" seed="1886947990" result="Passed" start-time="2023-03-15 21:16:51Z" end-time="2023-03-15 21:16:51Z" duration="0.000730" asserts="0">
              <properties>
                <property name="platform" value="EditMode" />
              </properties>
            </test-case>
          </test-suite>
          <test-suite type="TestFixture" id="1632" name="TestStaticMemoryPool" fullname="Zenject.Tests.TestStaticMemoryPool" classname="Zenject.Tests.TestStaticMemoryPool" runstate="Runnable" testcasecount="4" result="Passed" start-time="2023-03-15 21:16:51Z" end-time="2023-03-15 21:16:51Z" duration="0.003540" total="4" passed="4" failed="0" inconclusive="0" skipped="0" asserts="0">
            <properties>
              <property name="platform" value="EditMode" />
            </properties>
            <test-case id="1633" name="RunTest" fullname="Zenject.Tests.TestStaticMemoryPool.RunTest" methodname="RunTest" classname="Zenject.Tests.TestStaticMemoryPool" runstate="Runnable" seed="716823243" result="Passed" start-time="2023-03-15 21:16:51Z" end-time="2023-03-15 21:16:51Z" duration="0.000897" asserts="0">
              <properties>
                <property name="platform" value="EditMode" />
              </properties>
            </test-case>
            <test-case id="1634" name="TestListPool" fullname="Zenject.Tests.TestStaticMemoryPool.TestListPool" methodname="TestListPool" classname="Zenject.Tests.TestStaticMemoryPool" runstate="Runnable" seed="935795137" result="Passed" start-time="2023-03-15 21:16:51Z" end-time="2023-03-15 21:16:51Z" duration="0.000737" asserts="0">
              <properties>
                <property name="platform" value="EditMode" />
              </properties>
            </test-case>
            <test-case id="1635" name="TestPoolWrapper" fullname="Zenject.Tests.TestStaticMemoryPool.TestPoolWrapper" methodname="TestPoolWrapper" classname="Zenject.Tests.TestStaticMemoryPool" runstate="Runnable" seed="839613935" result="Passed" start-time="2023-03-15 21:16:51Z" end-time="2023-03-15 21:16:51Z" duration="0.000369" asserts="0">
              <properties>
                <property name="platform" value="EditMode" />
              </properties>
            </test-case>
            <test-case id="1636" name="TestResize" fullname="Zenject.Tests.TestStaticMemoryPool.TestResize" methodname="TestResize" classname="Zenject.Tests.TestStaticMemoryPool" runstate="Runnable" seed="104425807" result="Passed" start-time="2023-03-15 21:16:51Z" end-time="2023-03-15 21:16:51Z" duration="0.001085" asserts="0">
              <properties>
                <property name="platform" value="EditMode" />
              </properties>
            </test-case>
          </test-suite>
          <test-suite type="TestFixture" id="1637" name="TestTestUtil" fullname="Zenject.Tests.TestTestUtil" classname="Zenject.Tests.TestTestUtil" runstate="Runnable" testcasecount="2" result="Passed" start-time="2023-03-15 21:16:51Z" end-time="2023-03-15 21:16:51Z" duration="0.001326" total="2" passed="2" failed="0" inconclusive="0" skipped="0" asserts="0">
            <properties>
              <property name="platform" value="EditMode" />
            </properties>
            <test-case id="1639" name="TestFalse" fullname="Zenject.Tests.TestTestUtil.TestFalse" methodname="TestFalse" classname="Zenject.Tests.TestTestUtil" runstate="Runnable" seed="431657472" result="Passed" start-time="2023-03-15 21:16:51Z" end-time="2023-03-15 21:16:51Z" duration="0.000678" asserts="0">
              <properties>
                <property name="platform" value="EditMode" />
              </properties>
            </test-case>
            <test-case id="1638" name="TestTrue" fullname="Zenject.Tests.TestTestUtil.TestTrue" methodname="TestTrue" classname="Zenject.Tests.TestTestUtil" runstate="Runnable" seed="423740345" result="Passed" start-time="2023-03-15 21:16:51Z" end-time="2023-03-15 21:16:51Z" duration="0.000371" asserts="0">
              <properties>
                <property name="platform" value="EditMode" />
              </properties>
            </test-case>
          </test-suite>
          <test-suite type="TestFixture" id="1640" name="TestValidation" fullname="Zenject.Tests.TestValidation" classname="Zenject.Tests.TestValidation" runstate="Runnable" testcasecount="13" result="Passed" start-time="2023-03-15 21:16:51Z" end-time="2023-03-15 21:16:51Z" duration="0.006249" total="13" passed="13" failed="0" inconclusive="0" skipped="0" asserts="0">
            <properties>
              <property name="platform" value="EditMode" />
            </properties>
            <test-case id="1653" name="TestCustomValidatable" fullname="Zenject.Tests.TestValidation.TestCustomValidatable" methodname="TestCustomValidatable" classname="Zenject.Tests.TestValidation" runstate="Runnable" seed="1753057327" result="Passed" start-time="2023-03-15 21:16:51Z" end-time="2023-03-15 21:16:51Z" duration="0.000598" asserts="0">
              <properties>
                <property name="platform" value="EditMode" />
              </properties>
            </test-case>
            <test-case id="1644" name="TestFactoryFail" fullname="Zenject.Tests.TestValidation.TestFactoryFail" methodname="TestFactoryFail" classname="Zenject.Tests.TestValidation" runstate="Runnable" seed="721318395" result="Passed" start-time="2023-03-15 21:16:51Z" end-time="2023-03-15 21:16:51Z" duration="0.000562" asserts="0">
              <properties>
                <property name="platform" value="EditMode" />
              </properties>
            </test-case>
            <test-case id="1645" name="TestFactorySuccess" fullname="Zenject.Tests.TestValidation.TestFactorySuccess" methodname="TestFactorySuccess" classname="Zenject.Tests.TestValidation" runstate="Runnable" seed="1945437784" result="Passed" start-time="2023-03-15 21:16:51Z" end-time="2023-03-15 21:16:51Z" duration="0.000388" asserts="0">
              <properties>
                <property name="platform" value="EditMode" />
              </properties>
            </test-case>
            <test-case id="1641" name="TestFailure" fullname="Zenject.Tests.TestValidation.TestFailure" methodname="TestFailure" classname="Zenject.Tests.TestValidation" runstate="Runnable" seed="1194837269" result="Passed" start-time="2023-03-15 21:16:51Z" end-time="2023-03-15 21:16:51Z" duration="0.000237" asserts="0">
              <properties>
                <property name="platform" value="EditMode" />
              </properties>
            </test-case>
            <test-case id="1649" name="TestLazyFail" fullname="Zenject.Tests.TestValidation.TestLazyFail" methodname="TestLazyFail" classname="Zenject.Tests.TestValidation" runstate="Runnable" seed="1451884946" result="Passed" start-time="2023-03-15 21:16:51Z" end-time="2023-03-15 21:16:51Z" duration="0.000395" asserts="0">
              <properties>
                <property name="platform" value="EditMode" />
              </properties>
            </test-case>
            <test-case id="1650" name="TestLazySuccess" fullname="Zenject.Tests.TestValidation.TestLazySuccess" methodname="TestLazySuccess" classname="Zenject.Tests.TestValidation" runstate="Runnable" seed="661839641" result="Passed" start-time="2023-03-15 21:16:51Z" end-time="2023-03-15 21:16:51Z" duration="0.000352" asserts="0">
              <properties>
                <property name="platform" value="EditMode" />
              </properties>
            </test-case>
            <test-case id="1651" name="TestMemoryPoolFailure" fullname="Zenject.Tests.TestValidation.TestMemoryPoolFailure" methodname="TestMemoryPoolFailure" classname="Zenject.Tests.TestValidation" runstate="Runnable" seed="860489187" result="Passed" start-time="2023-03-15 21:16:51Z" end-time="2023-03-15 21:16:51Z" duration="0.000653" asserts="0">
              <properties>
                <property name="platform" value="EditMode" />
              </properties>
            </test-case>
            <test-case id="1652" name="TestMemoryPoolSuccess" fullname="Zenject.Tests.TestValidation.TestMemoryPoolSuccess" methodname="TestMemoryPoolSuccess" classname="Zenject.Tests.TestValidation" runstate="Runnable" seed="1757741870" result="Passed" start-time="2023-03-15 21:16:51Z" end-time="2023-03-15 21:16:51Z" duration="0.000234" asserts="0">
              <properties>
                <property name="platform" value="EditMode" />
              </properties>
            </test-case>
            <test-case id="1643" name="TestNumCalls" fullname="Zenject.Tests.TestValidation.TestNumCalls" methodname="TestNumCalls" classname="Zenject.Tests.TestValidation" runstate="Runnable" seed="266833722" result="Passed" start-time="2023-03-15 21:16:51Z" end-time="2023-03-15 21:16:51Z" duration="0.000450" asserts="0">
              <properties>
                <property name="platform" value="EditMode" />
              </properties>
            </test-case>
            <test-case id="1648" name="TestSubContainerInstallerFailure" fullname="Zenject.Tests.TestValidation.TestSubContainerInstallerFailure" methodname="TestSubContainerInstallerFailure" classname="Zenject.Tests.TestValidation" runstate="Runnable" seed="607140252" result="Passed" start-time="2023-03-15 21:16:51Z" end-time="2023-03-15 21:16:51Z" duration="0.000396" asserts="0">
              <properties>
                <property name="platform" value="EditMode" />
              </properties>
            </test-case>
            <test-case id="1647" name="TestSubContainerMethodFailure" fullname="Zenject.Tests.TestValidation.TestSubContainerMethodFailure" methodname="TestSubContainerMethodFailure" classname="Zenject.Tests.TestValidation" runstate="Runnable" seed="163349196" result="Passed" start-time="2023-03-15 21:16:51Z" end-time="2023-03-15 21:16:51Z" duration="0.000396" asserts="0">
              <properties>
                <property name="platform" value="EditMode" />
              </properties>
            </test-case>
            <test-case id="1646" name="TestSubContainerMethodSuccess" fullname="Zenject.Tests.TestValidation.TestSubContainerMethodSuccess" methodname="TestSubContainerMethodSuccess" classname="Zenject.Tests.TestValidation" runstate="Runnable" seed="283607131" result="Passed" start-time="2023-03-15 21:16:51Z" end-time="2023-03-15 21:16:51Z" duration="0.000390" asserts="0">
              <properties>
                <property name="platform" value="EditMode" />
              </properties>
            </test-case>
            <test-case id="1642" name="TestSuccess" fullname="Zenject.Tests.TestValidation.TestSuccess" methodname="TestSuccess" classname="Zenject.Tests.TestValidation" runstate="Runnable" seed="228556248" result="Passed" start-time="2023-03-15 21:16:51Z" end-time="2023-03-15 21:16:51Z" duration="0.000184" asserts="0">
              <properties>
                <property name="platform" value="EditMode" />
              </properties>
            </test-case>
          </test-suite>
          <test-suite type="TestFixture" id="1654" name="TestValidationSettings" fullname="Zenject.Tests.TestValidationSettings" classname="Zenject.Tests.TestValidationSettings" runstate="Runnable" testcasecount="3" result="Passed" start-time="2023-03-15 21:16:51Z" end-time="2023-03-15 21:16:51Z" duration="0.000979" total="3" passed="3" failed="0" inconclusive="0" skipped="0" asserts="0">
            <properties>
              <property name="platform" value="EditMode" />
            </properties>
            <test-case id="1656" name="TestOutsideObjectGraph1" fullname="Zenject.Tests.TestValidationSettings.TestOutsideObjectGraph1" methodname="TestOutsideObjectGraph1" classname="Zenject.Tests.TestValidationSettings" runstate="Runnable" seed="1495191289" result="Passed" start-time="2023-03-15 21:16:51Z" end-time="2023-03-15 21:16:51Z" duration="0.000193" asserts="0">
              <properties>
                <property name="platform" value="EditMode" />
              </properties>
            </test-case>
            <test-case id="1657" name="TestOutsideObjectGraph2" fullname="Zenject.Tests.TestValidationSettings.TestOutsideObjectGraph2" methodname="TestOutsideObjectGraph2" classname="Zenject.Tests.TestValidationSettings" runstate="Runnable" seed="1786977188" result="Passed" start-time="2023-03-15 21:16:51Z" end-time="2023-03-15 21:16:51Z" duration="0.000241" asserts="0">
              <properties>
                <property name="platform" value="EditMode" />
              </properties>
            </test-case>
            <test-case id="1655" name="TestValidationErrorThrows" fullname="Zenject.Tests.TestValidationSettings.TestValidationErrorThrows" methodname="TestValidationErrorThrows" classname="Zenject.Tests.TestValidationSettings" runstate="Runnable" seed="778356658" result="Passed" start-time="2023-03-15 21:16:51Z" end-time="2023-03-15 21:16:51Z" duration="0.000173" asserts="0">
              <properties>
                <property name="platform" value="EditMode" />
              </properties>
            </test-case>
          </test-suite>
        </test-suite>
      </test-suite>
    </test-suite>
  </test-suite>
</test-run>